<?xml version="1.0" encoding="UTF-8" ?>
<testsuites name="vitest tests" tests="322" failures="0" errors="0" time="25.1741834">
    <testsuite name="test/Models.test.ts" timestamp="2026-09-15T19:04:34.182Z" hostname="Jane" tests="2" failures="0" errors="0" skipped="0" time="0.0049094">
        <testcase classname="test/Models.test.ts" name="Models &gt; src/mongo/Models.ts re-exports every model class restapi exports" time="0.0026398">
        </testcase>
        <testcase classname="test/Models.test.ts" name="Models &gt; src/sql/Models.ts re-exports every model class restapi exports" time="0.0011287">
        </testcase>
    </testsuite>
    <testsuite name="test/Server.mongo.test.ts" timestamp="2026-09-15T19:04:34.190Z" hostname="Jane" tests="4" failures="0" errors="0" skipped="0" time="8.5600346">
        <testcase classname="test/Server.mongo.test.ts" name="Server Tests &gt; Can start server." time="3.925746">
            <system-out>
[DerivedLogger.emit] 2026-09-15T19:03:34.652Z [32minfo[39m: Starting server...

[DerivedLogger.emit] 2026-09-15T19:03:34.655Z [32minfo[39m: Registering class OpenApiSpec
[DerivedLogger.emit] 2026-09-15T19:03:34.655Z [34mdebug[39m: Creating new instance of class [OpenApiSpec] with name [OpenApiSpec:default]

[DerivedLogger.emit] 2026-09-15T19:03:34.657Z [32minfo[39m: Registering class ConnectionManager
[DerivedLogger.emit] 2026-09-15T19:03:34.657Z [34mdebug[39m: Creating new instance of class [ConnectionManager] with name [ConnectionManager:default]

[DerivedLogger.emit] 2026-09-15T19:03:34.658Z [32minfo[39m: Loading all service classes...

[DerivedLogger.emit] 2026-09-15T19:03:36.054Z [32minfo[39m: Registering class AcmeEnrollmentDriverJobMongo
[DerivedLogger.emit] 2026-09-15T19:03:36.054Z [32minfo[39m: Registering class AttachmentExtractionJobMongo
[DerivedLogger.emit] 2026-09-15T19:03:36.055Z [32minfo[39m: Registering class CalendarReminderJobMongo
[DerivedLogger.emit] 2026-09-15T19:03:36.055Z [32minfo[39m: Registering class DataExportJobMongo
[DerivedLogger.emit] 2026-09-15T19:03:36.055Z [32minfo[39m: Registering class DomainVerificationJobMongo
[DerivedLogger.emit] 2026-09-15T19:03:36.056Z [32minfo[39m: Registering class ErasureExecutionJobMongo
[DerivedLogger.emit] 2026-09-15T19:03:36.056Z [32minfo[39m: Registering class ExternalShareExpirationJobMongo
[DerivedLogger.emit] 2026-09-15T19:03:36.056Z [32minfo[39m: Registering class MailboxImportJobMongo
[DerivedLogger.emit] 2026-09-15T19:03:36.056Z [32minfo[39m: Registering class MailboxQuotaRecalcJobMongo
[DerivedLogger.emit] 2026-09-15T19:03:36.057Z [32minfo[39m: Registering class MatterExportJobMongo
[DerivedLogger.emit] 2026-09-15T19:03:36.057Z [32minfo[39m: Registering class MeetingSchedulingJobMongo
[DerivedLogger.emit] 2026-09-15T19:03:36.057Z [32minfo[39m: Registering class OofReplySuppressionCleanupJobMongo
[DerivedLogger.emit] 2026-09-15T19:03:36.058Z [32minfo[39m: Registering class QuarantineRetentionJobMongo
[DerivedLogger.emit] 2026-09-15T19:03:36.058Z [32minfo[39m: Registering class RetentionEnforcementJobMongo
[DerivedLogger.emit] 2026-09-15T19:03:36.058Z [32minfo[39m: Registering class ScanQueueJobMongo
[DerivedLogger.emit] 2026-09-15T19:03:36.059Z [32minfo[39m: Registering class ScheduledSendJobMongo
[DerivedLogger.emit] 2026-09-15T19:03:36.059Z [32minfo[39m: Registering class SearchIndexJobMongo
[DerivedLogger.emit] 2026-09-15T19:03:36.059Z [32minfo[39m: Registering class AttachmentMongo
[DerivedLogger.emit] 2026-09-15T19:03:36.060Z [32minfo[39m: Registering class AuditLogEntryMongo
[DerivedLogger.emit] 2026-09-15T19:03:36.060Z [32minfo[39m: Registering class BrandingMongo
[DerivedLogger.emit] 2026-09-15T19:03:36.060Z [32minfo[39m: Registering class CalendarEventMongo
[DerivedLogger.emit] 2026-09-15T19:03:36.061Z [32minfo[39m: Registering class CalendarShareLinkMongo
[DerivedLogger.emit] 2026-09-15T19:03:36.061Z [32minfo[39m: Registering class ContactListMongo
[DerivedLogger.emit] 2026-09-15T19:03:36.061Z [32minfo[39m: Registering class ContactMongo
[DerivedLogger.emit] 2026-09-15T19:03:36.061Z [32minfo[39m: Registering class DataExportRequestMongo
[DerivedLogger.emit] 2026-09-15T19:03:36.062Z [32minfo[39m: Registering class DataSubjectErasureRequestMongo
[DerivedLogger.emit] 2026-09-15T19:03:36.062Z [32minfo[39m: Registering class DistributionListMongo
[DerivedLogger.emit] 2026-09-15T19:03:36.062Z [32minfo[39m: Registering class DomainMongo
[DerivedLogger.emit] 2026-09-15T19:03:36.063Z [32minfo[39m: Registering class EncryptionPolicyMongo
[DerivedLogger.emit] 2026-09-15T19:03:36.063Z [32minfo[39m: Registering class EscrowAccessRequestMongo
[DerivedLogger.emit] 2026-09-15T19:03:36.064Z [32minfo[39m: Registering class EscrowAuditHeadMongo
[DerivedLogger.emit] 2026-09-15T19:03:36.064Z [32minfo[39m: Registering class EscrowAuditLogEntryMongo
[DerivedLogger.emit] 2026-09-15T19:03:36.064Z [32minfo[39m: Registering class EscrowScopeMongo
[DerivedLogger.emit] 2026-09-15T19:03:36.065Z [32minfo[39m: Registering class FocusedInboxOverrideMongo
[DerivedLogger.emit] 2026-09-15T19:03:36.065Z [32minfo[39m: Registering class FolderMongo
[DerivedLogger.emit] 2026-09-15T19:03:36.065Z [32minfo[39m: Registering class IngestQueueEntryMongo
[DerivedLogger.emit] 2026-09-15T19:03:36.066Z [32minfo[39m: Registering class KeyVaultMongo
[DerivedLogger.emit] 2026-09-15T19:03:36.066Z [32minfo[39m: Registering class LabelMongo
[DerivedLogger.emit] 2026-09-15T19:03:36.066Z [32minfo[39m: Registering class MailFilterRuleMongo
[DerivedLogger.emit] 2026-09-15T19:03:36.066Z [32minfo[39m: Registering class MailSignatureMongo
[DerivedLogger.emit] 2026-09-15T19:03:36.067Z [32minfo[39m: Registering class MailboxImportRequestMongo
[DerivedLogger.emit] 2026-09-15T19:03:36.067Z [32minfo[39m: Registering class MailboxMongo
[DerivedLogger.emit] 2026-09-15T19:03:36.067Z [32minfo[39m: Registering class MailboxPolicyMongo
[DerivedLogger.emit] 2026-09-15T19:03:36.068Z [32minfo[39m: Registering class MatterExportRequestMongo
[DerivedLogger.emit] 2026-09-15T19:03:36.068Z [32minfo[39m: Registering class MatterMongo
[DerivedLogger.emit] 2026-09-15T19:03:36.068Z [32minfo[39m: Registering class MessageMongo
[DerivedLogger.emit] 2026-09-15T19:03:36.069Z [32minfo[39m: Registering class NoteMongo
[DerivedLogger.emit] 2026-09-15T19:03:36.069Z [32minfo[39m: Registering class OofReplySuppressionMongo
[DerivedLogger.emit] 2026-09-15T19:03:36.069Z [32minfo[39m: Registering class PluginMongo
[DerivedLogger.emit] 2026-09-15T19:03:36.070Z [32minfo[39m: Registering class QuarantineEntryMongo
[DerivedLogger.emit] 2026-09-15T19:03:36.070Z [32minfo[39m: Registering class RetentionPolicyMongo
[DerivedLogger.emit] 2026-09-15T19:03:36.070Z [32minfo[39m: Registering class ScanResultMongo
[DerivedLogger.emit] 2026-09-15T19:03:36.071Z [32minfo[39m: Registering class SearchIndexStateMongo
[DerivedLogger.emit] 2026-09-15T19:03:36.071Z [32minfo[39m: Registering class SetupStateMongo
[DerivedLogger.emit] 2026-09-15T19:03:36.072Z [32minfo[39m: Registering class TaskListMongo
[DerivedLogger.emit] 2026-09-15T19:03:36.072Z [32minfo[39m: Registering class TaskMongo
[DerivedLogger.emit] 2026-09-15T19:03:36.072Z [32minfo[39m: Registering class TransportRuleMongo
[DerivedLogger.emit] 2026-09-15T19:03:36.073Z [32minfo[39m: Registering class routes.ACLRoute
[DerivedLogger.emit] 2026-09-15T19:03:36.073Z [32minfo[39m: Registering class routes.AdminConsoleRoute
[DerivedLogger.emit] 2026-09-15T19:03:36.073Z [32minfo[39m: Registering class routes.AdminRoute
[DerivedLogger.emit] 2026-09-15T19:03:36.074Z [32minfo[39m: Registering class routes.AttachmentRoute
[DerivedLogger.emit] 2026-09-15T19:03:36.074Z [32minfo[39m: Registering class routes.AuditLogRoute
[DerivedLogger.emit] 2026-09-15T19:03:36.074Z [32minfo[39m: Registering class routes.BrandingRoute
[DerivedLogger.emit] 2026-09-15T19:03:36.075Z [32minfo[39m: Registering class routes.CalendarEventRoute
[DerivedLogger.emit] 2026-09-15T19:03:36.075Z [32minfo[39m: Registering class routes.CalendarShareLinkRoute
[DerivedLogger.emit] 2026-09-15T19:03:36.075Z [32minfo[39m: Registering class routes.ContactListRoute
[DerivedLogger.emit] 2026-09-15T19:03:36.075Z [32minfo[39m: Registering class routes.ContactRoute
[DerivedLogger.emit] 2026-09-15T19:03:36.081Z [32minfo[39m: Registering class routes.DataExportRequestRoute
[DerivedLogger.emit] 2026-09-15T19:03:36.081Z [32minfo[39m: Registering class routes.DataSubjectErasureRequestRoute
[DerivedLogger.emit] 2026-09-15T19:03:36.082Z [32minfo[39m: Registering class routes.DistributionListRoute
[DerivedLogger.emit] 2026-09-15T19:03:36.082Z [32minfo[39m: Registering class routes.DomainRoute
[DerivedLogger.emit] 2026-09-15T19:03:36.082Z [32minfo[39m: Registering class routes.EncryptionPolicyRoute
[DerivedLogger.emit] 2026-09-15T19:03:36.083Z [32minfo[39m: Registering class routes.EscrowAccessRequestRoute
[DerivedLogger.emit] 2026-09-15T19:03:36.083Z [32minfo[39m: Registering class routes.EscrowAuditLogRoute
[DerivedLogger.emit] 2026-09-15T19:03:36.083Z [32minfo[39m: Registering class routes.EscrowConsoleRoute
[DerivedLogger.emit] 2026-09-15T19:03:36.084Z [32minfo[39m: Registering class routes.EscrowInfoRoute
[DerivedLogger.emit] 2026-09-15T19:03:36.084Z [32minfo[39m: Registering class routes.EscrowScopeRoute
[DerivedLogger.emit] 2026-09-15T19:03:36.084Z [32minfo[39m: Registering class routes.FocusedInboxOverrideRoute
[DerivedLogger.emit] 2026-09-15T19:03:36.085Z [32minfo[39m: Registering class routes.FolderRoute
[DerivedLogger.emit] 2026-09-15T19:03:36.085Z [32minfo[39m: Registering class routes.GiphySearchRoute
[DerivedLogger.emit] 2026-09-15T19:03:36.085Z [32minfo[39m: Registering class routes.IngestQueueRoute
[DerivedLogger.emit] 2026-09-15T19:03:36.086Z [32minfo[39m: Registering class routes.KeyDiscoveryRoute
[DerivedLogger.emit] 2026-09-15T19:03:36.086Z [32minfo[39m: Registering class routes.KeyLookupRoute
[DerivedLogger.emit] 2026-09-15T19:03:36.086Z [32minfo[39m: Registering class routes.KeyVaultRoute
[DerivedLogger.emit] 2026-09-15T19:03:36.086Z [32minfo[39m: Registering class routes.LabelRoute
[DerivedLogger.emit] 2026-09-15T19:03:36.087Z [32minfo[39m: Registering class routes.MailboxAccessRoute
[DerivedLogger.emit] 2026-09-15T19:03:36.087Z [32minfo[39m: Registering class routes.MailboxImportRequestRoute
[DerivedLogger.emit] 2026-09-15T19:03:36.088Z [32minfo[39m: Registering class routes.MailboxPolicyRoute
[DerivedLogger.emit] 2026-09-15T19:03:36.088Z [32minfo[39m: Registering class routes.MailboxRoute
[DerivedLogger.emit] 2026-09-15T19:03:36.089Z [32minfo[39m: Registering class routes.MailComposeRoute
[DerivedLogger.emit] 2026-09-15T19:03:36.089Z [32minfo[39m: Registering class routes.MailFilterRuleRoute
[DerivedLogger.emit] 2026-09-15T19:03:36.090Z [32minfo[39m: Registering class routes.MailIngestRoute
[DerivedLogger.emit] 2026-09-15T19:03:36.090Z [32minfo[39m: Registering class routes.MailSignatureRoute
[DerivedLogger.emit] 2026-09-15T19:03:36.090Z [32minfo[39m: Registering class routes.MatterExportRequestRoute
[DerivedLogger.emit] 2026-09-15T19:03:36.091Z [32minfo[39m: Registering class routes.MatterRoute
[DerivedLogger.emit] 2026-09-15T19:03:36.091Z [32minfo[39m: Registering class routes.MatterSearchRoute
[DerivedLogger.emit] 2026-09-15T19:03:36.091Z [32minfo[39m: Registering class routes.MessageRawContentRoute
[DerivedLogger.emit] 2026-09-15T19:03:36.092Z [32minfo[39m: Registering class routes.MessageRoute
[DerivedLogger.emit] 2026-09-15T19:03:36.092Z [32minfo[39m: Registering class routes.MetricsRoute
[DerivedLogger.emit] 2026-09-15T19:03:36.093Z [32minfo[39m: Registering class routes.NoteRoute
[DerivedLogger.emit] 2026-09-15T19:03:36.093Z [32minfo[39m: Registering class routes.OpenAPIRoute
[DerivedLogger.emit] 2026-09-15T19:03:36.094Z [32minfo[39m: Registering class routes.PluginRoute
[DerivedLogger.emit] 2026-09-15T19:03:36.094Z [32minfo[39m: Registering class routes.PublicPageRoute
[DerivedLogger.emit] 2026-09-15T19:03:36.095Z [32minfo[39m: Registering class routes.PushRoute
[DerivedLogger.emit] 2026-09-15T19:03:36.095Z [32minfo[39m: Registering class routes.QuarantineRoute
[DerivedLogger.emit] 2026-09-15T19:03:36.095Z [32minfo[39m: Registering class routes.RetentionPolicyRoute
[DerivedLogger.emit] 2026-09-15T19:03:36.096Z [32minfo[39m: Registering class routes.SearchRoute
[DerivedLogger.emit] 2026-09-15T19:03:36.096Z [32minfo[39m: Registering class routes.SetupRoute
[DerivedLogger.emit] 2026-09-15T19:03:36.097Z [32minfo[39m: Registering class routes.StatusRoute
[DerivedLogger.emit] 2026-09-15T19:03:36.097Z [32minfo[39m: Registering class routes.TaskListRoute
[DerivedLogger.emit] 2026-09-15T19:03:36.098Z [32minfo[39m: Registering class routes.TaskRoute
[DerivedLogger.emit] 2026-09-15T19:03:36.098Z [32minfo[39m: Registering class routes.TransportRuleRoute
[DerivedLogger.emit] 2026-09-15T19:03:36.099Z [32minfo[39m: Registering class routes.WwwRoute
[DerivedLogger.emit] 2026-09-15T19:03:36.099Z [32minfo[39m: Scanning for data models...
[DerivedLogger.emit] 2026-09-15T19:03:36.108Z [32minfo[39m: Initializing database connection(s)...
[ConnectionManager.emit] 2026-09-15T19:03:36.109Z [32minfo[39m: Connecting to database cache [redis://localhost]...

[ConnectionManager.emit] 2026-09-15T19:03:36.111Z [32minfo[39m: Connecting to database events [redis://localhost]...

[ConnectionManager.emit] 2026-09-15T19:03:36.111Z [32minfo[39m: Connecting to database logs [redis://localhost]...

[ConnectionManager.emit] 2026-09-15T19:03:36.112Z [32minfo[39m: Connecting to database acl [mongodb://127.0.0.1:52739/]...
[ConnectionManager.emit] 2026-09-15T19:03:36.113Z [32minfo[39m: Connecting to database mongo [mongodb://127.0.0.1:52739/]...

[ConnectionManager.emit] 2026-09-15T19:03:36.138Z [33mwarn[39m: Datastore &apos;acl&apos; is a standalone MongoDB instance and does not support multi-document transactions. @Transactional will run without a transaction for models on this datastore. Configure MongoDB as a replica set (or sharded cluster) to enable it.

[ConnectionManager.emit] 2026-09-15T19:03:36.141Z [33mwarn[39m: Datastore &apos;mongo&apos; is a standalone MongoDB instance and does not support multi-document transactions. @Transactional will run without a transaction for models on this datastore. Configure MongoDB as a replica set (or sharded cluster) to enable it.

[ConnectionManager.emit] 2026-09-15T19:03:36.151Z [34mdebug[39m: Created collection: access_control_list_mongo

[ConnectionManager.emit] 2026-09-15T19:03:36.153Z [34mdebug[39m: Created collection: attachment_mongo

[ConnectionManager.emit] 2026-09-15T19:03:36.155Z [34mdebug[39m: Creating index parentUid on collection access_control_list_mongo.

[ConnectionManager.emit] 2026-09-15T19:03:36.156Z [34mdebug[39m: Creating index attachment_extracted_text_blob_key on collection attachment_mongo.

[ConnectionManager.emit] 2026-09-15T19:03:36.159Z [34mdebug[39m: Creating index uid on collection access_control_list_mongo.

[ConnectionManager.emit] 2026-09-15T19:03:36.161Z [34mdebug[39m: Creating index attachment_blob_key on collection attachment_mongo.

[ConnectionManager.emit] 2026-09-15T19:03:36.163Z [34mdebug[39m: Creating index uid_version on collection access_control_list_mongo.

[ConnectionManager.emit] 2026-09-15T19:03:36.165Z [34mdebug[39m: Creating index attachment_mailbox on collection attachment_mongo.

[ConnectionManager.emit] 2026-09-15T19:03:36.168Z [34mdebug[39m: Creating index attachment_folder on collection attachment_mongo.

[ConnectionManager.emit] 2026-09-15T19:03:36.172Z [34mdebug[39m: Creating index attachment_message on collection attachment_mongo.

[ConnectionManager.emit] 2026-09-15T19:03:36.175Z [34mdebug[39m: Creating index uid on collection attachment_mongo.

[ConnectionManager.emit] 2026-09-15T19:03:36.178Z [34mdebug[39m: Creating index uid_version on collection attachment_mongo.

[ConnectionManager.emit] 2026-09-15T19:03:36.186Z [34mdebug[39m: Created collection: audit_log_entry_mongo

[ConnectionManager.emit] 2026-09-15T19:03:36.187Z [34mdebug[39m: Creating index audit_log_date_created on collection audit_log_entry_mongo.

[ConnectionManager.emit] 2026-09-15T19:03:36.190Z [34mdebug[39m: Creating index audit_log_action on collection audit_log_entry_mongo.

[ConnectionManager.emit] 2026-09-15T19:03:36.194Z [34mdebug[39m: Creating index audit_log_actor on collection audit_log_entry_mongo.

[ConnectionManager.emit] 2026-09-15T19:03:36.198Z [34mdebug[39m: Creating index audit_log_mailbox on collection audit_log_entry_mongo.

[ConnectionManager.emit] 2026-09-15T19:03:36.201Z [34mdebug[39m: Creating index uid on collection audit_log_entry_mongo.

[ConnectionManager.emit] 2026-09-15T19:03:36.205Z [34mdebug[39m: Creating index uid_version on collection audit_log_entry_mongo.

[ConnectionManager.emit] 2026-09-15T19:03:36.213Z [34mdebug[39m: Created collection: branding_mongo

[ConnectionManager.emit] 2026-09-15T19:03:36.214Z [34mdebug[39m: Creating index uid on collection branding_mongo.

[ConnectionManager.emit] 2026-09-15T19:03:36.217Z [34mdebug[39m: Creating index uid_version on collection branding_mongo.

[ConnectionManager.emit] 2026-09-15T19:03:36.233Z [34mdebug[39m: Created collection: calendar_event_mongo

[ConnectionManager.emit] 2026-09-15T19:03:36.235Z [34mdebug[39m: Creating index calevent_cancel_notice_sent_at on collection calendar_event_mongo.

[ConnectionManager.emit] 2026-09-15T19:03:36.238Z [34mdebug[39m: Creating index calevent_status on collection calendar_event_mongo.

[ConnectionManager.emit] 2026-09-15T19:03:36.247Z [34mdebug[39m: Creating index calevent_start_date on collection calendar_event_mongo.

[ConnectionManager.emit] 2026-09-15T19:03:36.251Z [34mdebug[39m: Creating index calevent_mailbox_modified on collection calendar_event_mongo.

[ConnectionManager.emit] 2026-09-15T19:03:36.254Z [34mdebug[39m: Creating index calevent_folder_modified on collection calendar_event_mongo.

[ConnectionManager.emit] 2026-09-15T19:03:36.257Z [34mdebug[39m: Creating index calevent_mailbox on collection calendar_event_mongo.

[ConnectionManager.emit] 2026-09-15T19:03:36.260Z [34mdebug[39m: Creating index calevent_ical_uid on collection calendar_event_mongo.

[ConnectionManager.emit] 2026-09-15T19:03:36.268Z [34mdebug[39m: Creating index calevent_folder on collection calendar_event_mongo.

[ConnectionManager.emit] 2026-09-15T19:03:36.271Z [34mdebug[39m: Creating index uid on collection calendar_event_mongo.

[ConnectionManager.emit] 2026-09-15T19:03:36.274Z [34mdebug[39m: Creating index uid_version on collection calendar_event_mongo.

[ConnectionManager.emit] 2026-09-15T19:03:36.281Z [34mdebug[39m: Created collection: calendar_share_link_mongo

[ConnectionManager.emit] 2026-09-15T19:03:36.282Z [34mdebug[39m: Creating index calsharelink_expires_at on collection calendar_share_link_mongo.

[ConnectionManager.emit] 2026-09-15T19:03:36.285Z [34mdebug[39m: Creating index calsharelink_folder on collection calendar_share_link_mongo.

[ConnectionManager.emit] 2026-09-15T19:03:36.288Z [34mdebug[39m: Creating index calsharelink_token on collection calendar_share_link_mongo.

[ConnectionManager.emit] 2026-09-15T19:03:36.294Z [34mdebug[39m: Creating index uid on collection calendar_share_link_mongo.

[ConnectionManager.emit] 2026-09-15T19:03:36.297Z [34mdebug[39m: Creating index uid_version on collection calendar_share_link_mongo.

[ConnectionManager.emit] 2026-09-15T19:03:36.305Z [34mdebug[39m: Created collection: contact_list_mongo

[ConnectionManager.emit] 2026-09-15T19:03:36.306Z [34mdebug[39m: Creating index contactlist_mailbox on collection contact_list_mongo.

[ConnectionManager.emit] 2026-09-15T19:03:36.309Z [34mdebug[39m: Creating index uid on collection contact_list_mongo.

[ConnectionManager.emit] 2026-09-15T19:03:36.315Z [34mdebug[39m: Creating index uid_version on collection contact_list_mongo.

[ConnectionManager.emit] 2026-09-15T19:03:36.323Z [34mdebug[39m: Created collection: contact_mongo

[ConnectionManager.emit] 2026-09-15T19:03:36.324Z [34mdebug[39m: Creating index contact_mailbox_modified on collection contact_mongo.

[ConnectionManager.emit] 2026-09-15T19:03:36.335Z [34mdebug[39m: Creating index contact_folder_modified on collection contact_mongo.

[ConnectionManager.emit] 2026-09-15T19:03:36.339Z [34mdebug[39m: Creating index contact_folder on collection contact_mongo.

[ConnectionManager.emit] 2026-09-15T19:03:36.342Z [34mdebug[39m: Creating index contact_mailbox on collection contact_mongo.

[ConnectionManager.emit] 2026-09-15T19:03:36.344Z [34mdebug[39m: Creating index uid on collection contact_mongo.

[ConnectionManager.emit] 2026-09-15T19:03:36.350Z [34mdebug[39m: Creating index uid_version on collection contact_mongo.

[ConnectionManager.emit] 2026-09-15T19:03:36.360Z [34mdebug[39m: Created collection: data_export_request_mongo

[ConnectionManager.emit] 2026-09-15T19:03:36.361Z [34mdebug[39m: Creating index data_export_request_status on collection data_export_request_mongo.

[ConnectionManager.emit] 2026-09-15T19:03:36.364Z [34mdebug[39m: Creating index data_export_request_mailbox on collection data_export_request_mongo.

[ConnectionManager.emit] 2026-09-15T19:03:36.367Z [34mdebug[39m: Creating index uid on collection data_export_request_mongo.

[ConnectionManager.emit] 2026-09-15T19:03:36.370Z [34mdebug[39m: Creating index uid_version on collection data_export_request_mongo.

[ConnectionManager.emit] 2026-09-15T19:03:36.377Z [34mdebug[39m: Created collection: data_subject_erasure_request_mongo

[ConnectionManager.emit] 2026-09-15T19:03:36.378Z [34mdebug[39m: Creating index data_subject_erasure_request_status on collection data_subject_erasure_request_mongo.

[ConnectionManager.emit] 2026-09-15T19:03:36.384Z [34mdebug[39m: Creating index data_subject_erasure_request_mailbox on collection data_subject_erasure_request_mongo.

[ConnectionManager.emit] 2026-09-15T19:03:36.388Z [34mdebug[39m: Creating index uid on collection data_subject_erasure_request_mongo.

[ConnectionManager.emit] 2026-09-15T19:03:36.391Z [34mdebug[39m: Creating index uid_version on collection data_subject_erasure_request_mongo.

[ConnectionManager.emit] 2026-09-15T19:03:36.399Z [34mdebug[39m: Created collection: distribution_list_mongo

[ConnectionManager.emit] 2026-09-15T19:03:36.400Z [34mdebug[39m: Creating index distributionlist_primary_smtp on collection distribution_list_mongo.

[ConnectionManager.emit] 2026-09-15T19:03:36.409Z [34mdebug[39m: Creating index uid on collection distribution_list_mongo.

[ConnectionManager.emit] 2026-09-15T19:03:36.415Z [34mdebug[39m: Creating index uid_version on collection distribution_list_mongo.

[ConnectionManager.emit] 2026-09-15T19:03:36.423Z [34mdebug[39m: Created collection: domain_mongo

[ConnectionManager.emit] 2026-09-15T19:03:36.424Z [34mdebug[39m: Creating index uid on collection domain_mongo.

[ConnectionManager.emit] 2026-09-15T19:03:36.428Z [34mdebug[39m: Creating index uid_version on collection domain_mongo.

[ConnectionManager.emit] 2026-09-15T19:03:36.442Z [34mdebug[39m: Created collection: encryption_policy_mongo

[ConnectionManager.emit] 2026-09-15T19:03:36.443Z [34mdebug[39m: Creating index uid on collection encryption_policy_mongo.

[ConnectionManager.emit] 2026-09-15T19:03:36.446Z [34mdebug[39m: Creating index uid_version on collection encryption_policy_mongo.

[ConnectionManager.emit] 2026-09-15T19:03:36.453Z [34mdebug[39m: Created collection: escrow_access_request_mongo

[ConnectionManager.emit] 2026-09-15T19:03:36.454Z [34mdebug[39m: Creating index escrow_access_request_status on collection escrow_access_request_mongo.

[ConnectionManager.emit] 2026-09-15T19:03:36.458Z [34mdebug[39m: Creating index escrow_access_request_matter on collection escrow_access_request_mongo.

[ConnectionManager.emit] 2026-09-15T19:03:36.461Z [34mdebug[39m: Creating index uid on collection escrow_access_request_mongo.

[ConnectionManager.emit] 2026-09-15T19:03:36.464Z [34mdebug[39m: Creating index uid_version on collection escrow_access_request_mongo.

[ConnectionManager.emit] 2026-09-15T19:03:36.472Z [34mdebug[39m: Created collection: escrow_audit_head_mongo

[ConnectionManager.emit] 2026-09-15T19:03:36.473Z [34mdebug[39m: Creating index escrow_audit_head_chain on collection escrow_audit_head_mongo.

[ConnectionManager.emit] 2026-09-15T19:03:36.476Z [34mdebug[39m: Creating index uid on collection escrow_audit_head_mongo.

[ConnectionManager.emit] 2026-09-15T19:03:36.479Z [34mdebug[39m: Creating index uid_version on collection escrow_audit_head_mongo.

[ConnectionManager.emit] 2026-09-15T19:03:36.487Z [34mdebug[39m: Created collection: escrow_audit_log_entry_mongo

[ConnectionManager.emit] 2026-09-15T19:03:36.488Z [34mdebug[39m: Creating index escrow_audit_matter on collection escrow_audit_log_entry_mongo.

[ConnectionManager.emit] 2026-09-15T19:03:36.490Z [34mdebug[39m: Creating index escrow_audit_sequence on collection escrow_audit_log_entry_mongo.

[ConnectionManager.emit] 2026-09-15T19:03:36.493Z [34mdebug[39m: Creating index uid on collection escrow_audit_log_entry_mongo.

[ConnectionManager.emit] 2026-09-15T19:03:36.496Z [34mdebug[39m: Creating index uid_version on collection escrow_audit_log_entry_mongo.

[ConnectionManager.emit] 2026-09-15T19:03:36.503Z [34mdebug[39m: Created collection: escrow_scope_mongo

[ConnectionManager.emit] 2026-09-15T19:03:36.504Z [34mdebug[39m: Creating index uid on collection escrow_scope_mongo.

[ConnectionManager.emit] 2026-09-15T19:03:36.507Z [34mdebug[39m: Creating index uid_version on collection escrow_scope_mongo.

[ConnectionManager.emit] 2026-09-15T19:03:36.514Z [34mdebug[39m: Created collection: focused_inbox_override_mongo

[ConnectionManager.emit] 2026-09-15T19:03:36.515Z [34mdebug[39m: Creating index focusedinboxoverride_mailbox on collection focused_inbox_override_mongo.

[ConnectionManager.emit] 2026-09-15T19:03:36.518Z [34mdebug[39m: Creating index uid on collection focused_inbox_override_mongo.

[ConnectionManager.emit] 2026-09-15T19:03:36.521Z [34mdebug[39m: Creating index uid_version on collection focused_inbox_override_mongo.

[ConnectionManager.emit] 2026-09-15T19:03:36.529Z [34mdebug[39m: Created collection: folder_mongo

[ConnectionManager.emit] 2026-09-15T19:03:36.530Z [34mdebug[39m: Creating index folder_mailbox_type on collection folder_mongo.

[ConnectionManager.emit] 2026-09-15T19:03:36.533Z [34mdebug[39m: Creating index folder_parent on collection folder_mongo.

[ConnectionManager.emit] 2026-09-15T19:03:36.536Z [34mdebug[39m: Creating index folder_mailbox on collection folder_mongo.

[ConnectionManager.emit] 2026-09-15T19:03:36.539Z [34mdebug[39m: Creating index uid on collection folder_mongo.

[ConnectionManager.emit] 2026-09-15T19:03:36.542Z [34mdebug[39m: Creating index uid_version on collection folder_mongo.

[ConnectionManager.emit] 2026-09-15T19:03:36.549Z [34mdebug[39m: Created collection: ingest_queue_entry_mongo

[ConnectionManager.emit] 2026-09-15T19:03:36.550Z [34mdebug[39m: Creating index ingestqueue_raw_blob_key on collection ingest_queue_entry_mongo.

[ConnectionManager.emit] 2026-09-15T19:03:36.553Z [34mdebug[39m: Creating index ingestqueue_mailbox on collection ingest_queue_entry_mongo.

[ConnectionManager.emit] 2026-09-15T19:03:36.556Z [34mdebug[39m: Creating index ingestqueue_status on collection ingest_queue_entry_mongo.

[ConnectionManager.emit] 2026-09-15T19:03:36.559Z [34mdebug[39m: Creating index uid on collection ingest_queue_entry_mongo.

[ConnectionManager.emit] 2026-09-15T19:03:36.562Z [34mdebug[39m: Creating index uid_version on collection ingest_queue_entry_mongo.

[ConnectionManager.emit] 2026-09-15T19:03:36.570Z [34mdebug[39m: Created collection: key_vault_mongo

[ConnectionManager.emit] 2026-09-15T19:03:36.579Z [34mdebug[39m: Creating index keyvault_mailbox on collection key_vault_mongo.

[ConnectionManager.emit] 2026-09-15T19:03:36.584Z [34mdebug[39m: Creating index uid on collection key_vault_mongo.

[ConnectionManager.emit] 2026-09-15T19:03:36.594Z [34mdebug[39m: Creating index uid_version on collection key_vault_mongo.

[ConnectionManager.emit] 2026-09-15T19:03:36.603Z [34mdebug[39m: Created collection: label_mongo

[ConnectionManager.emit] 2026-09-15T19:03:36.603Z [34mdebug[39m: Creating index label_mailbox on collection label_mongo.

[ConnectionManager.emit] 2026-09-15T19:03:36.607Z [34mdebug[39m: Creating index uid on collection label_mongo.

[ConnectionManager.emit] 2026-09-15T19:03:36.611Z [34mdebug[39m: Creating index uid_version on collection label_mongo.

[ConnectionManager.emit] 2026-09-15T19:03:36.620Z [34mdebug[39m: Created collection: mail_filter_rule_mongo

[ConnectionManager.emit] 2026-09-15T19:03:36.621Z [34mdebug[39m: Creating index mailfilterrule_mailbox on collection mail_filter_rule_mongo.

[ConnectionManager.emit] 2026-09-15T19:03:36.624Z [34mdebug[39m: Creating index uid on collection mail_filter_rule_mongo.

[ConnectionManager.emit] 2026-09-15T19:03:36.627Z [34mdebug[39m: Creating index uid_version on collection mail_filter_rule_mongo.

[ConnectionManager.emit] 2026-09-15T19:03:36.641Z [34mdebug[39m: Created collection: mail_signature_mongo

[ConnectionManager.emit] 2026-09-15T19:03:36.643Z [34mdebug[39m: Creating index mailsignature_mailbox on collection mail_signature_mongo.

[ConnectionManager.emit] 2026-09-15T19:03:36.646Z [34mdebug[39m: Creating index uid on collection mail_signature_mongo.

[ConnectionManager.emit] 2026-09-15T19:03:36.649Z [34mdebug[39m: Creating index uid_version on collection mail_signature_mongo.

[ConnectionManager.emit] 2026-09-15T19:03:36.659Z [34mdebug[39m: Created collection: mailbox_import_request_mongo

[ConnectionManager.emit] 2026-09-15T19:03:36.660Z [34mdebug[39m: Creating index mailbox_import_request_status on collection mailbox_import_request_mongo.

[ConnectionManager.emit] 2026-09-15T19:03:36.663Z [34mdebug[39m: Creating index mailbox_import_request_mailbox on collection mailbox_import_request_mongo.

[ConnectionManager.emit] 2026-09-15T19:03:36.666Z [34mdebug[39m: Creating index uid on collection mailbox_import_request_mongo.

[ConnectionManager.emit] 2026-09-15T19:03:36.669Z [34mdebug[39m: Creating index uid_version on collection mailbox_import_request_mongo.

[ConnectionManager.emit] 2026-09-15T19:03:36.676Z [34mdebug[39m: Created collection: mailbox_mongo

[ConnectionManager.emit] 2026-09-15T19:03:36.677Z [34mdebug[39m: Creating index mailbox_key_discovery_hash on collection mailbox_mongo.

[ConnectionManager.emit] 2026-09-15T19:03:36.680Z [34mdebug[39m: Creating index mailbox_primary_smtp on collection mailbox_mongo.

[ConnectionManager.emit] 2026-09-15T19:03:36.683Z [34mdebug[39m: Creating index mailbox_owner on collection mailbox_mongo.

[ConnectionManager.emit] 2026-09-15T19:03:36.686Z [34mdebug[39m: Creating index uid on collection mailbox_mongo.

[ConnectionManager.emit] 2026-09-15T19:03:36.689Z [34mdebug[39m: Creating index uid_version on collection mailbox_mongo.

[ConnectionManager.emit] 2026-09-15T19:03:36.698Z [34mdebug[39m: Created collection: mailbox_policy_mongo

[ConnectionManager.emit] 2026-09-15T19:03:36.699Z [34mdebug[39m: Creating index uid on collection mailbox_policy_mongo.

[ConnectionManager.emit] 2026-09-15T19:03:36.703Z [34mdebug[39m: Creating index uid_version on collection mailbox_policy_mongo.

[ConnectionManager.emit] 2026-09-15T19:03:36.714Z [34mdebug[39m: Created collection: matter_export_request_mongo

[ConnectionManager.emit] 2026-09-15T19:03:36.715Z [34mdebug[39m: Creating index matter_export_request_status on collection matter_export_request_mongo.

[ConnectionManager.emit] 2026-09-15T19:03:36.718Z [34mdebug[39m: Creating index matter_export_request_matter on collection matter_export_request_mongo.

[ConnectionManager.emit] 2026-09-15T19:03:36.721Z [34mdebug[39m: Creating index uid on collection matter_export_request_mongo.

[ConnectionManager.emit] 2026-09-15T19:03:36.724Z [34mdebug[39m: Creating index uid_version on collection matter_export_request_mongo.

[ConnectionManager.emit] 2026-09-15T19:03:36.731Z [34mdebug[39m: Created collection: matter_mongo

[ConnectionManager.emit] 2026-09-15T19:03:36.732Z [34mdebug[39m: Creating index uid on collection matter_mongo.

[ConnectionManager.emit] 2026-09-15T19:03:36.735Z [34mdebug[39m: Creating index uid_version on collection matter_mongo.

[ConnectionManager.emit] 2026-09-15T19:03:36.742Z [34mdebug[39m: Created collection: message_mongo

[ConnectionManager.emit] 2026-09-15T19:03:36.743Z [34mdebug[39m: Creating index message_sanitized_html_blob_key on collection message_mongo.

[ConnectionManager.emit] 2026-09-15T19:03:36.746Z [34mdebug[39m: Creating index message_body_blob_key on collection message_mongo.

[ConnectionManager.emit] 2026-09-15T19:03:36.749Z [34mdebug[39m: Creating index message_search_indexed_at on collection message_mongo.

[ConnectionManager.emit] 2026-09-15T19:03:36.752Z [34mdebug[39m: Creating index message_scheduled_send_time on collection message_mongo.

[ConnectionManager.emit] 2026-09-15T19:03:36.755Z [34mdebug[39m: Creating index message_sent_date on collection message_mongo.

[ConnectionManager.emit] 2026-09-15T19:03:36.759Z [34mdebug[39m: Creating index message_id on collection message_mongo.

[ConnectionManager.emit] 2026-09-15T19:03:36.762Z [34mdebug[39m: Creating index message_mailbox_modified on collection message_mongo.

[ConnectionManager.emit] 2026-09-15T19:03:36.766Z [34mdebug[39m: Creating index message_folder_modified on collection message_mongo.

[ConnectionManager.emit] 2026-09-15T19:03:36.770Z [34mdebug[39m: Creating index message_mailbox_conversation on collection message_mongo.

[ConnectionManager.emit] 2026-09-15T19:03:36.774Z [34mdebug[39m: Creating index message_mailbox on collection message_mongo.

[ConnectionManager.emit] 2026-09-15T19:03:36.778Z [34mdebug[39m: Creating index message_folder on collection message_mongo.

[ConnectionManager.emit] 2026-09-15T19:03:36.781Z [34mdebug[39m: Creating index uid on collection message_mongo.

[ConnectionManager.emit] 2026-09-15T19:03:36.784Z [34mdebug[39m: Creating index uid_version on collection message_mongo.

[ConnectionManager.emit] 2026-09-15T19:03:36.794Z [34mdebug[39m: Created collection: note_mongo

[ConnectionManager.emit] 2026-09-15T19:03:36.794Z [34mdebug[39m: Creating index note_mailbox on collection note_mongo.

[ConnectionManager.emit] 2026-09-15T19:03:36.798Z [34mdebug[39m: Creating index note_folder on collection note_mongo.

[ConnectionManager.emit] 2026-09-15T19:03:36.801Z [34mdebug[39m: Creating index uid on collection note_mongo.

[ConnectionManager.emit] 2026-09-15T19:03:36.806Z [34mdebug[39m: Creating index uid_version on collection note_mongo.

[ConnectionManager.emit] 2026-09-15T19:03:36.813Z [34mdebug[39m: Created collection: oof_reply_suppression_mongo

[ConnectionManager.emit] 2026-09-15T19:03:36.814Z [34mdebug[39m: Creating index oofreplysuppression_last_replied_at on collection oof_reply_suppression_mongo.

[ConnectionManager.emit] 2026-09-15T19:03:36.817Z [34mdebug[39m: Creating index oofreplysuppression_mailbox_sender on collection oof_reply_suppression_mongo.

[ConnectionManager.emit] 2026-09-15T19:03:36.820Z [34mdebug[39m: Creating index uid on collection oof_reply_suppression_mongo.

[ConnectionManager.emit] 2026-09-15T19:03:36.823Z [34mdebug[39m: Creating index uid_version on collection oof_reply_suppression_mongo.

[ConnectionManager.emit] 2026-09-15T19:03:36.830Z [34mdebug[39m: Created collection: plugin_mongo

[ConnectionManager.emit] 2026-09-15T19:03:36.831Z [34mdebug[39m: Creating index plugin_name on collection plugin_mongo.

[ConnectionManager.emit] 2026-09-15T19:03:36.835Z [34mdebug[39m: Creating index uid on collection plugin_mongo.

[ConnectionManager.emit] 2026-09-15T19:03:36.838Z [34mdebug[39m: Creating index uid_version on collection plugin_mongo.

[ConnectionManager.emit] 2026-09-15T19:03:36.846Z [34mdebug[39m: Created collection: quarantine_entry_mongo

[ConnectionManager.emit] 2026-09-15T19:03:36.847Z [34mdebug[39m: Creating index quarantine_raw_blob_key on collection quarantine_entry_mongo.

[ConnectionManager.emit] 2026-09-15T19:03:36.850Z [34mdebug[39m: Creating index quarantine_date_created on collection quarantine_entry_mongo.

[ConnectionManager.emit] 2026-09-15T19:03:36.853Z [34mdebug[39m: Creating index quarantine_mailbox on collection quarantine_entry_mongo.

[ConnectionManager.emit] 2026-09-15T19:03:36.855Z [34mdebug[39m: Creating index uid on collection quarantine_entry_mongo.

[ConnectionManager.emit] 2026-09-15T19:03:36.858Z [34mdebug[39m: Creating index uid_version on collection quarantine_entry_mongo.

[ConnectionManager.emit] 2026-09-15T19:03:36.865Z [34mdebug[39m: Created collection: retention_policy_mongo

[ConnectionManager.emit] 2026-09-15T19:03:36.866Z [34mdebug[39m: Creating index uid on collection retention_policy_mongo.

[ConnectionManager.emit] 2026-09-15T19:03:36.869Z [34mdebug[39m: Creating index uid_version on collection retention_policy_mongo.

[ConnectionManager.emit] 2026-09-15T19:03:36.876Z [34mdebug[39m: Created collection: scan_result_mongo

[ConnectionManager.emit] 2026-09-15T19:03:36.877Z [34mdebug[39m: Creating index scanresult_target on collection scan_result_mongo.

[ConnectionManager.emit] 2026-09-15T19:03:36.883Z [34mdebug[39m: Creating index uid on collection scan_result_mongo.

[ConnectionManager.emit] 2026-09-15T19:03:36.886Z [34mdebug[39m: Creating index uid_version on collection scan_result_mongo.

[ConnectionManager.emit] 2026-09-15T19:03:36.893Z [34mdebug[39m: Created collection: search_index_state_mongo

[ConnectionManager.emit] 2026-09-15T19:03:36.900Z [34mdebug[39m: Creating index searchindexstate_entity on collection search_index_state_mongo.

[ConnectionManager.emit] 2026-09-15T19:03:36.903Z [34mdebug[39m: Creating index uid on collection search_index_state_mongo.

[ConnectionManager.emit] 2026-09-15T19:03:36.907Z [34mdebug[39m: Creating index uid_version on collection search_index_state_mongo.

[ConnectionManager.emit] 2026-09-15T19:03:36.915Z [34mdebug[39m: Created collection: setup_state_mongo

[ConnectionManager.emit] 2026-09-15T19:03:36.916Z [34mdebug[39m: Creating index uid on collection setup_state_mongo.

[ConnectionManager.emit] 2026-09-15T19:03:36.918Z [34mdebug[39m: Creating index uid_version on collection setup_state_mongo.

[ConnectionManager.emit] 2026-09-15T19:03:36.925Z [34mdebug[39m: Created collection: task_list_mongo

[ConnectionManager.emit] 2026-09-15T19:03:36.926Z [34mdebug[39m: Creating index tasklist_mailbox on collection task_list_mongo.

[ConnectionManager.emit] 2026-09-15T19:03:36.929Z [34mdebug[39m: Creating index uid on collection task_list_mongo.

[ConnectionManager.emit] 2026-09-15T19:03:36.932Z [34mdebug[39m: Creating index uid_version on collection task_list_mongo.

[ConnectionManager.emit] 2026-09-15T19:03:36.939Z [34mdebug[39m: Created collection: task_mongo

[ConnectionManager.emit] 2026-09-15T19:03:36.941Z [34mdebug[39m: Creating index task_mailbox_modified on collection task_mongo.

[ConnectionManager.emit] 2026-09-15T19:03:36.944Z [34mdebug[39m: Creating index task_folder_modified on collection task_mongo.

[ConnectionManager.emit] 2026-09-15T19:03:36.947Z [34mdebug[39m: Creating index task_mailbox on collection task_mongo.

[ConnectionManager.emit] 2026-09-15T19:03:36.951Z [34mdebug[39m: Creating index task_folder on collection task_mongo.

[ConnectionManager.emit] 2026-09-15T19:03:36.954Z [34mdebug[39m: Creating index uid on collection task_mongo.

[ConnectionManager.emit] 2026-09-15T19:03:36.957Z [34mdebug[39m: Creating index uid_version on collection task_mongo.

[ConnectionManager.emit] 2026-09-15T19:03:36.966Z [34mdebug[39m: Created collection: transport_rule_mongo

[ConnectionManager.emit] 2026-09-15T19:03:36.967Z [34mdebug[39m: Creating index uid on collection transport_rule_mongo.

[ConnectionManager.emit] 2026-09-15T19:03:36.970Z [34mdebug[39m: Creating index uid_version on collection transport_rule_mongo.

[ConnectionManager.emit] 2026-09-15T19:03:36.973Z [32minfo[39m: Successfully connected to all configured databases.

[DerivedLogger.emit] 2026-09-15T19:03:36.973Z [32minfo[39m: Registering class ACLUtils
[DerivedLogger.emit] 2026-09-15T19:03:36.974Z [34mdebug[39m: Creating new instance of class [ACLUtils] with name [ACLUtils:default]
[DerivedLogger.emit] 2026-09-15T19:03:36.975Z [32minfo[39m: Registering class RedisCache
[DerivedLogger.emit] 2026-09-15T19:03:36.977Z [34mdebug[39m: Creating new instance of class [RedisCache] with name [RedisCache:AccessControlListMongo]

[ACLUtils.emit] 2026-09-15T19:03:36.978Z [32minfo[39m: RBAC system is enabled and ready.

[DerivedLogger.emit] 2026-09-15T19:03:36.992Z [32minfo[39m: Registering class RouteUtils
[DerivedLogger.emit] 2026-09-15T19:03:36.993Z [34mdebug[39m: Creating new instance of class [RouteUtils] with name [RouteUtils:default]
[DerivedLogger.emit] 2026-09-15T19:03:36.993Z [32minfo[39m: Registering class AuthMiddleware
[DerivedLogger.emit] 2026-09-15T19:03:36.994Z [34mdebug[39m: Creating new instance of class [AuthMiddleware] with name [AuthMiddleware:default]
[DerivedLogger.emit] 2026-09-15T19:03:36.994Z [32minfo[39m: Registering class auth.JWTStrategy
[DerivedLogger.emit] 2026-09-15T19:03:36.995Z [34mdebug[39m: Creating new instance of class [auth.JWTStrategy] with name [auth.JWTStrategy:bcf6da59-4948-48ec-a4c3-91d4e2d1676b]
[DerivedLogger.emit] 2026-09-15T19:03:36.996Z [34mdebug[39m: Creating new instance of class [RateLimiter] with name [RateLimiter:default]
[DerivedLogger.emit] 2026-09-15T19:03:36.997Z [32minfo[39m: Registering class MemoryStore
[DerivedLogger.emit] 2026-09-15T19:03:36.997Z [34mdebug[39m: Creating new instance of class [MemoryStore] with name [MemoryStore:default]

[DerivedLogger.emit] 2026-09-15T19:03:36.998Z [32minfo[39m: Starting background services...
[DerivedLogger.emit] 2026-09-15T19:03:36.999Z [32minfo[39m: Registering class BackgroundServiceManager
[DerivedLogger.emit] 2026-09-15T19:03:36.999Z [34mdebug[39m: Creating new instance of class [BackgroundServiceManager] with name [BackgroundServiceManager:default]

[BackgroundServiceManager.emit] 2026-09-15T19:03:37.000Z [32minfo[39m: Starting service AcmeEnrollmentDriverJobMongo...
[DerivedLogger.emit] 2026-09-15T19:03:37.000Z [34mdebug[39m: Creating new instance of class [AcmeEnrollmentDriverJobMongo] with name [AcmeEnrollmentDriverJobMongo:AcmeEnrollmentDriverJobMongo]
[DerivedLogger.emit] 2026-09-15T19:03:37.001Z [32minfo[39m: Unable to register class undefined for SigningCertificateEnrollment/undefined
[DerivedLogger.emit] 2026-09-15T19:03:37.001Z [34mdebug[39m: Creating new instance of class [SigningCertificateEnrollment] with name [SigningCertificateEnrollment:default]
[DerivedLogger.emit] 2026-09-15T19:03:37.002Z [32minfo[39m: Registering class RepoUtils
[DerivedLogger.emit] 2026-09-15T19:03:37.003Z [34mdebug[39m: Creating new instance of class [RepoUtils] with name [RepoUtils:MailboxMongo]
[DerivedLogger.emit] 2026-09-15T19:03:37.004Z [32minfo[39m: Unable to register class undefined for ACLUtils/undefined
[DerivedLogger.emit] 2026-09-15T19:03:37.005Z [32minfo[39m: Registering class NotificationUtils
[DerivedLogger.emit] 2026-09-15T19:03:37.005Z [34mdebug[39m: Creating new instance of class [NotificationUtils] with name [NotificationUtils:default]

[DerivedLogger.emit] 2026-09-15T19:03:37.012Z [34mdebug[39m: Creating new instance of class [RepoUtils] with name [RepoUtils:KeyVaultMongo]
[DerivedLogger.emit] 2026-09-15T19:03:37.012Z [32minfo[39m: Unable to register class undefined for ACLUtils/undefined

[BackgroundServiceManager.emit] 2026-09-15T19:03:37.037Z [32minfo[39m: Starting service AttachmentExtractionJobMongo...
[DerivedLogger.emit] 2026-09-15T19:03:37.038Z [34mdebug[39m: Creating new instance of class [AttachmentExtractionJobMongo] with name [AttachmentExtractionJobMongo:AttachmentExtractionJobMongo]
[DerivedLogger.emit] 2026-09-15T19:03:37.039Z [32minfo[39m: Unable to register class undefined for BlobStore/undefined
[DerivedLogger.emit] 2026-09-15T19:03:37.039Z [34mdebug[39m: Creating new instance of class [BlobStore] with name [BlobStore:default]
[DerivedLogger.emit] 2026-09-15T19:03:37.040Z [34mdebug[39m: Creating new instance of class [RepoUtils] with name [RepoUtils:AttachmentMongo]
[DerivedLogger.emit] 2026-09-15T19:03:37.040Z [32minfo[39m: Unable to register class undefined for ACLUtils/undefined

[DerivedLogger.emit] 2026-09-15T19:03:37.044Z [32minfo[39m: Registering class RecoverableRepoUtils
[DerivedLogger.emit] 2026-09-15T19:03:37.044Z [34mdebug[39m: Creating new instance of class [RecoverableRepoUtils] with name [RecoverableRepoUtils:MessageMongo]
[DerivedLogger.emit] 2026-09-15T19:03:37.045Z [32minfo[39m: Unable to register class undefined for ACLUtils/undefined

[BackgroundServiceManager.emit] 2026-09-15T19:03:37.048Z [32minfo[39m: Starting service CalendarReminderJobMongo...
[DerivedLogger.emit] 2026-09-15T19:03:37.049Z [34mdebug[39m: Creating new instance of class [CalendarReminderJobMongo] with name [CalendarReminderJobMongo:CalendarReminderJobMongo]
[DerivedLogger.emit] 2026-09-15T19:03:37.049Z [34mdebug[39m: Creating new instance of class [RecoverableRepoUtils] with name [RecoverableRepoUtils:CalendarEventMongo]
[DerivedLogger.emit] 2026-09-15T19:03:37.051Z [32minfo[39m: Unable to register class undefined for ACLUtils/undefined

[BackgroundServiceManager.emit] 2026-09-15T19:03:37.056Z [32minfo[39m: Starting service DataExportJobMongo...
[DerivedLogger.emit] 2026-09-15T19:03:37.056Z [34mdebug[39m: Creating new instance of class [DataExportJobMongo] with name [DataExportJobMongo:DataExportJobMongo]
[DerivedLogger.emit] 2026-09-15T19:03:37.057Z [32minfo[39m: Unable to register class undefined for BlobStore/undefined
[DerivedLogger.emit] 2026-09-15T19:03:37.058Z [34mdebug[39m: Creating new instance of class [RepoUtils] with name [RepoUtils:DataExportRequestMongo]
[DerivedLogger.emit] 2026-09-15T19:03:37.059Z [32minfo[39m: Unable to register class undefined for ACLUtils/undefined

[BackgroundServiceManager.emit] 2026-09-15T19:03:37.064Z [32minfo[39m: Starting service DomainVerificationJobMongo...
[DerivedLogger.emit] 2026-09-15T19:03:37.064Z [34mdebug[39m: Creating new instance of class [DomainVerificationJobMongo] with name [DomainVerificationJobMongo:DomainVerificationJobMongo]
[DerivedLogger.emit] 2026-09-15T19:03:37.065Z [32minfo[39m: Unable to register class undefined for DnsResolver/undefined
[DerivedLogger.emit] 2026-09-15T19:03:37.065Z [34mdebug[39m: Creating new instance of class [DnsResolver] with name [DnsResolver:default]
[DerivedLogger.emit] 2026-09-15T19:03:37.066Z [34mdebug[39m: Creating new instance of class [RepoUtils] with name [RepoUtils:DomainMongo]
[DerivedLogger.emit] 2026-09-15T19:03:37.066Z [32minfo[39m: Unable to register class undefined for ACLUtils/undefined

[BackgroundServiceManager.emit] 2026-09-15T19:03:37.070Z [32minfo[39m: Starting service ErasureExecutionJobMongo...
[DerivedLogger.emit] 2026-09-15T19:03:37.071Z [34mdebug[39m: Creating new instance of class [ErasureExecutionJobMongo] with name [ErasureExecutionJobMongo:ErasureExecutionJobMongo]
[DerivedLogger.emit] 2026-09-15T19:03:37.071Z [32minfo[39m: Unable to register class undefined for BlobStore/undefined
[DerivedLogger.emit] 2026-09-15T19:03:37.072Z [32minfo[39m: Unable to register class undefined for SearchProvider/undefined
[DerivedLogger.emit] 2026-09-15T19:03:37.072Z [34mdebug[39m: Creating new instance of class [SearchProvider] with name [SearchProvider:default]
[DerivedLogger.emit] 2026-09-15T19:03:37.073Z [34mdebug[39m: Creating new instance of class [RepoUtils] with name [RepoUtils:DataSubjectErasureRequestMongo]
[DerivedLogger.emit] 2026-09-15T19:03:37.074Z [32minfo[39m: Unable to register class undefined for ACLUtils/undefined

[BackgroundServiceManager.emit] 2026-09-15T19:03:37.095Z [32minfo[39m: Starting service ExternalShareExpirationJobMongo...
[DerivedLogger.emit] 2026-09-15T19:03:37.095Z [34mdebug[39m: Creating new instance of class [ExternalShareExpirationJobMongo] with name [ExternalShareExpirationJobMongo:ExternalShareExpirationJobMongo]
[DerivedLogger.emit] 2026-09-15T19:03:37.096Z [34mdebug[39m: Creating new instance of class [RepoUtils] with name [RepoUtils:CalendarShareLinkMongo]
[DerivedLogger.emit] 2026-09-15T19:03:37.097Z [32minfo[39m: Unable to register class undefined for ACLUtils/undefined

[BackgroundServiceManager.emit] 2026-09-15T19:03:37.102Z [32minfo[39m: Starting service MailboxImportJobMongo...
[DerivedLogger.emit] 2026-09-15T19:03:37.103Z [34mdebug[39m: Creating new instance of class [MailboxImportJobMongo] with name [MailboxImportJobMongo:MailboxImportJobMongo]
[DerivedLogger.emit] 2026-09-15T19:03:37.104Z [32minfo[39m: Unable to register class undefined for BlobStore/undefined
[DerivedLogger.emit] 2026-09-15T19:03:37.104Z [32minfo[39m: Registering class ScanPipeline
[DerivedLogger.emit] 2026-09-15T19:03:37.105Z [34mdebug[39m: Creating new instance of class [ScanPipeline] with name [ScanPipeline:default]
[DerivedLogger.emit] 2026-09-15T19:03:37.106Z [32minfo[39m: Unable to register class undefined for SpamScanProvider/undefined
[DerivedLogger.emit] 2026-09-15T19:03:37.107Z [34mdebug[39m: Creating new instance of class [SpamScanProvider] with name [SpamScanProvider:default]
[DerivedLogger.emit] 2026-09-15T19:03:37.108Z [32minfo[39m: Unable to register class undefined for AvScanProvider/undefined
[DerivedLogger.emit] 2026-09-15T19:03:37.108Z [34mdebug[39m: Creating new instance of class [AvScanProvider] with name [AvScanProvider:default]
[DerivedLogger.emit] 2026-09-15T19:03:37.109Z [34mdebug[39m: Creating new instance of class [RepoUtils] with name [RepoUtils:MailboxImportRequestMongo]
[DerivedLogger.emit] 2026-09-15T19:03:37.111Z [32minfo[39m: Unable to register class undefined for ACLUtils/undefined

[DerivedLogger.emit] 2026-09-15T19:03:37.114Z [34mdebug[39m: Creating new instance of class [RepoUtils] with name [RepoUtils:FolderMongo]
[DerivedLogger.emit] 2026-09-15T19:03:37.114Z [32minfo[39m: Unable to register class undefined for ACLUtils/undefined

[DerivedLogger.emit] 2026-09-15T19:03:37.117Z [34mdebug[39m: Creating new instance of class [RepoUtils] with name [RepoUtils:MessageMongo]
[DerivedLogger.emit] 2026-09-15T19:03:37.117Z [32minfo[39m: Unable to register class undefined for ACLUtils/undefined

[BackgroundServiceManager.emit] 2026-09-15T19:03:37.122Z [32minfo[39m: Starting service MailboxQuotaRecalcJobMongo...
[DerivedLogger.emit] 2026-09-15T19:03:37.122Z [34mdebug[39m: Creating new instance of class [MailboxQuotaRecalcJobMongo] with name [MailboxQuotaRecalcJobMongo:MailboxQuotaRecalcJobMongo]
[DerivedLogger.emit] 2026-09-15T19:03:37.123Z [32minfo[39m: Unable to register class undefined for BlobStore/undefined

[BackgroundServiceManager.emit] 2026-09-15T19:03:37.127Z [32minfo[39m: Starting service MatterExportJobMongo...
[DerivedLogger.emit] 2026-09-15T19:03:37.127Z [34mdebug[39m: Creating new instance of class [MatterExportJobMongo] with name [MatterExportJobMongo:MatterExportJobMongo]
[DerivedLogger.emit] 2026-09-15T19:03:37.128Z [32minfo[39m: Unable to register class undefined for BlobStore/undefined
[DerivedLogger.emit] 2026-09-15T19:03:37.128Z [34mdebug[39m: Creating new instance of class [RepoUtils] with name [RepoUtils:MatterExportRequestMongo]
[DerivedLogger.emit] 2026-09-15T19:03:37.129Z [32minfo[39m: Unable to register class undefined for ACLUtils/undefined

[DerivedLogger.emit] 2026-09-15T19:03:37.132Z [34mdebug[39m: Creating new instance of class [RepoUtils] with name [RepoUtils:MatterMongo]
[DerivedLogger.emit] 2026-09-15T19:03:37.133Z [32minfo[39m: Unable to register class undefined for ACLUtils/undefined

[BackgroundServiceManager.emit] 2026-09-15T19:03:37.137Z [32minfo[39m: Starting service MeetingSchedulingJobMongo...
[DerivedLogger.emit] 2026-09-15T19:03:37.138Z [34mdebug[39m: Creating new instance of class [MeetingSchedulingJobMongo] with name [MeetingSchedulingJobMongo:MeetingSchedulingJobMongo]
[DerivedLogger.emit] 2026-09-15T19:03:37.139Z [32minfo[39m: Unable to register class undefined for MailTransport/undefined
[DerivedLogger.emit] 2026-09-15T19:03:37.139Z [34mdebug[39m: Creating new instance of class [MailTransport] with name [MailTransport:default]
[DerivedLogger.emit] 2026-09-15T19:03:37.140Z [32minfo[39m: Unable to register class undefined for BlobStore/undefined

[BackgroundServiceManager.emit] 2026-09-15T19:03:37.141Z [32minfo[39m: Starting service OofReplySuppressionCleanupJobMongo...
[DerivedLogger.emit] 2026-09-15T19:03:37.141Z [34mdebug[39m: Creating new instance of class [OofReplySuppressionCleanupJobMongo] with name [OofReplySuppressionCleanupJobMongo:OofReplySuppressionCleanupJobMongo]
[DerivedLogger.emit] 2026-09-15T19:03:37.142Z [34mdebug[39m: Creating new instance of class [RepoUtils] with name [RepoUtils:OofReplySuppressionMongo]
[DerivedLogger.emit] 2026-09-15T19:03:37.143Z [32minfo[39m: Unable to register class undefined for ACLUtils/undefined

[BackgroundServiceManager.emit] 2026-09-15T19:03:37.149Z [32minfo[39m: Starting service QuarantineRetentionJobMongo...
[DerivedLogger.emit] 2026-09-15T19:03:37.149Z [34mdebug[39m: Creating new instance of class [QuarantineRetentionJobMongo] with name [QuarantineRetentionJobMongo:QuarantineRetentionJobMongo]
[DerivedLogger.emit] 2026-09-15T19:03:37.150Z [32minfo[39m: Unable to register class undefined for BlobStore/undefined
[DerivedLogger.emit] 2026-09-15T19:03:37.150Z [34mdebug[39m: Creating new instance of class [RepoUtils] with name [RepoUtils:QuarantineEntryMongo]
[DerivedLogger.emit] 2026-09-15T19:03:37.151Z [32minfo[39m: Unable to register class undefined for ACLUtils/undefined

[DerivedLogger.emit] 2026-09-15T19:03:37.154Z [34mdebug[39m: Creating new instance of class [RepoUtils] with name [RepoUtils:ScanResultMongo]
[DerivedLogger.emit] 2026-09-15T19:03:37.155Z [32minfo[39m: Unable to register class undefined for ACLUtils/undefined

[DerivedLogger.emit] 2026-09-15T19:03:37.157Z [34mdebug[39m: Creating new instance of class [RepoUtils] with name [RepoUtils:IngestQueueEntryMongo]
[DerivedLogger.emit] 2026-09-15T19:03:37.158Z [32minfo[39m: Unable to register class undefined for ACLUtils/undefined

[BackgroundServiceManager.emit] 2026-09-15T19:03:37.161Z [32minfo[39m: Starting service RetentionEnforcementJobMongo...
[DerivedLogger.emit] 2026-09-15T19:03:37.161Z [34mdebug[39m: Creating new instance of class [RetentionEnforcementJobMongo] with name [RetentionEnforcementJobMongo:RetentionEnforcementJobMongo]
[DerivedLogger.emit] 2026-09-15T19:03:37.162Z [32minfo[39m: Unable to register class undefined for BlobStore/undefined
[DerivedLogger.emit] 2026-09-15T19:03:37.162Z [32minfo[39m: Unable to register class undefined for SearchProvider/undefined
[DerivedLogger.emit] 2026-09-15T19:03:37.163Z [34mdebug[39m: Creating new instance of class [RepoUtils] with name [RepoUtils:RetentionPolicyMongo]
[DerivedLogger.emit] 2026-09-15T19:03:37.164Z [32minfo[39m: Unable to register class undefined for ACLUtils/undefined

[DerivedLogger.emit] 2026-09-15T19:03:37.167Z [34mdebug[39m: Creating new instance of class [RepoUtils] with name [RepoUtils:AuditLogEntryMongo]
[DerivedLogger.emit] 2026-09-15T19:03:37.167Z [32minfo[39m: Unable to register class undefined for ACLUtils/undefined

[BackgroundServiceManager.emit] 2026-09-15T19:03:37.172Z [32minfo[39m: Starting service ScanQueueJobMongo...
[DerivedLogger.emit] 2026-09-15T19:03:37.173Z [34mdebug[39m: Creating new instance of class [ScanQueueJobMongo] with name [ScanQueueJobMongo:ScanQueueJobMongo]
[DerivedLogger.emit] 2026-09-15T19:03:37.175Z [32minfo[39m: Unable to register class undefined for SearchProvider/undefined
[DerivedLogger.emit] 2026-09-15T19:03:37.175Z [32minfo[39m: Unable to register class undefined for BlobStore/undefined
[DerivedLogger.emit] 2026-09-15T19:03:37.176Z [32minfo[39m: Unable to register class undefined for MailTransport/undefined
[DerivedLogger.emit] 2026-09-15T19:03:37.176Z [32minfo[39m: Unable to register class undefined for DnsResolver/undefined
[DerivedLogger.emit] 2026-09-15T19:03:37.177Z [32minfo[39m: Unable to register class undefined for SigningCertificateEnrollment/undefined

[DerivedLogger.emit] 2026-09-15T19:03:37.177Z [34mdebug[39m: Creating new instance of class [RecoverableRepoUtils] with name [RecoverableRepoUtils:FolderMongo]
[DerivedLogger.emit] 2026-09-15T19:03:37.180Z [32minfo[39m: Unable to register class undefined for ACLUtils/undefined

[DerivedLogger.emit] 2026-09-15T19:03:37.183Z [34mdebug[39m: Creating new instance of class [RepoUtils] with name [RepoUtils:MailFilterRuleMongo]
[DerivedLogger.emit] 2026-09-15T19:03:37.184Z [32minfo[39m: Unable to register class undefined for ACLUtils/undefined

[DerivedLogger.emit] 2026-09-15T19:03:37.187Z [34mdebug[39m: Creating new instance of class [RepoUtils] with name [RepoUtils:FocusedInboxOverrideMongo]
[DerivedLogger.emit] 2026-09-15T19:03:37.187Z [32minfo[39m: Unable to register class undefined for ACLUtils/undefined

[DerivedLogger.emit] 2026-09-15T19:03:37.193Z [34mdebug[39m: Creating new instance of class [RecoverableRepoUtils] with name [RecoverableRepoUtils:ContactMongo]
[DerivedLogger.emit] 2026-09-15T19:03:37.193Z [32minfo[39m: Unable to register class undefined for ACLUtils/undefined

[BackgroundServiceManager.emit] 2026-09-15T19:03:37.197Z [32minfo[39m: Starting service ScheduledSendJobMongo...
[DerivedLogger.emit] 2026-09-15T19:03:37.197Z [34mdebug[39m: Creating new instance of class [ScheduledSendJobMongo] with name [ScheduledSendJobMongo:ScheduledSendJobMongo]
[DerivedLogger.emit] 2026-09-15T19:03:37.197Z [32minfo[39m: Unable to register class undefined for BlobStore/undefined
[DerivedLogger.emit] 2026-09-15T19:03:37.198Z [32minfo[39m: Unable to register class undefined for MailTransport/undefined

[BackgroundServiceManager.emit] 2026-09-15T19:03:37.199Z [32minfo[39m: Starting service SearchIndexJobMongo...
[DerivedLogger.emit] 2026-09-15T19:03:37.200Z [34mdebug[39m: Creating new instance of class [SearchIndexJobMongo] with name [SearchIndexJobMongo:SearchIndexJobMongo]
[DerivedLogger.emit] 2026-09-15T19:03:37.200Z [32minfo[39m: Unable to register class undefined for BlobStore/undefined
[DerivedLogger.emit] 2026-09-15T19:03:37.201Z [32minfo[39m: Unable to register class undefined for SearchProvider/undefined

[DerivedLogger.emit] 2026-09-15T19:03:37.202Z [32minfo[39m: Initializing event manager...
[DerivedLogger.emit] 2026-09-15T19:03:37.202Z [32minfo[39m: Registering class EventListenerManager
[DerivedLogger.emit] 2026-09-15T19:03:37.202Z [34mdebug[39m: Creating new instance of class [EventListenerManager] with name [EventListenerManager:default]

[DerivedLogger.emit] 2026-09-15T19:03:37.205Z [32minfo[39m: Scanning for routes...
[DerivedLogger.emit] 2026-09-15T19:03:37.206Z [34mdebug[39m: Creating new instance of class [routes.ACLRoute] with name [routes.ACLRoute:default]
[DerivedLogger.emit] 2026-09-15T19:03:37.207Z [34mdebug[39m: Creating new instance of class [RepoUtils] with name [RepoUtils:AccessControlListMongo]
[DerivedLogger.emit] 2026-09-15T19:03:37.208Z [32minfo[39m: Unable to register class undefined for ACLUtils/undefined

[RouteUtils.emit] 2026-09-15T19:03:37.212Z [32minfo[39m: Registered Route: HEAD /api/acls
[RouteUtils.emit] 2026-09-15T19:03:37.214Z [32minfo[39m: Registered Route: POST /api/acls
[RouteUtils.emit] 2026-09-15T19:03:37.215Z [32minfo[39m: Registered Route: DELETE /api/acls/:id
[RouteUtils.emit] 2026-09-15T19:03:37.215Z [32minfo[39m: Registered Route: HEAD /api/acls/:id
[RouteUtils.emit] 2026-09-15T19:03:37.216Z [32minfo[39m: Registered Route: GET /api/acls
[RouteUtils.emit] 2026-09-15T19:03:37.216Z [32minfo[39m: Registered Route: GET /api/acls/:id
[RouteUtils.emit] 2026-09-15T19:03:37.217Z [32minfo[39m: Registered Route: DELETE /api/acls
[RouteUtils.emit] 2026-09-15T19:03:37.217Z [32minfo[39m: Registered Route: PUT /api/acls/:id
[RouteUtils.emit] 2026-09-15T19:03:37.218Z [32minfo[39m: Registered Route: PUT /api/acls/:id/:property
[RouteUtils.emit] 2026-09-15T19:03:37.218Z [32minfo[39m: Registered Route: PUT /api/acls

[DerivedLogger.emit] 2026-09-15T19:03:37.219Z [34mdebug[39m: Creating new instance of class [routes.AdminConsoleRoute] with name [routes.AdminConsoleRoute:default]
[DerivedLogger.emit] 2026-09-15T19:03:37.219Z [32minfo[39m: Registering class ObjectFactory
[DerivedLogger.emit] 2026-09-15T19:03:37.220Z [32minfo[39m: Registering class RedisStore
[DerivedLogger.emit] 2026-09-15T19:03:37.223Z [34mdebug[39m: Creating new instance of class [RedisStore] with name [RedisStore:default]

[RouteUtils.emit] 2026-09-15T19:03:37.225Z [32minfo[39m: Registered Route: GET /admin/*
[RouteUtils.emit] 2026-09-15T19:03:37.225Z [32minfo[39m: Registered Route: GET /admin

[DerivedLogger.emit] 2026-09-15T19:03:37.226Z [34mdebug[39m: Creating new instance of class [routes.AdminRoute] with name [routes.AdminRoute:default]

[routes.AdminRoute.emit] 2026-09-15T19:03:37.226Z [32minfo[39m: Cache is enabled and ready.

[RouteUtils.emit] 2026-09-15T19:03:37.227Z [32minfo[39m: Registered Route: GET /api/admin/clear-cache
[RouteUtils.emit] 2026-09-15T19:03:37.228Z [32minfo[39m: Registered Route: WS /api/admin/logs
[RouteUtils.emit] 2026-09-15T19:03:37.229Z [32minfo[39m: Registered Route: GET /api/admin/release-notes
[RouteUtils.emit] 2026-09-15T19:03:37.229Z [32minfo[39m: Registered Route: GET /api/admin/restart

[DerivedLogger.emit] 2026-09-15T19:03:37.229Z [34mdebug[39m: Creating new instance of class [routes.AttachmentRoute] with name [routes.AttachmentRoute:default]
[DerivedLogger.emit] 2026-09-15T19:03:37.231Z [32minfo[39m: Unable to register class undefined for BlobStore/undefined

[RouteUtils.emit] 2026-09-15T19:03:37.234Z [32minfo[39m: Registered Route: GET /api/mail/attachments
[RouteUtils.emit] 2026-09-15T19:03:37.237Z [32minfo[39m: Registered Route: HEAD /api/mail/attachments
[RouteUtils.emit] 2026-09-15T19:03:37.237Z [32minfo[39m: Registered Route: GET /api/mail/attachments/:id
[RouteUtils.emit] 2026-09-15T19:03:37.238Z [32minfo[39m: Registered Route: HEAD /api/mail/attachments/:id
[RouteUtils.emit] 2026-09-15T19:03:37.238Z [32minfo[39m: Registered Route: PUT /api/mail/attachments/:id
[RouteUtils.emit] 2026-09-15T19:03:37.239Z [32minfo[39m: Registered Route: DELETE /api/mail/attachments
[RouteUtils.emit] 2026-09-15T19:03:37.239Z [32minfo[39m: Registered Route: POST /api/mail/attachments
[RouteUtils.emit] 2026-09-15T19:03:37.240Z [32minfo[39m: Registered Route: POST /api/mail/attachments/upload
[RouteUtils.emit] 2026-09-15T19:03:37.240Z [32minfo[39m: Registered Route: DELETE /api/mail/attachments/:id
[RouteUtils.emit] 2026-09-15T19:03:37.241Z [32minfo[39m: Registered Route: GET /api/mail/attachments/:id/content
[RouteUtils.emit] 2026-09-15T19:03:37.244Z [32minfo[39m: Registered Route: PUT /api/mail/attachments
[RouteUtils.emit] 2026-09-15T19:03:37.245Z [32minfo[39m: Registered Route: PUT /api/mail/attachments/:id/:property

[DerivedLogger.emit] 2026-09-15T19:03:37.246Z [34mdebug[39m: Creating new instance of class [routes.AuditLogRoute] with name [routes.AuditLogRoute:default]

[RouteUtils.emit] 2026-09-15T19:03:37.247Z [32minfo[39m: Registered Route: GET /api/mail/audit-log
[RouteUtils.emit] 2026-09-15T19:03:37.247Z [32minfo[39m: Registered Route: HEAD /api/mail/audit-log
[RouteUtils.emit] 2026-09-15T19:03:37.248Z [32minfo[39m: Registered Route: GET /api/mail/audit-log/:id
[RouteUtils.emit] 2026-09-15T19:03:37.248Z [32minfo[39m: Registered Route: POST /api/mail/audit-log
[RouteUtils.emit] 2026-09-15T19:03:37.249Z [32minfo[39m: Registered Route: PUT /api/mail/audit-log/:id
[RouteUtils.emit] 2026-09-15T19:03:37.249Z [32minfo[39m: Registered Route: PUT /api/mail/audit-log
[RouteUtils.emit] 2026-09-15T19:03:37.249Z [32minfo[39m: Registered Route: PUT /api/mail/audit-log/:id/:property
[RouteUtils.emit] 2026-09-15T19:03:37.250Z [32minfo[39m: Registered Route: DELETE /api/mail/audit-log/:id
[RouteUtils.emit] 2026-09-15T19:03:37.250Z [32minfo[39m: Registered Route: DELETE /api/mail/audit-log
[RouteUtils.emit] 2026-09-15T19:03:37.250Z [32minfo[39m: Registered Route: HEAD /api/mail/audit-log/:id

[DerivedLogger.emit] 2026-09-15T19:03:37.251Z [34mdebug[39m: Creating new instance of class [routes.BrandingRoute] with name [routes.BrandingRoute:default]
[DerivedLogger.emit] 2026-09-15T19:03:37.251Z [32minfo[39m: Unable to register class undefined for BlobStore/undefined

[RouteUtils.emit] 2026-09-15T19:03:37.252Z [32minfo[39m: Registered Route: GET /api/system/branding
[RouteUtils.emit] 2026-09-15T19:03:37.252Z [32minfo[39m: Registered Route: PUT /api/system/branding
[RouteUtils.emit] 2026-09-15T19:03:37.255Z [32minfo[39m: Registered Route: POST /api/system/branding/logo
[RouteUtils.emit] 2026-09-15T19:03:37.256Z [32minfo[39m: Registered Route: GET /api/system/branding/logo
[RouteUtils.emit] 2026-09-15T19:03:37.256Z [32minfo[39m: Registered Route: DELETE /api/system/branding/logo
[RouteUtils.emit] 2026-09-15T19:03:37.256Z [32minfo[39m: Registered Route: POST /api/system/branding/icon
[RouteUtils.emit] 2026-09-15T19:03:37.257Z [32minfo[39m: Registered Route: GET /api/system/branding/icon
[RouteUtils.emit] 2026-09-15T19:03:37.257Z [32minfo[39m: Registered Route: DELETE /api/system/branding/icon
[RouteUtils.emit] 2026-09-15T19:03:37.257Z [32minfo[39m: Registered Route: POST /api/system/branding/stylesheet
[RouteUtils.emit] 2026-09-15T19:03:37.257Z [32minfo[39m: Registered Route: GET /api/system/branding/stylesheet
[RouteUtils.emit] 2026-09-15T19:03:37.258Z [32minfo[39m: Registered Route: DELETE /api/system/branding/stylesheet

[DerivedLogger.emit] 2026-09-15T19:03:37.258Z [34mdebug[39m: Creating new instance of class [routes.CalendarEventRoute] with name [routes.CalendarEventRoute:default]
[DerivedLogger.emit] 2026-09-15T19:03:37.259Z [32minfo[39m: Unable to register class undefined for MailTransport/undefined

[RouteUtils.emit] 2026-09-15T19:03:37.260Z [32minfo[39m: Registered Route: POST /api/mail/calendar-events
[RouteUtils.emit] 2026-09-15T19:03:37.260Z [32minfo[39m: Registered Route: PUT /api/mail/calendar-events/:id
[RouteUtils.emit] 2026-09-15T19:03:37.260Z [32minfo[39m: Registered Route: POST /api/mail/calendar-events/:id/respond
[RouteUtils.emit] 2026-09-15T19:03:37.261Z [32minfo[39m: Registered Route: HEAD /api/mail/calendar-events
[RouteUtils.emit] 2026-09-15T19:03:37.261Z [32minfo[39m: Registered Route: DELETE /api/mail/calendar-events/:id
[RouteUtils.emit] 2026-09-15T19:03:37.262Z [32minfo[39m: Registered Route: HEAD /api/mail/calendar-events/:id
[RouteUtils.emit] 2026-09-15T19:03:37.262Z [32minfo[39m: Registered Route: GET /api/mail/calendar-events
[RouteUtils.emit] 2026-09-15T19:03:37.266Z [32minfo[39m: Registered Route: GET /api/mail/calendar-events/:id
[RouteUtils.emit] 2026-09-15T19:03:37.266Z [32minfo[39m: Registered Route: DELETE /api/mail/calendar-events
[RouteUtils.emit] 2026-09-15T19:03:37.266Z [32minfo[39m: Registered Route: PUT /api/mail/calendar-events
[RouteUtils.emit] 2026-09-15T19:03:37.267Z [32minfo[39m: Registered Route: PUT /api/mail/calendar-events/:id/:property

[DerivedLogger.emit] 2026-09-15T19:03:37.267Z [34mdebug[39m: Creating new instance of class [routes.CalendarShareLinkRoute] with name [routes.CalendarShareLinkRoute:default]

[RouteUtils.emit] 2026-09-15T19:03:37.268Z [32minfo[39m: Registered Route: POST /api/mail/calendar-share-links
[RouteUtils.emit] 2026-09-15T19:03:37.269Z [32minfo[39m: Registered Route: PUT /api/mail/calendar-share-links/:id
[RouteUtils.emit] 2026-09-15T19:03:37.269Z [32minfo[39m: Registered Route: DELETE /api/mail/calendar-share-links/:id
[RouteUtils.emit] 2026-09-15T19:03:37.269Z [32minfo[39m: Registered Route: HEAD /api/mail/calendar-share-links
[RouteUtils.emit] 2026-09-15T19:03:37.270Z [32minfo[39m: Registered Route: HEAD /api/mail/calendar-share-links/:id
[RouteUtils.emit] 2026-09-15T19:03:37.270Z [32minfo[39m: Registered Route: GET /api/mail/calendar-share-links
[RouteUtils.emit] 2026-09-15T19:03:37.270Z [32minfo[39m: Registered Route: GET /api/mail/calendar-share-links/:id
[RouteUtils.emit] 2026-09-15T19:03:37.271Z [32minfo[39m: Registered Route: DELETE /api/mail/calendar-share-links
[RouteUtils.emit] 2026-09-15T19:03:37.271Z [32minfo[39m: Registered Route: PUT /api/mail/calendar-share-links
[RouteUtils.emit] 2026-09-15T19:03:37.272Z [32minfo[39m: Registered Route: PUT /api/mail/calendar-share-links/:id/:property

[DerivedLogger.emit] 2026-09-15T19:03:37.272Z [34mdebug[39m: Creating new instance of class [routes.ContactListRoute] with name [routes.ContactListRoute:default]
[DerivedLogger.emit] 2026-09-15T19:03:37.276Z [34mdebug[39m: Creating new instance of class [RepoUtils] with name [RepoUtils:ContactListMongo]
[DerivedLogger.emit] 2026-09-15T19:03:37.277Z [32minfo[39m: Unable to register class undefined for ACLUtils/undefined

[RouteUtils.emit] 2026-09-15T19:03:37.281Z [32minfo[39m: Registered Route: HEAD /api/mail/contact-lists
[RouteUtils.emit] 2026-09-15T19:03:37.281Z [32minfo[39m: Registered Route: POST /api/mail/contact-lists
[RouteUtils.emit] 2026-09-15T19:03:37.281Z [32minfo[39m: Registered Route: DELETE /api/mail/contact-lists/:id
[RouteUtils.emit] 2026-09-15T19:03:37.282Z [32minfo[39m: Registered Route: HEAD /api/mail/contact-lists/:id
[RouteUtils.emit] 2026-09-15T19:03:37.282Z [32minfo[39m: Registered Route: GET /api/mail/contact-lists
[RouteUtils.emit] 2026-09-15T19:03:37.282Z [32minfo[39m: Registered Route: GET /api/mail/contact-lists/:id
[RouteUtils.emit] 2026-09-15T19:03:37.283Z [32minfo[39m: Registered Route: DELETE /api/mail/contact-lists
[RouteUtils.emit] 2026-09-15T19:03:37.283Z [32minfo[39m: Registered Route: PUT /api/mail/contact-lists/:id
[RouteUtils.emit] 2026-09-15T19:03:37.287Z [32minfo[39m: Registered Route: PUT /api/mail/contact-lists
[RouteUtils.emit] 2026-09-15T19:03:37.288Z [32minfo[39m: Registered Route: PUT /api/mail/contact-lists/:id/:property

[DerivedLogger.emit] 2026-09-15T19:03:37.288Z [34mdebug[39m: Creating new instance of class [routes.ContactRoute] with name [routes.ContactRoute:default]

[RouteUtils.emit] 2026-09-15T19:03:37.289Z [32minfo[39m: Registered Route: POST /api/mail/contacts
[RouteUtils.emit] 2026-09-15T19:03:37.290Z [32minfo[39m: Registered Route: PUT /api/mail/contacts/:id
[RouteUtils.emit] 2026-09-15T19:03:37.290Z [32minfo[39m: Registered Route: HEAD /api/mail/contacts
[RouteUtils.emit] 2026-09-15T19:03:37.290Z [32minfo[39m: Registered Route: DELETE /api/mail/contacts/:id
[RouteUtils.emit] 2026-09-15T19:03:37.291Z [32minfo[39m: Registered Route: HEAD /api/mail/contacts/:id
[RouteUtils.emit] 2026-09-15T19:03:37.291Z [32minfo[39m: Registered Route: GET /api/mail/contacts
[RouteUtils.emit] 2026-09-15T19:03:37.292Z [32minfo[39m: Registered Route: GET /api/mail/contacts/:id
[RouteUtils.emit] 2026-09-15T19:03:37.292Z [32minfo[39m: Registered Route: DELETE /api/mail/contacts
[RouteUtils.emit] 2026-09-15T19:03:37.292Z [32minfo[39m: Registered Route: PUT /api/mail/contacts
[RouteUtils.emit] 2026-09-15T19:03:37.293Z [32minfo[39m: Registered Route: PUT /api/mail/contacts/:id/:property

[DerivedLogger.emit] 2026-09-15T19:03:37.293Z [34mdebug[39m: Creating new instance of class [routes.DataExportRequestRoute] with name [routes.DataExportRequestRoute:default]
[DerivedLogger.emit] 2026-09-15T19:03:37.294Z [32minfo[39m: Unable to register class undefined for BlobStore/undefined

[RouteUtils.emit] 2026-09-15T19:03:37.294Z [32minfo[39m: Registered Route: POST /api/mail/data-export-requests
[RouteUtils.emit] 2026-09-15T19:03:37.295Z [32minfo[39m: Registered Route: GET /api/mail/data-export-requests
[RouteUtils.emit] 2026-09-15T19:03:37.295Z [32minfo[39m: Registered Route: GET /api/mail/data-export-requests/:id
[RouteUtils.emit] 2026-09-15T19:03:37.298Z [32minfo[39m: Registered Route: GET /api/mail/data-export-requests/:id/download

[DerivedLogger.emit] 2026-09-15T19:03:37.298Z [34mdebug[39m: Creating new instance of class [routes.DataSubjectErasureRequestRoute] with name [routes.DataSubjectErasureRequestRoute:default]

[RouteUtils.emit] 2026-09-15T19:03:37.299Z [32minfo[39m: Registered Route: POST /api/mail/erasure-requests
[RouteUtils.emit] 2026-09-15T19:03:37.299Z [32minfo[39m: Registered Route: POST /api/mail/erasure-requests/:id/approve
[RouteUtils.emit] 2026-09-15T19:03:37.300Z [32minfo[39m: Registered Route: POST /api/mail/erasure-requests/:id/deny
[RouteUtils.emit] 2026-09-15T19:03:37.300Z [32minfo[39m: Registered Route: GET /api/mail/erasure-requests
[RouteUtils.emit] 2026-09-15T19:03:37.300Z [32minfo[39m: Registered Route: GET /api/mail/erasure-requests/:id

[DerivedLogger.emit] 2026-09-15T19:03:37.301Z [34mdebug[39m: Creating new instance of class [routes.DistributionListRoute] with name [routes.DistributionListRoute:default]
[DerivedLogger.emit] 2026-09-15T19:03:37.302Z [34mdebug[39m: Creating new instance of class [RepoUtils] with name [RepoUtils:DistributionListMongo]
[DerivedLogger.emit] 2026-09-15T19:03:37.302Z [32minfo[39m: Unable to register class undefined for ACLUtils/undefined

[RouteUtils.emit] 2026-09-15T19:03:37.309Z [32minfo[39m: Registered Route: POST /api/mail/distribution-lists
[RouteUtils.emit] 2026-09-15T19:03:37.309Z [32minfo[39m: Registered Route: PUT /api/mail/distribution-lists/:id/:property
[RouteUtils.emit] 2026-09-15T19:03:37.310Z [32minfo[39m: Registered Route: PUT /api/mail/distribution-lists/:id
[RouteUtils.emit] 2026-09-15T19:03:37.310Z [32minfo[39m: Registered Route: DELETE /api/mail/distribution-lists/:id
[RouteUtils.emit] 2026-09-15T19:03:37.311Z [32minfo[39m: Registered Route: GET /api/mail/distribution-lists
[RouteUtils.emit] 2026-09-15T19:03:37.311Z [32minfo[39m: Registered Route: HEAD /api/mail/distribution-lists
[RouteUtils.emit] 2026-09-15T19:03:37.311Z [32minfo[39m: Registered Route: GET /api/mail/distribution-lists/:id
[RouteUtils.emit] 2026-09-15T19:03:37.311Z [32minfo[39m: Registered Route: HEAD /api/mail/distribution-lists/:id
[RouteUtils.emit] 2026-09-15T19:03:37.312Z [32minfo[39m: Registered Route: DELETE /api/mail/distribution-lists
[RouteUtils.emit] 2026-09-15T19:03:37.312Z [32minfo[39m: Registered Route: PUT /api/mail/distribution-lists

[DerivedLogger.emit] 2026-09-15T19:03:37.313Z [34mdebug[39m: Creating new instance of class [routes.DomainRoute] with name [routes.DomainRoute:default]
[DerivedLogger.emit] 2026-09-15T19:03:37.314Z [32minfo[39m: Unable to register class undefined for DnsResolver/undefined
[DerivedLogger.emit] 2026-09-15T19:03:37.314Z [32minfo[39m: Unable to register class undefined for DkimKeyProvider/undefined
[DerivedLogger.emit] 2026-09-15T19:03:37.314Z [34mdebug[39m: Creating new instance of class [DkimKeyProvider] with name [DkimKeyProvider:default]

[RouteUtils.emit] 2026-09-15T19:03:37.315Z [32minfo[39m: Registered Route: POST /api/mail/domains
[RouteUtils.emit] 2026-09-15T19:03:37.315Z [32minfo[39m: Registered Route: PUT /api/mail/domains/:id
[RouteUtils.emit] 2026-09-15T19:03:37.316Z [32minfo[39m: Registered Route: PUT /api/mail/domains
[RouteUtils.emit] 2026-09-15T19:03:37.316Z [32minfo[39m: Registered Route: PUT /api/mail/domains/:id/:property
[RouteUtils.emit] 2026-09-15T19:03:37.316Z [32minfo[39m: Registered Route: DELETE /api/mail/domains
[RouteUtils.emit] 2026-09-15T19:03:37.317Z [32minfo[39m: Registered Route: DELETE /api/mail/domains/:id
[RouteUtils.emit] 2026-09-15T19:03:37.320Z [32minfo[39m: Registered Route: GET /api/mail/domains
[RouteUtils.emit] 2026-09-15T19:03:37.320Z [32minfo[39m: Registered Route: HEAD /api/mail/domains
[RouteUtils.emit] 2026-09-15T19:03:37.320Z [32minfo[39m: Registered Route: GET /api/mail/domains/:id
[RouteUtils.emit] 2026-09-15T19:03:37.321Z [32minfo[39m: Registered Route: POST /api/mail/domains/:id/verify
[RouteUtils.emit] 2026-09-15T19:03:37.321Z [32minfo[39m: Registered Route: GET /api/mail/domains/:id/dns-setup
[RouteUtils.emit] 2026-09-15T19:03:37.322Z [32minfo[39m: Registered Route: HEAD /api/mail/domains/:id

[DerivedLogger.emit] 2026-09-15T19:03:37.322Z [34mdebug[39m: Creating new instance of class [routes.EncryptionPolicyRoute] with name [routes.EncryptionPolicyRoute:default]

[RouteUtils.emit] 2026-09-15T19:03:37.323Z [32minfo[39m: Registered Route: GET /api/system/encryption-policy
[RouteUtils.emit] 2026-09-15T19:03:37.323Z [32minfo[39m: Registered Route: PUT /api/system/encryption-policy

[DerivedLogger.emit] 2026-09-15T19:03:37.323Z [34mdebug[39m: Creating new instance of class [routes.EscrowAccessRequestRoute] with name [routes.EscrowAccessRequestRoute:default]

[RouteUtils.emit] 2026-09-15T19:03:37.324Z [32minfo[39m: Registered Route: POST /api/escrow/access-requests
[RouteUtils.emit] 2026-09-15T19:03:37.324Z [32minfo[39m: Registered Route: POST /api/escrow/access-requests/:id/approve
[RouteUtils.emit] 2026-09-15T19:03:37.325Z [32minfo[39m: Registered Route: POST /api/escrow/access-requests/:id/deny
[RouteUtils.emit] 2026-09-15T19:03:37.325Z [32minfo[39m: Registered Route: GET /api/escrow/access-requests/:id/material
[RouteUtils.emit] 2026-09-15T19:03:37.325Z [32minfo[39m: Registered Route: GET /api/escrow/access-requests
[RouteUtils.emit] 2026-09-15T19:03:37.326Z [32minfo[39m: Registered Route: GET /api/escrow/access-requests/:id

[DerivedLogger.emit] 2026-09-15T19:03:37.326Z [34mdebug[39m: Creating new instance of class [routes.EscrowAuditLogRoute] with name [routes.EscrowAuditLogRoute:default]
[DerivedLogger.emit] 2026-09-15T19:03:37.330Z [34mdebug[39m: Creating new instance of class [RepoUtils] with name [RepoUtils:EscrowAuditLogEntryMongo]
[DerivedLogger.emit] 2026-09-15T19:03:37.331Z [32minfo[39m: Unable to register class undefined for ACLUtils/undefined

[RouteUtils.emit] 2026-09-15T19:03:37.336Z [32minfo[39m: Registered Route: GET /api/escrow/audit-log
[RouteUtils.emit] 2026-09-15T19:03:37.336Z [32minfo[39m: Registered Route: HEAD /api/escrow/audit-log
[RouteUtils.emit] 2026-09-15T19:03:37.337Z [32minfo[39m: Registered Route: GET /api/escrow/audit-log/:id
[RouteUtils.emit] 2026-09-15T19:03:37.337Z [32minfo[39m: Registered Route: GET /api/escrow/audit-log/verify
[RouteUtils.emit] 2026-09-15T19:03:37.337Z [32minfo[39m: Registered Route: POST /api/escrow/audit-log
[RouteUtils.emit] 2026-09-15T19:03:37.338Z [32minfo[39m: Registered Route: PUT /api/escrow/audit-log/:id
[RouteUtils.emit] 2026-09-15T19:03:37.341Z [32minfo[39m: Registered Route: PUT /api/escrow/audit-log
[RouteUtils.emit] 2026-09-15T19:03:37.341Z [32minfo[39m: Registered Route: PUT /api/escrow/audit-log/:id/:property
[RouteUtils.emit] 2026-09-15T19:03:37.341Z [32minfo[39m: Registered Route: DELETE /api/escrow/audit-log/:id
[RouteUtils.emit] 2026-09-15T19:03:37.342Z [32minfo[39m: Registered Route: DELETE /api/escrow/audit-log
[RouteUtils.emit] 2026-09-15T19:03:37.342Z [32minfo[39m: Registered Route: HEAD /api/escrow/audit-log/:id

[DerivedLogger.emit] 2026-09-15T19:03:37.342Z [34mdebug[39m: Creating new instance of class [routes.EscrowConsoleRoute] with name [routes.EscrowConsoleRoute:default]

[RouteUtils.emit] 2026-09-15T19:03:37.344Z [32minfo[39m: Registered Route: GET /escrow/*
[RouteUtils.emit] 2026-09-15T19:03:37.344Z [32minfo[39m: Registered Route: GET /escrow

[DerivedLogger.emit] 2026-09-15T19:03:37.345Z [34mdebug[39m: Creating new instance of class [routes.EscrowInfoRoute] with name [routes.EscrowInfoRoute:default]

[RouteUtils.emit] 2026-09-15T19:03:37.345Z [32minfo[39m: Registered Route: GET /api/mail/mailboxes/:id/escrow-info

[DerivedLogger.emit] 2026-09-15T19:03:37.346Z [34mdebug[39m: Creating new instance of class [routes.EscrowScopeRoute] with name [routes.EscrowScopeRoute:default]
[DerivedLogger.emit] 2026-09-15T19:03:37.347Z [34mdebug[39m: Creating new instance of class [RepoUtils] with name [RepoUtils:EscrowScopeMongo]
[DerivedLogger.emit] 2026-09-15T19:03:37.347Z [32minfo[39m: Unable to register class undefined for ACLUtils/undefined

[RouteUtils.emit] 2026-09-15T19:03:37.353Z [32minfo[39m: Registered Route: POST /api/escrow/scopes
[...]
        </testcase>
        <testcase classname="test/routes/BaseMailComposeRoute.test.ts" name="BaseMailComposeRoute.assembleRaw() Tests (mocked collaborators) &gt; rejects when rawMime is missing" time="0.0002714">
        </testcase>
        <testcase classname="test/routes/BaseMailComposeRoute.test.ts" name="BaseMailComposeRoute.assembleRaw() Tests (mocked collaborators) &gt; rejects with NOT_FOUND when the draft doesn&apos;t exist" time="0.0002817">
        </testcase>
        <testcase classname="test/routes/BaseMailComposeRoute.test.ts" name="BaseMailComposeRoute.assembleRaw() Tests (mocked collaborators) &gt; rejects with AUTH_PERMISSION_FAILURE when the caller lacks UPDATE on the folder" time="0.0002419">
        </testcase>
        <testcase classname="test/routes/BaseMailComposeRoute.test.ts" name="BaseMailComposeRoute.assembleRaw() Tests (mocked collaborators) &gt; rejects when the message&apos;s folder isn&apos;t Drafts" time="0.0002683">
        </testcase>
        <testcase classname="test/routes/BaseMailComposeRoute.test.ts" name="BaseMailComposeRoute.assembleRaw() Tests (mocked collaborators) &gt; rejects a delivered message that a mail filter moved into Drafts" time="0.0004247">
        </testcase>
        <testcase classname="test/routes/BaseMailComposeRoute.test.ts" name="BaseMailComposeRoute.assembleRaw() Tests (mocked collaborators) &gt; rejects with NOT_FOUND when the owning mailbox doesn&apos;t exist" time="0.0002696">
        </testcase>
        <testcase classname="test/routes/BaseMailComposeRoute.test.ts" name="BaseMailComposeRoute.assembleRaw() Tests (mocked collaborators) &gt; rejects when the draft already has file attachments uploaded" time="0.000248">
        </testcase>
        <testcase classname="test/routes/BaseMailComposeRoute.test.ts" name="BaseMailComposeRoute.assembleRaw() Tests (mocked collaborators) &gt; stores the raw MIME source byte-for-byte and updates the message with server-derived from/recipients" time="0.0026216">
        </testcase>
        <testcase classname="test/routes/BaseMailComposeRoute.test.ts" name="BaseMailComposeRoute.assembleRaw() Tests (mocked collaborators) &gt; includes cc/bcc recipients with their own types" time="0.0003722">
        </testcase>
        <testcase classname="test/routes/BaseMailComposeRoute.test.ts" name="BaseMailComposeRoute.assembleRaw() header and size checks &gt; rejects a From address the mailbox doesn&apos;t own, and stores nothing" time="0.0003804">
        </testcase>
        <testcase classname="test/routes/BaseMailComposeRoute.test.ts" name="BaseMailComposeRoute.assembleRaw() header and size checks &gt; accepts an alias address as From, case-insensitively" time="0.0002431">
        </testcase>
        <testcase classname="test/routes/BaseMailComposeRoute.test.ts" name="BaseMailComposeRoute.assembleRaw() header and size checks &gt; rejects a message over mail:compose:max_attachment_bytes with 413, and stores nothing" time="0.0005145">
        </testcase>
        <testcase classname="test/routes/BaseMailComposeRoute.test.ts" name="BaseMailComposeRoute replaced body blobs &gt; assembleRaw() deletes the body blob it replaces once no message references it" time="0.0004496">
        </testcase>
        <testcase classname="test/routes/BaseMailComposeRoute.test.ts" name="BaseMailComposeRoute replaced body blobs &gt; assemble() deletes the body blob it replaces once no message references it" time="0.0062307">
        </testcase>
        <testcase classname="test/routes/BaseMailComposeRoute.test.ts" name="BaseMailComposeRoute replaced body blobs &gt; keeps the replaced blob while another message still references it" time="0.0002469">
        </testcase>
        <testcase classname="test/routes/BaseMailComposeRoute.test.ts" name="BaseMailComposeRoute replaced body blobs &gt; never deletes a replaced blob this compose path didn&apos;t create, or when there was none" time="0.0003956">
        </testcase>
        <testcase classname="test/routes/BaseMailComposeRoute.test.ts" name="BaseMailComposeRoute replaced body blobs &gt; deletes the new blob and keeps the old one when the update fails" time="0.0004227">
        </testcase>
        <testcase classname="test/routes/BaseMailComposeRoute.test.ts" name="BaseMailComposeRoute replaced body blobs &gt; still returns the updated draft when deleting the replaced blob fails" time="0.0004115">
        </testcase>
        <testcase classname="test/routes/BaseMailComposeRoute.test.ts" name="BaseMailComposeRoute replaced body blobs &gt; keeps the replaced blob while an open Matter holds the mailbox, recording it in the same versioned update" time="0.0010742">
        </testcase>
        <testcase classname="test/routes/BaseMailComposeRoute.test.ts" name="BaseMailComposeRoute replaced body blobs &gt; refuses the save with 409, writing nothing, once a held draft retains MAX_RETAINED_BODY_BLOB_KEYS bodies" time="0.0008997">
        </testcase>
        <testcase classname="test/routes/BaseMailComposeRoute.test.ts" name="BaseMailComposeRoute replaced body blobs &gt; doesn&apos;t record a replaced body when the mailbox isn&apos;t held, or when there is no composed body to replace" time="0.0018493">
        </testcase>
        <testcase classname="test/routes/BaseMailComposeRoute.test.ts" name="BaseMailComposeRoute replaced body blobs &gt; deletes the replaced blob when the only Matters naming the mailbox are closed, or name other mailboxes" time="0.0005538">
        </testcase>
        <testcase classname="test/routes/BaseMailComposeRoute.test.ts" name="BaseMailComposeRoute replaced body blobs &gt; finds a hold past the first page of Matters" time="0.0007746">
        </testcase>
        <testcase classname="test/routes/BaseMailComposeRoute.test.ts" name="BaseMailComposeRoute replaced body blobs &gt; keeps and records the replaced blob when the legal hold lookup fails" time="0.0006199">
        </testcase>
        <testcase classname="test/routes/BaseMailComposeRoute.test.ts" name="BaseMailComposeRoute.assemble() drafts and From &gt; stores a draft with no recipients and an empty body (autosave before anything is filled in)" time="0.0013769">
        </testcase>
        <testcase classname="test/routes/BaseMailComposeRoute.test.ts" name="BaseMailComposeRoute.assemble() drafts and From &gt; refuses to rewrite a delivered message that a mail filter moved into Drafts" time="0.0002664">
        </testcase>
        <testcase classname="test/routes/BaseMailComposeRoute.test.ts" name="BaseMailComposeRoute.assemble() drafts and From &gt; still rejects malformed input" time="0.0007636">
        </testcase>
        <testcase classname="test/routes/BaseMailComposeRoute.test.ts" name="BaseMailComposeRoute.assemble() drafts and From &gt; puts the mailbox&apos;s display name in From" time="0.0005588">
        </testcase>
        <testcase classname="test/routes/BaseMailComposeRoute.test.ts" name="BaseMailComposeRoute.assemble() drafts and From &gt; uses the bare address in From when the display name contains @ or a line break" time="0.0025486">
        </testcase>
        <testcase classname="test/routes/BaseMailComposeRoute.test.ts" name="BaseMailComposeRoute.assemble() drafts and From &gt; passes the draft to update() as a model instance, so the optimistic lock applies to a plain document" time="0.0005912">
        </testcase>
        <testcase classname="test/routes/BaseMailComposeRoute.test.ts" name="BaseMailComposeRoute.assemble() drafts and From &gt; passes an entity instance through unchanged" time="0.0005161">
        </testcase>
        <testcase classname="test/routes/BaseMailComposeRoute.test.ts" name="safeFromDisplayName() &gt; keeps an ordinary name, trimmed, and drops address-like, multi-line or empty ones" time="0.0001444">
        </testcase>
        <testcase classname="test/routes/BaseMailComposeRoute.test.ts" name="assertRawMimeHeadersMatch() &gt; accepts matching From/To/Cc, a Sender belonging to the mailbox, and any Reply-To" time="0.0002026">
        </testcase>
        <testcase classname="test/routes/BaseMailComposeRoute.test.ts" name="assertRawMimeHeadersMatch() &gt; rejects a missing From, several From headers, or several From addresses" time="0.000186">
        </testcase>
        <testcase classname="test/routes/BaseMailComposeRoute.test.ts" name="assertRawMimeHeadersMatch() &gt; accepts no display name or the mailbox&apos;s own, including RFC 2047-encoded, on From and Sender" time="0.0006039">
        </testcase>
        <testcase classname="test/routes/BaseMailComposeRoute.test.ts" name="assertRawMimeHeadersMatch() &gt; only accepts a bare From address when the mailbox&apos;s display name is address-like" time="0.0002552">
        </testcase>
        <testcase classname="test/routes/BaseMailComposeRoute.test.ts" name="assertRawMimeHeadersMatch() &gt; rejects any other display name on From or Sender" time="0.0002295">
        </testcase>
        <testcase classname="test/routes/BaseMailComposeRoute.test.ts" name="assertRawMimeHeadersMatch() &gt; rejects From/Sender values with a second address or address-like leftovers" time="0.0005272">
        </testcase>
        <testcase classname="test/routes/BaseMailComposeRoute.test.ts" name="assertRawMimeHeadersMatch() &gt; rejects trace and authentication headers a relay or receiver would add" time="0.0003436">
        </testcase>
        <testcase classname="test/routes/BaseMailComposeRoute.test.ts" name="assertRawMimeHeadersMatch() &gt; decodeEncodedWords() joins adjacent encoded-words and leaves invalid ones as-is" time="0.0001633">
        </testcase>
        <testcase classname="test/routes/BaseMailComposeRoute.test.ts" name="assertRawMimeHeadersMatch() &gt; rejects a Sender that isn&apos;t the mailbox&apos;s" time="0.0001276">
        </testcase>
        <testcase classname="test/routes/BaseMailComposeRoute.test.ts" name="assertRawMimeHeadersMatch() &gt; rejects any Bcc or Resent-* header" time="0.000152">
        </testcase>
        <testcase classname="test/routes/BaseMailComposeRoute.test.ts" name="assertRawMimeHeadersMatch() &gt; rejects To/Cc headers that don&apos;t match the draft&apos;s recipients" time="0.000244">
        </testcase>
        <testcase classname="test/routes/BaseMailComposeRoute.test.ts" name="assertRawMimeHeadersMatch() &gt; only reads the top-level header block, not header-like lines in the body" time="0.0001227">
        </testcase>
        <testcase classname="test/routes/BaseMailComposeRoute.test.ts" name="assertRawMimeHeadersMatch() &gt; unfolds folded header lines and rejects malformed ones" time="0.0001829">
        </testcase>
        <testcase classname="test/routes/BaseMailComposeRoute.test.ts" name="sanitizeComposeHtml() Tests &gt; strips &lt;script&gt; tags entirely — the actual security boundary for outbound compose HTML." time="0.0002776">
        </testcase>
        <testcase classname="test/routes/BaseMailComposeRoute.test.ts" name="sanitizeComposeHtml() Tests &gt; strips event-handler attributes (onerror/onclick/etc.) even on an otherwise-allowed tag." time="0.0006001">
        </testcase>
        <testcase classname="test/routes/BaseMailComposeRoute.test.ts" name="sanitizeComposeHtml() Tests &gt; allows the basic formatting tags RichTextEditor&apos;s StarterKit-based toolbar produces." time="0.00028">
        </testcase>
        <testcase classname="test/routes/BaseMailComposeRoute.test.ts" name="sanitizeComposeHtml() Tests &gt; allows a table, matching RichTextEditor&apos;s TableKit output." time="0.0001443">
        </testcase>
        <testcase classname="test/routes/BaseMailComposeRoute.test.ts" name="sanitizeComposeHtml() Tests &gt; allows the specific inline style properties TextStyleKit/TextAlign emit, with safe values." time="0.0014709">
        </testcase>
        <testcase classname="test/routes/BaseMailComposeRoute.test.ts" name="sanitizeComposeHtml() Tests &gt; strips a style property outside the allowlist (e.g. a CSS-injection attempt) while keeping the tag." time="0.0002052">
        </testcase>
        <testcase classname="test/routes/BaseMailComposeRoute.test.ts" name="sanitizeComposeHtml() Tests &gt; allows a cid: scheme image src, for an inline image referencing an already-uploaded attachment." time="0.0001131">
        </testcase>
        <testcase classname="test/routes/BaseMailComposeRoute.test.ts" name="sanitizeComposeHtml() Tests &gt; rejects a javascript: scheme link href." time="0.0001254">
        </testcase>
        <testcase classname="test/routes/BaseMailComposeRoute.test.ts" name="rewriteInlineImageSources() Tests &gt; rewrites a matching attachment&apos;s content URL to its cid." time="0.0000843">
        </testcase>
        <testcase classname="test/routes/BaseMailComposeRoute.test.ts" name="rewriteInlineImageSources() Tests &gt; rewrites every occurrence of the same attachment&apos;s URL, e.g. if inserted twice." time="0.0000655">
        </testcase>
        <testcase classname="test/routes/BaseMailComposeRoute.test.ts" name="rewriteInlineImageSources() Tests &gt; leaves html untouched when no attachment&apos;s URL appears in it." time="0.000057">
        </testcase>
        <testcase classname="test/routes/BaseMailComposeRoute.test.ts" name="rewriteInlineImageSources() Tests &gt; skips an attachment with no contentId, rather than rewriting to &apos;cid:undefined&apos;." time="0.0001066">
        </testcase>
        <testcase classname="test/routes/BaseMailComposeRoute.test.ts" name="rewriteInlineImageSources() Tests &gt; only rewrites the specific attachment referenced, leaving a plain file attachment&apos;s own URL (never inserted inline) alone." time="0.0000588">
        </testcase>
    </testsuite>
    <testsuite name="test/routes/BaseMessageRawContentRoute.test.ts" timestamp="2026-09-15T19:04:34.274Z" hostname="Jane" tests="9" failures="0" errors="0" skipped="0" time="0.0213702">
        <testcase classname="test/routes/BaseMessageRawContentRoute.test.ts" name="BaseMessageRawContentRoute Tests (dependency guard clause only) &gt; raw() throws INTERNAL_ERROR when blobStore/aclUtils are not set." time="0.0161702">
            <system-out>
[DerivedLogger.emit] 2026-09-15T19:04:19.734Z [32minfo[39m: Registering class TestMessageRawContentRoute
[DerivedLogger.emit] 2026-09-15T19:04:19.740Z [34mdebug[39m: Creating new instance of class [TestMessageRawContentRoute] with name [TestMessageRawContentRoute:af9f70a3-e784-4526-9f04-59ab1436f014]

            </system-out>
        </testcase>
        <testcase classname="test/routes/BaseMessageRawContentRoute.test.ts" name="BaseMessageRawContentRoute.raw() Tests (mocked collaborators) &gt; rejects with NOT_FOUND when the message doesn&apos;t exist" time="0.0005312">
        </testcase>
        <testcase classname="test/routes/BaseMessageRawContentRoute.test.ts" name="BaseMessageRawContentRoute.raw() Tests (mocked collaborators) &gt; rejects with NOT_FOUND when the caller lacks READ permission on the folder" time="0.0002836">
        </testcase>
        <testcase classname="test/routes/BaseMessageRawContentRoute.test.ts" name="BaseMessageRawContentRoute.raw() Tests (mocked collaborators) &gt; rejects with NOT_FOUND when the message has no stored body yet" time="0.0002134">
        </testcase>
        <testcase classname="test/routes/BaseMessageRawContentRoute.test.ts" name="BaseMessageRawContentRoute.raw() Tests (mocked collaborators) &gt; streams the raw blob content with a message/rfc822 content type, never as HTML" time="0.0008019">
        </testcase>
        <testcase classname="test/routes/BaseMessageRawContentRoute.test.ts" name="BaseMessageRawContentRoute.raw() Tests (mocked collaborators) &gt; doesn&apos;t audit the mailbox owner reading their own message" time="0.0002741">
        </testcase>
        <testcase classname="test/routes/BaseMessageRawContentRoute.test.ts" name="BaseMessageRawContentRoute.raw() Tests (mocked collaborators) &gt; audits a read by someone other than the mailbox owner as MESSAGE_CONTENT_ACCESSED" time="0.0013428">
            <system-err>
Failed to send telemetry event. Error: EventUtils has not been initialized. Did you call EventUtils.init()?

            </system-err>
        </testcase>
        <testcase classname="test/routes/BaseMessageRawContentRoute.test.ts" name="BaseMessageRawContentRoute.raw() Tests (mocked collaborators) &gt; audits the read when the owning mailbox can&apos;t be found" time="0.0003186">
            <system-err>
Failed to send telemetry event. Error: EventUtils has not been initialized. Did you call EventUtils.init()?

            </system-err>
        </testcase>
        <testcase classname="test/routes/BaseMessageRawContentRoute.test.ts" name="BaseMessageRawContentRoute.raw() Tests (mocked collaborators) &gt; doesn&apos;t audit (or read the mailbox) when the read is refused" time="0.0002958">
        </testcase>
    </testsuite>
    <testsuite name="test/routes/ReactRouteHydration.test.ts" timestamp="2026-09-15T19:04:34.275Z" hostname="Jane" tests="6" failures="0" errors="0" skipped="0" time="0.1778424">
        <testcase classname="test/routes/ReactRouteHydration.test.ts" name="ReactRoute production hydration &gt; resolves a client bundle for every node_modules/@rapidmx/web-client/apps/www page from its compiled module (WwwRoute, mongo)" time="0.0048791">
        </testcase>
        <testcase classname="test/routes/ReactRouteHydration.test.ts" name="ReactRoute production hydration &gt; resolves a client bundle for every node_modules/@rapidmx/web-client/apps/www page from its compiled module (WwwRoute, sql)" time="0.0018322">
        </testcase>
        <testcase classname="test/routes/ReactRouteHydration.test.ts" name="ReactRoute production hydration &gt; resolves a client bundle for every node_modules/@rapidmx/web-client/apps/admin page from its compiled module (AdminConsoleRoute, mongo)" time="0.0021221">
        </testcase>
        <testcase classname="test/routes/ReactRouteHydration.test.ts" name="ReactRoute production hydration &gt; resolves a client bundle for every node_modules/@rapidmx/web-client/apps/admin page from its compiled module (AdminConsoleRoute, sql)" time="0.00206">
        </testcase>
        <testcase classname="test/routes/ReactRouteHydration.test.ts" name="ReactRoute production hydration &gt; resolves a client bundle for every node_modules/@rapidmx/web-client/apps/escrow page from its compiled module (EscrowConsoleRoute, mongo)" time="0.0007692">
        </testcase>
        <testcase classname="test/routes/ReactRouteHydration.test.ts" name="ReactRoute production hydration &gt; resolves a client bundle for every node_modules/@rapidmx/web-client/apps/escrow page from its compiled module (EscrowConsoleRoute, sql)" time="0.0006177">
        </testcase>
    </testsuite>
    <testsuite name="test/routes/RestapiRouteSurface.test.ts" timestamp="2026-09-15T19:04:34.276Z" hostname="Jane" tests="4" failures="0" errors="0" skipped="0" time="0.00453">
        <testcase classname="test/routes/RestapiRouteSurface.test.ts" name="restapi route surface &gt; mongo KeyLookupRoute serves keys/trust and keys/resolve under mail/mailboxes" time="0.0021877">
        </testcase>
        <testcase classname="test/routes/RestapiRouteSurface.test.ts" name="restapi route surface &gt; sql KeyLookupRoute serves keys/trust and keys/resolve under mail/mailboxes" time="0.0002495">
        </testcase>
        <testcase classname="test/routes/RestapiRouteSurface.test.ts" name="restapi route surface &gt; mongo MessageRoute serves PUT /:id/verification-seal under mail/messages" time="0.0005841">
        </testcase>
        <testcase classname="test/routes/RestapiRouteSurface.test.ts" name="restapi route surface &gt; sql MessageRoute serves PUT /:id/verification-seal under mail/messages" time="0.0004304">
        </testcase>
    </testsuite>
</testsuites>
