<?xml version="1.0" encoding="UTF-8" ?>
<testsuites name="vitest tests" tests="795" failures="0" errors="0" time="75.7486984">
    <testsuite name="test/config.defaults.test.ts" timestamp="2026-09-08T07:22:11.484Z" hostname="Jane" tests="4" failures="0" errors="0" skipped="0" time="0.0031274">
        <testcase classname="test/config.defaults.test.ts" name="assertProductionSecretsAreSet &gt; is a no-op outside production, even with every default secret still in effect" time="0.0015661">
        </testcase>
        <testcase classname="test/config.defaults.test.ts" name="assertProductionSecretsAreSet &gt; throws in production when all three secrets still hold their default values" time="0.0002451">
        </testcase>
        <testcase classname="test/config.defaults.test.ts" name="assertProductionSecretsAreSet &gt; throws naming only the specific secret(s) still at their default" time="0.0001688">
        </testcase>
        <testcase classname="test/config.defaults.test.ts" name="assertProductionSecretsAreSet &gt; does not throw in production once all three secrets have been overridden" time="0.0001256">
        </testcase>
    </testsuite>
    <testsuite name="test/Server.mongo.test.ts" timestamp="2026-09-08T07:22:11.487Z" hostname="Jane" tests="3" failures="0" errors="0" skipped="0" time="4.7311051">
        <testcase classname="test/Server.mongo.test.ts" name="Server Tests &gt; Can start server." time="2.0136717">
            <system-out>
[DerivedLogger.emit] 2026-09-08T07:19:52.494Z [32minfo[39m: Starting server...

[DerivedLogger.emit] 2026-09-08T07:19:52.495Z [32minfo[39m: Registering class OpenApiSpec
[DerivedLogger.emit] 2026-09-08T07:19:52.495Z [34mdebug[39m: Creating new instance of class [OpenApiSpec] with name [OpenApiSpec:default]

[DerivedLogger.emit] 2026-09-08T07:19:52.497Z [32minfo[39m: Registering class ConnectionManager
[DerivedLogger.emit] 2026-09-08T07:19:52.497Z [34mdebug[39m: Creating new instance of class [ConnectionManager] with name [ConnectionManager:default]

[DerivedLogger.emit] 2026-09-08T07:19:52.498Z [32minfo[39m: Loading all service classes...

[DerivedLogger.emit] 2026-09-08T07:19:52.854Z [32minfo[39m: Registering class routes.ACLRoute
[DerivedLogger.emit] 2026-09-08T07:19:52.854Z [32minfo[39m: Registering class routes.AdminRoute
[DerivedLogger.emit] 2026-09-08T07:19:52.855Z [32minfo[39m: Registering class routes.MetricsRoute
[DerivedLogger.emit] 2026-09-08T07:19:52.855Z [32minfo[39m: Registering class routes.PushRoute
[DerivedLogger.emit] 2026-09-08T07:19:52.855Z [32minfo[39m: Registering class routes.OpenAPIRoute
[DerivedLogger.emit] 2026-09-08T07:19:52.856Z [32minfo[39m: Registering class routes.StatusRoute
[DerivedLogger.emit] 2026-09-08T07:19:52.856Z [32minfo[39m: Registering class routes.GiphySearchRoute
[DerivedLogger.emit] 2026-09-08T07:19:52.856Z [32minfo[39m: Registering class routes.AdminConsoleRoute
[DerivedLogger.emit] 2026-09-08T07:19:52.856Z [32minfo[39m: Registering class routes.WwwRoute
[DerivedLogger.emit] 2026-09-08T07:19:52.857Z [32minfo[39m: Registering class AttachmentExtractionJobMongo
[DerivedLogger.emit] 2026-09-08T07:19:52.857Z [32minfo[39m: Registering class CalendarReminderJobMongo
[DerivedLogger.emit] 2026-09-08T07:19:52.857Z [32minfo[39m: Registering class EasDeviceStateCleanupJobMongo
[DerivedLogger.emit] 2026-09-08T07:19:52.857Z [32minfo[39m: Registering class ExternalShareExpirationJobMongo
[DerivedLogger.emit] 2026-09-08T07:19:52.858Z [32minfo[39m: Registering class MailboxQuotaRecalcJobMongo
[DerivedLogger.emit] 2026-09-08T07:19:52.858Z [32minfo[39m: Registering class MeetingSchedulingJobMongo
[DerivedLogger.emit] 2026-09-08T07:19:52.858Z [32minfo[39m: Registering class QuarantineRetentionJobMongo
[DerivedLogger.emit] 2026-09-08T07:19:52.858Z [32minfo[39m: Registering class ScanQueueJobMongo
[DerivedLogger.emit] 2026-09-08T07:19:52.859Z [32minfo[39m: Registering class SearchIndexJobMongo
[DerivedLogger.emit] 2026-09-08T07:19:52.859Z [32minfo[39m: Registering class AttachmentMongo
[DerivedLogger.emit] 2026-09-08T07:19:52.859Z [32minfo[39m: Registering class CalendarEventMongo
[DerivedLogger.emit] 2026-09-08T07:19:52.859Z [32minfo[39m: Registering class CalendarShareLinkMongo
[DerivedLogger.emit] 2026-09-08T07:19:52.860Z [32minfo[39m: Registering class ContactListMongo
[DerivedLogger.emit] 2026-09-08T07:19:52.860Z [32minfo[39m: Registering class ContactMongo
[DerivedLogger.emit] 2026-09-08T07:19:52.860Z [32minfo[39m: Registering class DeviceSyncStateMongo
[DerivedLogger.emit] 2026-09-08T07:19:52.860Z [32minfo[39m: Registering class FolderMongo
[DerivedLogger.emit] 2026-09-08T07:19:52.861Z [32minfo[39m: Registering class IngestQueueEntryMongo
[DerivedLogger.emit] 2026-09-08T07:19:52.861Z [32minfo[39m: Registering class MailboxMongo
[DerivedLogger.emit] 2026-09-08T07:19:52.861Z [32minfo[39m: Registering class MessageMongo
[DerivedLogger.emit] 2026-09-08T07:19:52.861Z [32minfo[39m: Registering class NoteMongo
[DerivedLogger.emit] 2026-09-08T07:19:52.862Z [32minfo[39m: Registering class QuarantineEntryMongo
[DerivedLogger.emit] 2026-09-08T07:19:52.862Z [32minfo[39m: Registering class ScanResultMongo
[DerivedLogger.emit] 2026-09-08T07:19:52.862Z [32minfo[39m: Registering class SearchIndexStateMongo
[DerivedLogger.emit] 2026-09-08T07:19:52.862Z [32minfo[39m: Registering class TaskListMongo
[DerivedLogger.emit] 2026-09-08T07:19:52.863Z [32minfo[39m: Registering class TaskMongo
[DerivedLogger.emit] 2026-09-08T07:19:52.863Z [32minfo[39m: Registering class routes.TaskListRoute
[DerivedLogger.emit] 2026-09-08T07:19:52.863Z [32minfo[39m: Registering class routes.NoteRoute
[DerivedLogger.emit] 2026-09-08T07:19:52.863Z [32minfo[39m: Registering class routes.MailboxRoute
[DerivedLogger.emit] 2026-09-08T07:19:52.864Z [32minfo[39m: Registering class routes.MessageRoute
[DerivedLogger.emit] 2026-09-08T07:19:52.864Z [32minfo[39m: Registering class routes.ContactListRoute
[DerivedLogger.emit] 2026-09-08T07:19:52.864Z [32minfo[39m: Registering class routes.CalendarEventRoute
[DerivedLogger.emit] 2026-09-08T07:19:52.864Z [32minfo[39m: Registering class routes.ContactRoute
[DerivedLogger.emit] 2026-09-08T07:19:52.865Z [32minfo[39m: Registering class routes.CalendarShareLinkRoute
[DerivedLogger.emit] 2026-09-08T07:19:52.865Z [32minfo[39m: Registering class routes.IngestQueueRoute
[DerivedLogger.emit] 2026-09-08T07:19:52.865Z [32minfo[39m: Registering class routes.QuarantineRoute
[DerivedLogger.emit] 2026-09-08T07:19:52.866Z [32minfo[39m: Registering class routes.AttachmentRoute
[DerivedLogger.emit] 2026-09-08T07:19:52.866Z [32minfo[39m: Registering class routes.FolderRoute
[DerivedLogger.emit] 2026-09-08T07:19:52.866Z [32minfo[39m: Registering class routes.TaskRoute
[DerivedLogger.emit] 2026-09-08T07:19:52.867Z [32minfo[39m: Registering class routes.MailIngestRoute
[DerivedLogger.emit] 2026-09-08T07:19:52.867Z [32minfo[39m: Registering class routes.SearchRoute
[DerivedLogger.emit] 2026-09-08T07:19:52.867Z [32minfo[39m: Registering class routes.MailComposeRoute
[DerivedLogger.emit] 2026-09-08T07:19:52.867Z [32minfo[39m: Scanning for data models...
[DerivedLogger.emit] 2026-09-08T07:19:52.871Z [32minfo[39m: Initializing database connection(s)...
[ConnectionManager.emit] 2026-09-08T07:19:52.871Z [32minfo[39m: Connecting to database cache [redis://localhost]...

[ConnectionManager.emit] 2026-09-08T07:19:52.883Z [32minfo[39m: Connecting to database events [redis://localhost]...

[ConnectionManager.emit] 2026-09-08T07:19:52.883Z [32minfo[39m: Connecting to database logs [redis://localhost]...

[ConnectionManager.emit] 2026-09-08T07:19:52.884Z [32minfo[39m: Connecting to database acl [mongodb://localhost:9999/acls]...
[ConnectionManager.emit] 2026-09-08T07:19:52.884Z [32minfo[39m: Connecting to database mongo [mongodb://localhost:9999/rrst_auth]...

[ConnectionManager.emit] 2026-09-08T07:19:52.910Z [33mwarn[39m: Datastore &apos;acl&apos; is a standalone MongoDB instance and does not support multi-document transactions. @Transactional will run without a transaction for models on this datastore. Configure MongoDB as a replica set (or sharded cluster) to enable it.

[ConnectionManager.emit] 2026-09-08T07:19:52.912Z [33mwarn[39m: Datastore &apos;mongo&apos; is a standalone MongoDB instance and does not support multi-document transactions. @Transactional will run without a transaction for models on this datastore. Configure MongoDB as a replica set (or sharded cluster) to enable it.

[ConnectionManager.emit] 2026-09-08T07:19:52.921Z [34mdebug[39m: Created collection: access_control_list_mongo

[ConnectionManager.emit] 2026-09-08T07:19:52.923Z [34mdebug[39m: Creating index parentUid on collection access_control_list_mongo.

[ConnectionManager.emit] 2026-09-08T07:19:52.925Z [34mdebug[39m: Created collection: attachment_mongo

[ConnectionManager.emit] 2026-09-08T07:19:52.926Z [34mdebug[39m: Creating index attachment_mailbox on collection attachment_mongo.

[ConnectionManager.emit] 2026-09-08T07:19:52.927Z [34mdebug[39m: Creating index uid on collection access_control_list_mongo.

[ConnectionManager.emit] 2026-09-08T07:19:52.929Z [34mdebug[39m: Creating index attachment_folder on collection attachment_mongo.

[ConnectionManager.emit] 2026-09-08T07:19:52.932Z [34mdebug[39m: Creating index uid_version on collection access_control_list_mongo.

[ConnectionManager.emit] 2026-09-08T07:19:52.934Z [34mdebug[39m: Creating index attachment_message on collection attachment_mongo.

[ConnectionManager.emit] 2026-09-08T07:19:52.938Z [34mdebug[39m: Creating index uid on collection attachment_mongo.

[ConnectionManager.emit] 2026-09-08T07:19:52.942Z [34mdebug[39m: Creating index uid_version on collection attachment_mongo.

[ConnectionManager.emit] 2026-09-08T07:19:52.949Z [34mdebug[39m: Created collection: calendar_event_mongo

[ConnectionManager.emit] 2026-09-08T07:19:52.950Z [34mdebug[39m: Creating index calevent_ical_uid on collection calendar_event_mongo.

[ConnectionManager.emit] 2026-09-08T07:19:52.953Z [34mdebug[39m: Creating index calevent_folder on collection calendar_event_mongo.

[ConnectionManager.emit] 2026-09-08T07:19:52.956Z [34mdebug[39m: Creating index uid on collection calendar_event_mongo.

[ConnectionManager.emit] 2026-09-08T07:19:52.960Z [34mdebug[39m: Creating index uid_version on collection calendar_event_mongo.

[ConnectionManager.emit] 2026-09-08T07:19:52.967Z [34mdebug[39m: Created collection: calendar_share_link_mongo

[ConnectionManager.emit] 2026-09-08T07:19:52.968Z [34mdebug[39m: Creating index calsharelink_folder on collection calendar_share_link_mongo.

[ConnectionManager.emit] 2026-09-08T07:19:52.971Z [34mdebug[39m: Creating index calsharelink_token on collection calendar_share_link_mongo.

[ConnectionManager.emit] 2026-09-08T07:19:52.974Z [34mdebug[39m: Creating index uid on collection calendar_share_link_mongo.

[ConnectionManager.emit] 2026-09-08T07:19:52.977Z [34mdebug[39m: Creating index uid_version on collection calendar_share_link_mongo.

[ConnectionManager.emit] 2026-09-08T07:19:52.984Z [34mdebug[39m: Created collection: contact_list_mongo

[ConnectionManager.emit] 2026-09-08T07:19:52.985Z [34mdebug[39m: Creating index contactlist_mailbox on collection contact_list_mongo.

[ConnectionManager.emit] 2026-09-08T07:19:52.988Z [34mdebug[39m: Creating index uid on collection contact_list_mongo.

[ConnectionManager.emit] 2026-09-08T07:19:52.992Z [34mdebug[39m: Creating index uid_version on collection contact_list_mongo.

[ConnectionManager.emit] 2026-09-08T07:19:52.999Z [34mdebug[39m: Created collection: contact_mongo

[ConnectionManager.emit] 2026-09-08T07:19:53.001Z [34mdebug[39m: Creating index contact_folder on collection contact_mongo.

[ConnectionManager.emit] 2026-09-08T07:19:53.004Z [34mdebug[39m: Creating index contact_mailbox on collection contact_mongo.

[ConnectionManager.emit] 2026-09-08T07:19:53.008Z [34mdebug[39m: Creating index uid on collection contact_mongo.

[ConnectionManager.emit] 2026-09-08T07:19:53.011Z [34mdebug[39m: Creating index uid_version on collection contact_mongo.

[ConnectionManager.emit] 2026-09-08T07:19:53.022Z [34mdebug[39m: Created collection: device_sync_state_mongo

[ConnectionManager.emit] 2026-09-08T07:19:53.023Z [34mdebug[39m: Creating index devicesyncstate_mailbox_device on collection device_sync_state_mongo.

[ConnectionManager.emit] 2026-09-08T07:19:53.032Z [34mdebug[39m: Creating index uid on collection device_sync_state_mongo.

[ConnectionManager.emit] 2026-09-08T07:19:53.036Z [34mdebug[39m: Creating index uid_version on collection device_sync_state_mongo.

[ConnectionManager.emit] 2026-09-08T07:19:53.045Z [34mdebug[39m: Created collection: folder_mongo

[ConnectionManager.emit] 2026-09-08T07:19:53.046Z [34mdebug[39m: Creating index folder_parent on collection folder_mongo.

[ConnectionManager.emit] 2026-09-08T07:19:53.049Z [34mdebug[39m: Creating index folder_mailbox on collection folder_mongo.

[ConnectionManager.emit] 2026-09-08T07:19:53.052Z [34mdebug[39m: Creating index uid on collection folder_mongo.

[ConnectionManager.emit] 2026-09-08T07:19:53.055Z [34mdebug[39m: Creating index uid_version on collection folder_mongo.

[ConnectionManager.emit] 2026-09-08T07:19:53.062Z [34mdebug[39m: Created collection: ingest_queue_entry_mongo

[ConnectionManager.emit] 2026-09-08T07:19:53.063Z [34mdebug[39m: Creating index ingestqueue_mailbox on collection ingest_queue_entry_mongo.

[ConnectionManager.emit] 2026-09-08T07:19:53.066Z [34mdebug[39m: Creating index ingestqueue_status on collection ingest_queue_entry_mongo.

[ConnectionManager.emit] 2026-09-08T07:19:53.069Z [34mdebug[39m: Creating index uid on collection ingest_queue_entry_mongo.

[ConnectionManager.emit] 2026-09-08T07:19:53.072Z [34mdebug[39m: Creating index uid_version on collection ingest_queue_entry_mongo.

[ConnectionManager.emit] 2026-09-08T07:19:53.082Z [34mdebug[39m: Created collection: mailbox_mongo

[ConnectionManager.emit] 2026-09-08T07:19:53.083Z [34mdebug[39m: Creating index mailbox_primary_smtp on collection mailbox_mongo.

[ConnectionManager.emit] 2026-09-08T07:19:53.086Z [34mdebug[39m: Creating index mailbox_owner on collection mailbox_mongo.

[ConnectionManager.emit] 2026-09-08T07:19:53.089Z [34mdebug[39m: Creating index uid on collection mailbox_mongo.

[ConnectionManager.emit] 2026-09-08T07:19:53.098Z [34mdebug[39m: Creating index uid_version on collection mailbox_mongo.

[ConnectionManager.emit] 2026-09-08T07:19:53.107Z [34mdebug[39m: Created collection: message_mongo

[ConnectionManager.emit] 2026-09-08T07:19:53.108Z [34mdebug[39m: Creating index message_id on collection message_mongo.

[ConnectionManager.emit] 2026-09-08T07:19:53.112Z [34mdebug[39m: Creating index message_mailbox on collection message_mongo.

[ConnectionManager.emit] 2026-09-08T07:19:53.115Z [34mdebug[39m: Creating index message_folder on collection message_mongo.

[ConnectionManager.emit] 2026-09-08T07:19:53.118Z [34mdebug[39m: Creating index uid on collection message_mongo.

[ConnectionManager.emit] 2026-09-08T07:19:53.122Z [34mdebug[39m: Creating index uid_version on collection message_mongo.

[ConnectionManager.emit] 2026-09-08T07:19:53.130Z [34mdebug[39m: Created collection: note_mongo

[ConnectionManager.emit] 2026-09-08T07:19:53.131Z [34mdebug[39m: Creating index note_folder on collection note_mongo.

[ConnectionManager.emit] 2026-09-08T07:19:53.135Z [34mdebug[39m: Creating index uid on collection note_mongo.

[ConnectionManager.emit] 2026-09-08T07:19:53.138Z [34mdebug[39m: Creating index uid_version on collection note_mongo.

[ConnectionManager.emit] 2026-09-08T07:19:53.146Z [34mdebug[39m: Created collection: quarantine_entry_mongo

[ConnectionManager.emit] 2026-09-08T07:19:53.147Z [34mdebug[39m: Creating index quarantine_mailbox on collection quarantine_entry_mongo.

[ConnectionManager.emit] 2026-09-08T07:19:53.150Z [34mdebug[39m: Creating index uid on collection quarantine_entry_mongo.

[ConnectionManager.emit] 2026-09-08T07:19:53.153Z [34mdebug[39m: Creating index uid_version on collection quarantine_entry_mongo.

[ConnectionManager.emit] 2026-09-08T07:19:53.160Z [34mdebug[39m: Created collection: scan_result_mongo

[ConnectionManager.emit] 2026-09-08T07:19:53.161Z [34mdebug[39m: Creating index scanresult_target on collection scan_result_mongo.

[ConnectionManager.emit] 2026-09-08T07:19:53.164Z [34mdebug[39m: Creating index uid on collection scan_result_mongo.

[ConnectionManager.emit] 2026-09-08T07:19:53.166Z [34mdebug[39m: Creating index uid_version on collection scan_result_mongo.

[ConnectionManager.emit] 2026-09-08T07:19:53.174Z [34mdebug[39m: Created collection: search_index_state_mongo

[ConnectionManager.emit] 2026-09-08T07:19:53.175Z [34mdebug[39m: Creating index searchindexstate_entity on collection search_index_state_mongo.

[ConnectionManager.emit] 2026-09-08T07:19:53.178Z [34mdebug[39m: Creating index uid on collection search_index_state_mongo.

[ConnectionManager.emit] 2026-09-08T07:19:53.182Z [34mdebug[39m: Creating index uid_version on collection search_index_state_mongo.

[ConnectionManager.emit] 2026-09-08T07:19:53.189Z [34mdebug[39m: Created collection: task_list_mongo

[ConnectionManager.emit] 2026-09-08T07:19:53.190Z [34mdebug[39m: Creating index tasklist_mailbox on collection task_list_mongo.

[ConnectionManager.emit] 2026-09-08T07:19:53.193Z [34mdebug[39m: Creating index uid on collection task_list_mongo.

[ConnectionManager.emit] 2026-09-08T07:19:53.196Z [34mdebug[39m: Creating index uid_version on collection task_list_mongo.

[ConnectionManager.emit] 2026-09-08T07:19:53.204Z [34mdebug[39m: Created collection: task_mongo

[ConnectionManager.emit] 2026-09-08T07:19:53.205Z [34mdebug[39m: Creating index task_folder on collection task_mongo.

[ConnectionManager.emit] 2026-09-08T07:19:53.208Z [34mdebug[39m: Creating index uid on collection task_mongo.

[ConnectionManager.emit] 2026-09-08T07:19:53.213Z [34mdebug[39m: Creating index uid_version on collection task_mongo.

[ConnectionManager.emit] 2026-09-08T07:19:53.216Z [32minfo[39m: Successfully connected to all configured databases.

[DerivedLogger.emit] 2026-09-08T07:19:53.217Z [32minfo[39m: Registering class ACLUtils
[DerivedLogger.emit] 2026-09-08T07:19:53.217Z [34mdebug[39m: Creating new instance of class [ACLUtils] with name [ACLUtils:default]
[DerivedLogger.emit] 2026-09-08T07:19:53.218Z [32minfo[39m: Registering class RedisCache
[DerivedLogger.emit] 2026-09-08T07:19:53.219Z [34mdebug[39m: Creating new instance of class [RedisCache] with name [RedisCache:AccessControlListMongo]

[ACLUtils.emit] 2026-09-08T07:19:53.220Z [32minfo[39m: RBAC system is enabled and ready.

[DerivedLogger.emit] 2026-09-08T07:19:53.233Z [32minfo[39m: Registering class RouteUtils
[DerivedLogger.emit] 2026-09-08T07:19:53.234Z [34mdebug[39m: Creating new instance of class [RouteUtils] with name [RouteUtils:default]
[DerivedLogger.emit] 2026-09-08T07:19:53.234Z [32minfo[39m: Registering class AuthMiddleware
[DerivedLogger.emit] 2026-09-08T07:19:53.235Z [34mdebug[39m: Creating new instance of class [AuthMiddleware] with name [AuthMiddleware:default]
[DerivedLogger.emit] 2026-09-08T07:19:53.235Z [32minfo[39m: Registering class auth.JWTStrategy
[DerivedLogger.emit] 2026-09-08T07:19:53.236Z [34mdebug[39m: Creating new instance of class [auth.JWTStrategy] with name [auth.JWTStrategy:eacde751-4553-4606-bb03-087bbcdd3a76]

[DerivedLogger.emit] 2026-09-08T07:19:53.237Z [32minfo[39m: Starting background services...
[DerivedLogger.emit] 2026-09-08T07:19:53.237Z [32minfo[39m: Registering class BackgroundServiceManager
[DerivedLogger.emit] 2026-09-08T07:19:53.238Z [34mdebug[39m: Creating new instance of class [BackgroundServiceManager] with name [BackgroundServiceManager:default]

[BackgroundServiceManager.emit] 2026-09-08T07:19:53.238Z [32minfo[39m: Starting service AttachmentExtractionJobMongo...
[DerivedLogger.emit] 2026-09-08T07:19:53.239Z [34mdebug[39m: Creating new instance of class [AttachmentExtractionJobMongo] with name [AttachmentExtractionJobMongo:AttachmentExtractionJobMongo]
[DerivedLogger.emit] 2026-09-08T07:19:53.240Z [32minfo[39m: Unable to register class undefined for BlobStore/undefined
[DerivedLogger.emit] 2026-09-08T07:19:53.240Z [34mdebug[39m: Creating new instance of class [BlobStore] with name [BlobStore:default]
[DerivedLogger.emit] 2026-09-08T07:19:53.241Z [32minfo[39m: Registering class RepoUtils
[DerivedLogger.emit] 2026-09-08T07:19:53.242Z [34mdebug[39m: Creating new instance of class [RepoUtils] with name [RepoUtils:AttachmentMongo]
[DerivedLogger.emit] 2026-09-08T07:19:53.242Z [32minfo[39m: Unable to register class undefined for ACLUtils/undefined
[DerivedLogger.emit] 2026-09-08T07:19:53.243Z [32minfo[39m: Registering class NotificationUtils
[DerivedLogger.emit] 2026-09-08T07:19:53.244Z [34mdebug[39m: Creating new instance of class [NotificationUtils] with name [NotificationUtils:default]

[DerivedLogger.emit] 2026-09-08T07:19:53.249Z [32minfo[39m: Registering class RecoverableRepoUtils
[DerivedLogger.emit] 2026-09-08T07:19:53.250Z [34mdebug[39m: Creating new instance of class [RecoverableRepoUtils] with name [RecoverableRepoUtils:MessageMongo]
[DerivedLogger.emit] 2026-09-08T07:19:53.251Z [32minfo[39m: Unable to register class undefined for ACLUtils/undefined

[BackgroundServiceManager.emit] 2026-09-08T07:19:53.278Z [32minfo[39m: Starting service CalendarReminderJobMongo...
[DerivedLogger.emit] 2026-09-08T07:19:53.279Z [34mdebug[39m: Creating new instance of class [CalendarReminderJobMongo] with name [CalendarReminderJobMongo:CalendarReminderJobMongo]
[DerivedLogger.emit] 2026-09-08T07:19:53.280Z [34mdebug[39m: Creating new instance of class [RecoverableRepoUtils] with name [RecoverableRepoUtils:CalendarEventMongo]
[DerivedLogger.emit] 2026-09-08T07:19:53.281Z [32minfo[39m: Unable to register class undefined for ACLUtils/undefined

[BackgroundServiceManager.emit] 2026-09-08T07:19:53.288Z [32minfo[39m: Starting service EasDeviceStateCleanupJobMongo...
[DerivedLogger.emit] 2026-09-08T07:19:53.289Z [34mdebug[39m: Creating new instance of class [EasDeviceStateCleanupJobMongo] with name [EasDeviceStateCleanupJobMongo:EasDeviceStateCleanupJobMongo]
[DerivedLogger.emit] 2026-09-08T07:19:53.289Z [34mdebug[39m: Creating new instance of class [RepoUtils] with name [RepoUtils:DeviceSyncStateMongo]
[DerivedLogger.emit] 2026-09-08T07:19:53.290Z [32minfo[39m: Unable to register class undefined for ACLUtils/undefined

[BackgroundServiceManager.emit] 2026-09-08T07:19:53.294Z [32minfo[39m: Starting service ExternalShareExpirationJobMongo...
[DerivedLogger.emit] 2026-09-08T07:19:53.294Z [34mdebug[39m: Creating new instance of class [ExternalShareExpirationJobMongo] with name [ExternalShareExpirationJobMongo:ExternalShareExpirationJobMongo]
[DerivedLogger.emit] 2026-09-08T07:19:53.295Z [34mdebug[39m: Creating new instance of class [RepoUtils] with name [RepoUtils:CalendarShareLinkMongo]
[DerivedLogger.emit] 2026-09-08T07:19:53.296Z [32minfo[39m: Unable to register class undefined for ACLUtils/undefined

[BackgroundServiceManager.emit] 2026-09-08T07:19:53.299Z [32minfo[39m: Starting service MailboxQuotaRecalcJobMongo...
[DerivedLogger.emit] 2026-09-08T07:19:53.300Z [34mdebug[39m: Creating new instance of class [MailboxQuotaRecalcJobMongo] with name [MailboxQuotaRecalcJobMongo:MailboxQuotaRecalcJobMongo]
[DerivedLogger.emit] 2026-09-08T07:19:53.300Z [32minfo[39m: Unable to register class undefined for BlobStore/undefined
[DerivedLogger.emit] 2026-09-08T07:19:53.301Z [34mdebug[39m: Creating new instance of class [RepoUtils] with name [RepoUtils:MailboxMongo]
[DerivedLogger.emit] 2026-09-08T07:19:53.302Z [32minfo[39m: Unable to register class undefined for ACLUtils/undefined

[BackgroundServiceManager.emit] 2026-09-08T07:19:53.305Z [32minfo[39m: Starting service MeetingSchedulingJobMongo...
[DerivedLogger.emit] 2026-09-08T07:19:53.306Z [34mdebug[39m: Creating new instance of class [MeetingSchedulingJobMongo] with name [MeetingSchedulingJobMongo:MeetingSchedulingJobMongo]

[BackgroundServiceManager.emit] 2026-09-08T07:19:53.307Z [32minfo[39m: Starting service QuarantineRetentionJobMongo...
[DerivedLogger.emit] 2026-09-08T07:19:53.307Z [34mdebug[39m: Creating new instance of class [QuarantineRetentionJobMongo] with name [QuarantineRetentionJobMongo:QuarantineRetentionJobMongo]
[DerivedLogger.emit] 2026-09-08T07:19:53.308Z [34mdebug[39m: Creating new instance of class [RepoUtils] with name [RepoUtils:QuarantineEntryMongo]
[DerivedLogger.emit] 2026-09-08T07:19:53.308Z [32minfo[39m: Unable to register class undefined for ACLUtils/undefined

[BackgroundServiceManager.emit] 2026-09-08T07:19:53.311Z [32minfo[39m: Starting service ScanQueueJobMongo...
[DerivedLogger.emit] 2026-09-08T07:19:53.312Z [34mdebug[39m: Creating new instance of class [ScanQueueJobMongo] with name [ScanQueueJobMongo:ScanQueueJobMongo]
[DerivedLogger.emit] 2026-09-08T07:19:53.312Z [32minfo[39m: Unable to register class undefined for BlobStore/undefined
[DerivedLogger.emit] 2026-09-08T07:19:53.313Z [32minfo[39m: Registering class ScanPipeline
[DerivedLogger.emit] 2026-09-08T07:19:53.313Z [34mdebug[39m: Creating new instance of class [ScanPipeline] with name [ScanPipeline:default]
[DerivedLogger.emit] 2026-09-08T07:19:53.314Z [34mdebug[39m: Creating new instance of class [RepoUtils] with name [RepoUtils:IngestQueueEntryMongo]
[DerivedLogger.emit] 2026-09-08T07:19:53.315Z [32minfo[39m: Unable to register class undefined for ACLUtils/undefined

[DerivedLogger.emit] 2026-09-08T07:19:53.315Z [31merror[39m: Failed to instantiate dependency. Type=class ScanPipeline {
    async run(raw, envelope) {
        if (!this.spamScanProvider || !this.avScanProvider) {
            throw new Error(&quot;ScanPipeline requires both a SpamScanProvider and an AvScanProvider to be registered. &quot; +
                &quot;Configure `scan:spam:provider`/`scan:av:provider`.&quot;);
        };
        const parsed = await (0,__vite_ssr_import_1__.simpleParser)(raw);
        const [spam, rawAv, attachmentResults] = await Promise.all([
            this.spamScanProvider.scoreMessage(raw, envelope),
            this.avScanProvider.scanBuffer(raw),
            this.scanAttachments(parsed.attachments ?? []),
        ]);
        let worstAv = rawAv;
        for (const attachment of attachmentResults) {
            if (AV_SEVERITY[attachment.av.verdict] &gt; AV_SEVERITY[worstAv.verdict]) {
                worstAv = attachment.av;
            }
        };
        const sanitizedHtml = typeof parsed.html === &quot;string&quot; ? this.sanitize(parsed.html) : undefined;
        return { spam, av: worstAv, attachments: attachmentResults, sanitizedHtml };
    }
    async scanAttachments(attachments) {
        const results = [];
        for (const attachment of attachments) {
            const av = await this.avScanProvider.scanBuffer(attachment.content, attachment.filename);
            results.push({
                filename: attachment.filename,
                contentType: attachment.contentType,
                content: attachment.content,
                contentId: attachment.contentId,
                isInline: attachment.contentDisposition === &quot;inline&quot;,
                av,
            });
        };
        return results;
    }
    /**
     * Strips `&lt;script&gt;` tags and other active/executable content from an HTML body. Defense in depth alongside
     * clamd&apos;s own HTML/JS signature detection (run against the raw message above) and whatever sandboxing the
     * eventual client renderer applies.
     */
    sanitize(html) {
        return (0,__vite_ssr_import_0__.default)(html, {
            allowedTags: this.allowedTags ?? __vite_ssr_import_0__.default.defaults.allowedTags.filter((tag) =&gt; tag !== &quot;script&quot;),
            allowVulnerableTags: false,
            disallowedTagsMode: &quot;discard&quot;,
            allowedSchemes: [&quot;http&quot;, &quot;https&quot;, &quot;mailto&quot;, &quot;cid&quot;],
        });
    }
}, Parent=ScanQueueJobMongo, Member=scanPipeline
[DerivedLogger.emit] 2026-09-08T07:19:53.316Z [34mdebug[39m: undefined

[DerivedLogger.emit] 2026-09-08T07:19:53.321Z [34mdebug[39m: Creating new instance of class [RecoverableRepoUtils] with name [RecoverableRepoUtils:FolderMongo]
[DerivedLogger.emit] 2026-09-08T07:19:53.322Z [32minfo[39m: Unable to register class undefined for ACLUtils/undefined

[DerivedLogger.emit] 2026-09-08T07:19:53.324Z [34mdebug[39m: Creating new instance of class [RepoUtils] with name [RepoUtils:ScanResultMongo]
[DerivedLogger.emit] 2026-09-08T07:19:53.325Z [32minfo[39m: Unable to register class undefined for ACLUtils/undefined

[BackgroundServiceManager.emit] 2026-09-08T07:19:53.327Z [32minfo[39m: Starting service SearchIndexJobMongo...
[DerivedLogger.emit] 2026-09-08T07:19:53.328Z [34mdebug[39m: Creating new instance of class [SearchIndexJobMongo] with name [SearchIndexJobMongo:SearchIndexJobMongo]
[DerivedLogger.emit] 2026-09-08T07:19:53.328Z [32minfo[39m: Unable to register class undefined for BlobStore/undefined
[DerivedLogger.emit] 2026-09-08T07:19:53.329Z [32minfo[39m: Unable to register class undefined for SearchProvider/undefined
[DerivedLogger.emit] 2026-09-08T07:19:53.329Z [34mdebug[39m: Creating new instance of class [SearchProvider] with name [SearchProvider:default]

[DerivedLogger.emit] 2026-09-08T07:19:53.343Z [32minfo[39m: Initializing event manager...
[DerivedLogger.emit] 2026-09-08T07:19:53.343Z [32minfo[39m: Registering class EventListenerManager
[DerivedLogger.emit] 2026-09-08T07:19:53.344Z [34mdebug[39m: Creating new instance of class [EventListenerManager] with name [EventListenerManager:default]

[DerivedLogger.emit] 2026-09-08T07:19:53.345Z [32minfo[39m: Scanning for routes...
[DerivedLogger.emit] 2026-09-08T07:19:53.345Z [34mdebug[39m: Creating new instance of class [routes.ACLRoute] with name [routes.ACLRoute:default]
[DerivedLogger.emit] 2026-09-08T07:19:53.346Z [34mdebug[39m: Creating new instance of class [RepoUtils] with name [RepoUtils:AccessControlListMongo]
[DerivedLogger.emit] 2026-09-08T07:19:53.347Z [32minfo[39m: Unable to register class undefined for ACLUtils/undefined

[RouteUtils.emit] 2026-09-08T07:19:53.348Z [32minfo[39m: Registered Route: HEAD /api/acls
[RouteUtils.emit] 2026-09-08T07:19:53.350Z [32minfo[39m: Registered Route: POST /api/acls
[RouteUtils.emit] 2026-09-08T07:19:53.350Z [32minfo[39m: Registered Route: DELETE /api/acls/:id
[RouteUtils.emit] 2026-09-08T07:19:53.351Z [32minfo[39m: Registered Route: HEAD /api/acls/:id
[RouteUtils.emit] 2026-09-08T07:19:53.351Z [32minfo[39m: Registered Route: GET /api/acls
[RouteUtils.emit] 2026-09-08T07:19:53.352Z [32minfo[39m: Registered Route: GET /api/acls/:id
[RouteUtils.emit] 2026-09-08T07:19:53.352Z [32minfo[39m: Registered Route: DELETE /api/acls
[RouteUtils.emit] 2026-09-08T07:19:53.352Z [32minfo[39m: Registered Route: PUT /api/acls/:id
[RouteUtils.emit] 2026-09-08T07:19:53.353Z [32minfo[39m: Registered Route: PUT /api/acls/:id/:property
[RouteUtils.emit] 2026-09-08T07:19:53.353Z [32minfo[39m: Registered Route: PUT /api/acls

[DerivedLogger.emit] 2026-09-08T07:19:53.354Z [34mdebug[39m: Creating new instance of class [routes.AdminRoute] with name [routes.AdminRoute:default]

[routes.AdminRoute.emit] 2026-09-08T07:19:53.354Z [32minfo[39m: Cache is enabled and ready.

[RouteUtils.emit] 2026-09-08T07:19:53.355Z [32minfo[39m: Registered Route: GET /api/admin/clear-cache
[RouteUtils.emit] 2026-09-08T07:19:53.356Z [32minfo[39m: Registered Route: WS /api/admin/logs
[RouteUtils.emit] 2026-09-08T07:19:53.356Z [32minfo[39m: Registered Route: GET /api/admin/release-notes
[RouteUtils.emit] 2026-09-08T07:19:53.357Z [32minfo[39m: Registered Route: GET /api/admin/restart

[DerivedLogger.emit] 2026-09-08T07:19:53.357Z [34mdebug[39m: Creating new instance of class [routes.MetricsRoute] with name [routes.MetricsRoute:default]

[RouteUtils.emit] 2026-09-08T07:19:53.358Z [32minfo[39m: Registered Route: GET /api/metrics
[RouteUtils.emit] 2026-09-08T07:19:53.358Z [32minfo[39m: Registered Route: GET /api/metrics/:metric

[DerivedLogger.emit] 2026-09-08T07:19:53.359Z [34mdebug[39m: Creating new instance of class [routes.PushRoute] with name [routes.PushRoute:default]

[RouteUtils.emit] 2026-09-08T07:19:53.359Z [32minfo[39m: Registered Route: WS /push
[RouteUtils.emit] 2026-09-08T07:19:53.360Z [32minfo[39m: Registered Route: POST /push/:id

[DerivedLogger.emit] 2026-09-08T07:19:53.360Z [34mdebug[39m: Creating new instance of class [routes.OpenAPIRoute] with name [routes.OpenAPIRoute:default]

[RouteUtils.emit] 2026-09-08T07:19:53.361Z [32minfo[39m: Registered Route: GET /api/openapi
[RouteUtils.emit] 2026-09-08T07:19:53.361Z [32minfo[39m: Registered Route: GET /api/openapi/json
[RouteUtils.emit] 2026-09-08T07:19:53.361Z [32minfo[39m: Registered Route: GET /api/openapi/yaml

[DerivedLogger.emit] 2026-09-08T07:19:53.362Z [34mdebug[39m: Creating new instance of class [routes.StatusRoute] with name [routes.StatusRoute:default]
[DerivedLogger.emit] 2026-09-08T07:19:53.362Z [32minfo[39m: Registering class StatusExtraData
[DerivedLogger.emit] 2026-09-08T07:19:53.362Z [34mdebug[39m: Creating new instance of class [StatusExtraData] with name [StatusExtraData:default]

[RouteUtils.emit] 2026-09-08T07:19:53.363Z [32minfo[39m: Registered Route: GET /api/status

[DerivedLogger.emit] 2026-09-08T07:19:53.363Z [34mdebug[39m: Creating new instance of class [routes.GiphySearchRoute] with name [routes.GiphySearchRoute:default]

[RouteUtils.emit] 2026-09-08T07:19:53.364Z [32minfo[39m: Registered Route: GET /api/mail/giphy/search

[DerivedLogger.emit] 2026-09-08T07:19:53.364Z [34mdebug[39m: Creating new instance of class [routes.AdminConsoleRoute] with name [routes.AdminConsoleRoute:default]
[DerivedLogger.emit] 2026-09-08T07:19:53.365Z [32minfo[39m: Registering class RedisStore
[DerivedLogger.emit] 2026-09-08T07:19:53.365Z [34mdebug[39m: Creating new instance of class [RedisStore] with name [RedisStore:default]
[DerivedLogger.emit] 2026-09-08T07:19:53.366Z [32minfo[39m: Registering class ObjectFactory

[RouteUtils.emit] 2026-09-08T07:19:53.367Z [32minfo[39m: Registered Route: GET /admin/*
[RouteUtils.emit] 2026-09-08T07:19:53.367Z [32minfo[39m: Registered Route: GET /admin

[DerivedLogger.emit] 2026-09-08T07:19:53.368Z [34mdebug[39m: Creating new instance of class [routes.WwwRoute] with name [routes.WwwRoute:default]

[RouteUtils.emit] 2026-09-08T07:19:53.369Z [32minfo[39m: Registered Route: GET /*
[RouteUtils.emit] 2026-09-08T07:19:53.369Z [32minfo[39m: Registered Route: GET /

[DerivedLogger.emit] 2026-09-08T07:19:53.370Z [34mdebug[39m: Creating new instance of class [routes.TaskListRoute] with name [routes.TaskListRoute:default]
[DerivedLogger.emit] 2026-09-08T07:19:53.370Z [34mdebug[39m: Creating new instance of class [RepoUtils] with name [RepoUtils:TaskListMongo]
[DerivedLogger.emit] 2026-09-08T07:19:53.371Z [32minfo[39m: Unable to register class undefined for ACLUtils/undefined

[RouteUtils.emit] 2026-09-08T07:19:53.374Z [32minfo[39m: Registered Route: HEAD /api/mail/task-lists
[RouteUtils.emit] 2026-09-08T07:19:53.374Z [32minfo[39m: Registered Route: POST /api/mail/task-lists
[RouteUtils.emit] 2026-09-08T07:19:53.375Z [32minfo[39m: Registered Route: DELETE /api/mail/task-lists/:id
[RouteUtils.emit] 2026-09-08T07:19:53.375Z [32minfo[39m: Registered Route: HEAD /api/mail/task-lists/:id
[RouteUtils.emit] 2026-09-08T07:19:53.375Z [32minfo[39m: Registered Route: GET /api/mail/task-lists
[RouteUtils.emit] 2026-09-08T07:19:53.376Z [32minfo[39m: Registered Route: GET /api/mail/task-lists/:id
[RouteUtils.emit] 2026-09-08T07:19:53.376Z [32minfo[39m: Registered Route: DELETE /api/mail/task-lists
[RouteUtils.emit] 2026-09-08T07:19:53.376Z [32minfo[39m: Registered Route: PUT /api/mail/task-lists/:id
[RouteUtils.emit] 2026-09-08T07:19:53.377Z [32minfo[39m: Registered Route: PUT /api/mail/task-lists
[RouteUtils.emit] 2026-09-08T07:19:53.377Z [32minfo[39m: Registered Route: PUT /api/mail/task-lists/:id/:property

[DerivedLogger.emit] 2026-09-08T07:19:53.378Z [34mdebug[39m: Creating new instance of class [routes.NoteRoute] with name [routes.NoteRoute:default]
[DerivedLogger.emit] 2026-09-08T07:19:53.379Z [34mdebug[39m: Creating new instance of class [RepoUtils] with name [RepoUtils:NoteMongo]
[DerivedLogger.emit] 2026-09-08T07:19:53.379Z [32minfo[39m: Unable to register class undefined for ACLUtils/undefined

[RouteUtils.emit] 2026-09-08T07:19:53.384Z [32minfo[39m: Registered Route: HEAD /api/mail/notes
[RouteUtils.emit] 2026-09-08T07:19:53.385Z [32minfo[39m: Registered Route: POST /api/mail/notes
[RouteUtils.emit] 2026-09-08T07:19:53.385Z [32minfo[39m: Registered Route: DELETE /api/mail/notes/:id
[RouteUtils.emit] 2026-09-08T07:19:53.385Z [32minfo[39m: Registered Route: HEAD /api/mail/notes/:id
[RouteUtils.emit] 2026-09-08T07:19:53.386Z [32minfo[39m: Registered Route: GET /api/mail/notes
[RouteUtils.emit] 2026-09-08T07:19:53.386Z [32minfo[39m: Registered Route: GET /api/mail/notes/:id
[RouteUtils.emit] 2026-09-08T07:19:53.386Z [32minfo[39m: Registered Route: DELETE /api/mail/notes
[RouteUtils.emit] 2026-09-08T07:19:53.387Z [32minfo[39m: Registered Route: PUT /api/mail/notes/:id
[RouteUtils.emit] 2026-09-08T07:19:53.387Z [32minfo[39m: Registered Route: PUT /api/mail/notes
[RouteUtils.emit] 2026-09-08T07:19:53.387Z [32minfo[39m: Registered Route: PUT /api/mail/notes/:id/:property

[DerivedLogger.emit] 2026-09-08T07:19:53.388Z [34mdebug[39m: Creating new instance of class [routes.MailboxRoute] with name [routes.MailboxRoute:default]

[RouteUtils.emit] 2026-09-08T07:19:53.389Z [32minfo[39m: Registered Route: POST /api/mail/mailboxes
[RouteUtils.emit] 2026-09-08T07:19:53.389Z [32minfo[39m: Registered Route: POST /api/mail/mailboxes/auto-provision
[RouteUtils.emit] 2026-09-08T07:19:53.390Z [32minfo[39m: Registered Route: GET /api/mail/mailboxes/domains
[RouteUtils.emit] 2026-09-08T07:19:53.390Z [32minfo[39m: Registered Route: GET /api/mail/mailboxes
[RouteUtils.emit] 2026-09-08T07:19:53.390Z [32minfo[39m: Registered Route: HEAD /api/mail/mailboxes
[RouteUtils.emit] 2026-09-08T07:19:53.391Z [32minfo[39m: Registered Route: HEAD /api/mail/mailboxes/:id
[RouteUtils.emit] 2026-09-08T07:19:53.391Z [32minfo[39m: Registered Route: DELETE /api/mail/mailboxes/:id
[RouteUtils.emit] 2026-09-08T07:19:53.391Z [32minfo[39m: Registered Route: GET /api/mail/mailboxes/:id
[RouteUtils.emit] 2026-09-08T07:19:53.392Z [32minfo[39m: Registered Route: DELETE /api/mail/mailboxes
[RouteUtils.emit] 2026-09-08T07:19:53.392Z [32minfo[39m: Registered Route: PUT /api/mail/mailboxes/:id
[RouteUtils.emit] 2026-09-08T07:19:53.393Z [32minfo[39m: Registered Route: PUT /api/mail/mailboxes
[RouteUtils.emit] 2026-09-08T07:19:53.393Z [32minfo[39m: Registered Route: PUT /api/mail/mailboxes/:id/:property

[DerivedLogger.emit] 2026-09-08T07:19:53.393Z [34mdebug[39m: Creating new instance of class [routes.MessageRoute] with name [routes.MessageRoute:default]
[DerivedLogger.emit] 2026-09-08T07:19:53.394Z [32minfo[39m: Unable to register class undefined for BlobStore/undefined
[DerivedLogger.emit] 2026-09-08T07:19:53.395Z [32minfo[39m: Unable to register class undefined for MailTransport/undefined
[DerivedLogger.emit] 2026-09-08T07:19:53.395Z [34mdebug[39m: Creating new instance of class [MailTransport] with name [MailTransport:default]
[DerivedLogger.emit] 2026-09-08T07:19:53.396Z [34mdebug[39m: Creating new instance of class [ScanPipeline] with name [ScanPipeline:default]

[DerivedLogger.emit] 2026-09-08T07:19:53.396Z [31merror[39m: Failed to instantiate dependency. Type=class ScanPipeline {
    async run(raw, envelope) {
        if (!this.spamScanProvider || !this.avScanProvider) {
            throw new Error(&quot;ScanPipeline requires both a SpamScanProvider and an AvScanProvider to be registered. &quot; +
                &quot;Configure `scan:spam:provider`/`scan:av:provider`.&quot;);
        };
        const parsed = await (0,__vite_ssr_import_1__.simpleParser)(raw);
        const [spam, rawAv, attachmentResults] = await Promise.all([
            this.spamScanProvider.scoreMessage(raw, envelope),
            this.avScanProvider.scanBuffer(raw),
            this.scanAttachments(parsed.attachments ?? []),
        ]);
        let worstAv = rawAv;
        for (const attachment of attachmentResults) {
            if (AV_SEVERITY[attachment.av.verdict] &gt; AV_SEVERITY[worstAv.verdict]) {
                worstAv = attachment.av;
            }
        };
        const sanitizedHtml = typeof parsed.html === &quot;string&quot; ? this.sanitize(parsed.html) : undefined;
        return { spam, av: worstAv, attachments: attachmentResults, sanitizedHtml };
    }
    async scanAttachments(attachments) {
        const results = [];
        for (const attachment of attachments) {
            const av = await this.avScanProvider.scanBuffer(attachment.content, attachment.filename);
            results.push({
                filename: attachment.filename,
                contentType: attachment.contentType,
                content: attachment.content,
                contentId: attachment.contentId,
                isInline: attachment.contentDisposition === &quot;inline&quot;,
                av,
            });
        };
        return results;
    }
    /**
     * Strips `&lt;script&gt;` tags and other active/executable content from an HTML body. Defense in depth alongside
     * clamd&apos;s own HTML/JS signature detection (run against the raw message above) and whatever sandboxing the
     * eventual client renderer applies.
     */
    sanitize(html) {
        return (0,__vite_ssr_import_0__.default)(html, {
            allowedTags: this.allowedTags ?? __vite_ssr_import_0__.default.defaults.allowedTags.filter((tag) =&gt; tag !== &quot;script&quot;),
            allowVulnerableTags: false,
            disallowedTagsMode: &quot;discard&quot;,
            allowedSchemes: [&quot;http&quot;, &quot;https&quot;, &quot;mailto&quot;, &quot;cid&quot;],
        });
    }
}, Parent=routes.MessageRoute, Member=scanPipeline
[DerivedLogger.emit] 2026-09-08T07:19:53.397Z [34mdebug[39m: undefined

[RouteUtils.emit] 2026-09-08T07:19:53.397Z [32minfo[39m: Registered Route: POST /api/mail/messages/:id/send
[RouteUtils.emit] 2026-09-08T07:19:53.398Z [32minfo[39m: Registered Route: GET /api/mail/messages/:id/content
[RouteUtils.emit] 2026-09-08T07:19:53.398Z [32minfo[39m: Registered Route: HEAD /api/mail/messages
[RouteUtils.emit] 2026-09-08T07:19:53.398Z [32minfo[39m: Registered Route: POST /api/mail/messages
[RouteUtils.emit] 2026-09-08T07:19:53.399Z [32minfo[39m: Registered Route: DELETE /api/mail/messages/:id
[RouteUtils.emit] 2026-09-08T07:19:53.399Z [32minfo[39m: Registered Route: HEAD /api/mail/messages/:id
[RouteUtils.emit] 2026-09-08T07:19:53.400Z [32minfo[39m: Registered Route: GET /api/mail/messages
[RouteUtils.emit] 2026-09-08T07:19:53.400Z [32minfo[39m: Registered Route: GET /api/mail/messages/:id
[RouteUtils.emit] 2026-09-08T07:19:53.401Z [32minfo[39m: Registered Route: DELETE /api/mail/messages
[RouteUtils.emit] 2026-09-08T07:19:53.401Z [32minfo[39m: Registered Route: PUT /api/mail/messages/:id
[RouteUtils.emit] 2026-09-08T07:19:53.401Z [32minfo[39m: Registered Route: PUT /api/mail/messages
[RouteUtils.emit] 2026-09-08T07:19:53.402Z [32minfo[39m: Registered Route: PUT /api/mail/messages/:id/:property

[DerivedLogger.emit] 2026-09-08T07:19:53.402Z [34mdebug[39m: Creating new instance of class [routes.ContactListRoute] with name [routes.ContactListRoute:default]
[DerivedLogger.emit] 2026-09-08T07:19:53.403Z [34mdebug[39m: Creating new instance of class [RepoUtils] with name [RepoUtils:ContactListMongo]
[DerivedLogger.emit] 2026-09-08T07:19:53.404Z [32minfo[39m: Unable to register class undefined for ACLUtils/undefined

[RouteUtils.emit] 2026-09-08T07:19:53.413Z [32minfo[39m: Registered Route: HEAD /api/mail/contact-lists
[RouteUtils.emit] 2026-09-08T07:19:53.413Z [32minfo[39m: Registered Route: POST /api/mail/contact-lists
[RouteUtils.emit] 2026-09-08T07:19:53.414Z [32minfo[39m: Registered Route: DELETE /api/mail/contact-lists/:id
[RouteUtils.emit] 2026-09-08T07:19:53.414Z [32minfo[39m: Registered Route: HEAD /api/mail/contact-lists/:id
[RouteUtils.emit] 2026-09-08T07:19:53.414Z [32minfo[39m: Registered Route: GET /api/mail/contact-lists
[RouteUtils.emit] 2026-09-08T07:19:53.415Z [32minfo[39m: Registered Route: GET /api/mail/contact-lists/:id
[RouteUtils.emit] 2026-09-08T07:19:53.415Z [32minfo[39m: Registered Route: DELETE /api/mail/contact-lists
[RouteUtils.emit] 2026-09-08T07:19:53.415Z [32minfo[39m: Registered Route: PUT /api/mail/contact-lists/:id
[RouteUtils.emit] 2026-09-08T07:19:53.416Z [32minfo[39m: Registered Route: PUT /api/mail/contact-lists
[RouteUtils.emit] 2026-09-08T07:19:53.416Z [32minfo[39m: Registered Route: PUT /api/mail/contact-lists/:id/:property

[DerivedLogger.emit] 2026-09-08T07:19:53.417Z [34mdebug[39m: Creating new instance of class [routes.CalendarEventRoute] with name [routes.CalendarEventRoute:default]

[RouteUtils.emit] 2026-09-08T07:19:53.418Z [32minfo[39m: Registered Route: HEAD /api/mail/calendar-events
[RouteUtils.emit] 2026-09-08T07:19:53.418Z [32minfo[39m: Registered Route: POST /api/mail/calendar-events
[RouteUtils.emit] 2026-09-08T07:19:53.419Z [32minfo[39m: Registered Route: DELETE /api/mail/calendar-events/:id
[RouteUtils.emit] 2026-09-08T07:19:53.419Z [32minfo[39m: Registered Route: HEAD /api/mail/calendar-events/:id
[RouteUtils.emit] 2026-09-08T07:19:53.419Z [32minfo[39m: Registered Route: GET /api/mail/calendar-events
[RouteUtils.emit] 2026-09-08T07:19:53.420Z [32minfo[39m: Registered Route: GET /api/mail/calendar-events/:id
[RouteUtils.emit] 2026-09-08T07:19:53.420Z [32minfo[39m: Registered Route: DELETE /api/mail/calendar-events
[RouteUtils.emit] 2026-09-08T07:19:53.420Z [32minfo[39m: Registered Route: PUT /api/mail/calendar-events/:id
[RouteUtils.emit] 2026-09-08T07:19:53.421Z [32minfo[39m: Registered Route: PUT /api/mail/calendar-events
[RouteUtils.emit] 2026-09-08T07:19:53.421Z [32minfo[39m: Registered Route: PUT /api/mail/calendar-events/:id/:property

[DerivedLogger.emit] 2026-09-08T07:19:53.422Z [34mdebug[39m: Creating new instance of class [routes.ContactRoute] with name [routes.ContactRoute:default]
[DerivedLogger.emit] 2026-09-08T07:19:53.422Z [34mdebug[39m: Creating new instance of class [RecoverableRepoUtils] with name [RecoverableRepoUtils:ContactMongo]
[DerivedLogger.emit] 2026-09-08T07:19:53.423Z [32minfo[39m: Unable to register class undefined for ACLUtils/undefined

[RouteUtils.emit] 2026-09-08T07:19:53.426Z [32minfo[39m: Registered Route: HEAD /api/mail/contacts
[RouteUtils.emit] 2026-09-08T07:19:53.426Z [32minfo[39m: Registered Route: POST /api/mail/contacts
[RouteUtils.emit] 2026-09-08T07:19:53.427Z [32minfo[39m: Registered Route: DELETE /api/mail/contacts/:id
[RouteUtils.emit] 2026-09-08T07:19:53.427Z [32minfo[39m: Registered Route: HEAD /api/mail/contacts/:id
[RouteUtils.emit] 2026-09-08T07:19:53.427Z [32minfo[39m: Registered Route: GET /api/mail/contacts
[RouteUtils.emit] 2026-09-08T07:19:53.428Z [32minfo[39m: Registered Route: GET /api/mail/contacts/:id
[RouteUtils.emit] 2026-09-08T07:19:53.428Z [32minfo[39m: Registered Route: DELETE /api/mail/contacts
[RouteUtils.emit] 2026-09-08T07:19:53.429Z [32minfo[39m: Registered Route: PUT /api/mail/contacts/:id
[RouteUtils.emit] 2026-09-08T07:19:53.429Z [32minfo[39m: Registered Route: PUT /api/mail/contacts
[RouteUtils.emit] 2026-09-08T07:19:53.430Z [32minfo[39m: Registered Route: PUT /api/mail/contacts/:id/:property

[DerivedLogger.emit] 2026-09-08T07:19:53.430Z [34mdebug[39m: Creating new instance of class [routes.CalendarShareLinkRoute] with name [routes.CalendarShareLinkRoute:default]

[RouteUtils.emit] 2026-09-08T07:19:53.431Z [32minfo[39m: Registered Route: POST /api/mail/calendar-share-links
[RouteUtils.emit] 2026-09-08T07:19:53.432Z [32minfo[39m: Registered Route: PUT /api/mail/calendar-share-links/:id
[RouteUtils.emit] 2026-09-08T07:19:53.432Z [32minfo[39m: Registered Route: DELETE /api/mail/calendar-share-links/:id
[RouteUtils.emit] 2026-09-08T07:19:53.432Z [32minfo[39m: Registered Route: HEAD /api/mail/calendar-share-links
[RouteUtils.emit] 2026-09-08T07:19:53.433Z [32minfo[39m: Registered Route: HEAD /api/mail/calendar-share-links/:id
[RouteUtils.emit] 2026-09-08T07:19:53.433Z [32minfo[39m: Registered Route: GET /api/mail/calendar-share-links
[RouteUtils.emit] 2026-09-08T07:19:53.433Z [32minfo[39m: Registered Route: GET /api/mail/calendar-share-links/:id
[RouteUtils.emit] 2026-09-08T07:19:53.434Z [32minfo[39m: Registered Route: DELETE /api/mail/calendar-share-links
[RouteUtils.emit] 2026-09-08T07:19:53.434Z [32minfo[39m: Registered Route: PUT /api/mail/calendar-share-links
[RouteUtils.emit] 2026-09-08T07:19:53.435Z [32minfo[39m: Registered Route: PUT /api/mail/calendar-share-links/:id/:property

[DerivedLogger.emit] 2026-09-08T07:19:53.435Z [34mdebug[39m: Creating new instance of class [routes.IngestQueueRoute] with name [routes.IngestQueueRoute:default]

[RouteUtils.emit] 2026-09-08T07:19:53.436Z [32minfo[39m: Registered Route: HEAD /api/mail/ingest-queue
[RouteUtils.emit] 2026-09-08T07:19:53.437Z [32minfo[39m: Registered Route: POST /api/mail/ingest-queue
[RouteUtils.emit] 2026-09-08T07:19:53.437Z [32minfo[39m: Registered Route: DELETE /api/mail/ingest-queue/:id
[RouteUtils.emit] 2026-09-08T07:19:53.438Z [32minfo[39m: Registered Route: HEAD /api/mail/ingest-queue/:id
[RouteUtils.emit] 2026-09-08T07:19:53.438Z [32minfo[39m: Registered Route: GET /api/mail/ingest-queue
[RouteUtils.emit] 2026-09-08T07:19:53.438Z [32minfo[39m: Registered Route: GET /api/mail/ingest-queue/:id
[RouteUtils.emit] 2026-09-08T07:19:53.439Z [32minfo[39m: Registered Route: DELETE /api/mail/ingest-queue
[RouteUtils.emit] 2026-09-08T07:19:53.439Z [32minfo[39m: Registered Route: PUT /api/mail/ingest-queue/:id
[RouteUtils.emit] 2026-09-08T07:19:53.440Z [32minfo[39m: Registered Route: PUT /api/mail/ingest-queue
[RouteUtils.emit] 2026-09-08T07:19:53.440Z [32minfo[39m: Registered Route: PUT /api/mail/ingest-queue/:id/:property

[DerivedLogger.emit] 2026-09-08T07:19:53.441Z [34mdebug[39m: Creating new instance of class [routes.QuarantineRoute] with name [routes.QuarantineRoute:default]

[RouteUtils.emit] 2026-09-08T07:19:53.442Z [32minfo[39m: Registered Route: HEAD /api/mail/quarantine
[RouteUtils.emit] 2026-09-08T07:19:53.442Z [32minfo[39m: Registered Route: POST /api/mail/quarantine
[RouteUtils.emit] 2026-09-08T07:19:53.443Z [32minfo[39m: Registered Route: DELETE /api/mail/quarantine/:id
[RouteUtils.emit] 2026-09-08T07:19:53.443Z [32minfo[39m: Registered Route: HEAD /api/mail/quarantine/:id
[RouteUtils.emit] 2026-09-08T07:19:53.443Z [32minfo[39m: Registered Route: GET /api/mail/quarantine
[RouteUtils.emit] 2026-09-08T07:19:53.444Z [32minfo[39m: Registered Route: GET /api/mail/quarantine/:id
[RouteUtils.emit] 2026-09-08T07:19:53.444Z [32minfo[39m: Registered Route: DELETE /api/mail/quarantine
[RouteUtils.emit] 2026-09-08T07:19:53.445Z [32minfo[39m: Registered Route: PUT /api/mail/quarantine/:id
[RouteUtils.emit] 2026-09-08T07:19:53.445Z [32minfo[39m: Registered Route: PUT /api/mail/quarantine
[RouteUtils.emit] 2026-09-08T07:19:53.445Z [32minfo[39m: Registered Route: PUT /api/mail/quarantine/:id/:property

[DerivedLogger.emit] 2026-09-08T07:19:53.446Z [34mdebug[39m: Creating new instance of class [routes.AttachmentRoute] with name [routes.AttachmentRoute:default]
[DerivedLogger.emit] 2026-09-08T07:19:53.447Z [32minfo[39m: Unable to register class undefined for BlobStore/undefined

[RouteUtils.emit] 2026-09-08T07:19:53.447Z [32minfo[39m: Registered Route: POST /api/mail/attachments/upload
[RouteUtils.emit] 2026-09-08T07:19:53.448Z [32minfo[39m: Registered Route: GET /api/mail/attachments/:id/content
[RouteUtils.emit] 2026-09-08T07:19:53.448Z [32minfo[39m: Registered Route: HEAD /api/mail/attachments
[RouteUtils.emit] 2026-09-08T07:19:53.449Z [32minfo[39m: Registered Route: POST /api/mail/attachments
[RouteUtils.emit] 2026-09-08T07:19:53.449Z [32minfo[39m: Registered Route: DELETE /api/mail/attachments/:id
[RouteUtils.emit] 2026-09-08T07:19:53.449Z [32minfo[39m: Registered Route: HEAD /api/mail/attachments/:id
[RouteUtils.emit] 2026-09-08T07:19:53.450Z [32minfo[39m: Registered Route: GET /api/mail/attachments
[RouteUtils.emit] 2026-09-08T07:19:53.450Z [32minfo[39m: Registered Route: GET /api/mail/attachments/:id
[RouteUtils.emit] 2026-09-08T07:19:53.451Z [32minfo[39m: Registered Route: DELETE /api/mail/attachments
[RouteUtils.emit] 2026-09-08T07:19:53.451Z [32minfo[39m: Registered Route: PUT /api/mail/attachments/:id
[RouteUtils.emit] 2026-09-08T07:19:53.452Z [32minfo[39m: Registered Route: PUT /api/mail/attachments
[RouteUtils.emit] 2026-09-08T07:19:53.452Z [32minfo[39m: Registered Route: PUT /api/mail/attachments/:id/:property

[DerivedLogger.emit] 2026-09-08T07:19:53.452Z [34mdebug[39m: Creating new instance of class [routes.FolderRoute] with name [routes.FolderRoute:default]

[RouteUtils.emit] 2026-09-08T07:19:53.453Z [32minfo[39m: Registered Route: HEAD /api/mail/folders
[RouteUtils.emit] 2026-09-08T07:19:53.454Z [32minfo[39m: Registered Route: POST /api/mail/folders
[RouteUtils.emit] 2026-09-08T07:19:53.454Z [32minfo[39m: Registered Route: GET /api/mail/folders
[RouteUtils.emit] 2026-09-08T07:19:53.455Z [32minfo[39m: Registered Route: HEAD /api/mail/folders/:id
[RouteUtils.emit] 2026-09-08T07:19:53.455Z [32minfo[39m: Registered Route: DELETE /api/mail/folders/:id
[RouteUtils.emit] 2026-09-08T07:19:53.456Z [32minfo[39m: Registered Route: GET /api/mail/folders/:id
[RouteUtils.emit] 2026-09-08T07:19:53.456Z [32minfo[39m: Registered Route: DELETE /api/mail/folders
[RouteUtils.emit] 2026-09-08T07:19:53.457Z [32minfo[39m: Registered Route: PUT /api/mail/folders/:id
[RouteUtils.emit] 2026-09-08T07:19:53.457Z [32minfo[39m: Registered Route: PUT /api/mail/folders
[RouteUtils.emit] 2026-09-08T07:19:53.458Z [32minfo[39m: Registered Route: PUT /api/mail/folders/:id/:property

[DerivedLogger.emit] 2026-09-08T07:19:53.458Z [34mdebug[39m: Creating new instance of class [routes.TaskRoute] with name [routes.TaskRoute:default]
[DerivedLogger.emit] 2026-09-08T07:19:53.459Z [34mdebug[39m: Creating new instance of class [RecoverableRepoUtils] with name [RecoverableRepoUtils:TaskMongo]
[DerivedLogger.emit] 2026-09-08T07:19:53.459Z [32minfo[39m: Unable to register class undefined for ACLUtils/undefined

[RouteUtils.emit] 2026-09-08T07:19:53.468Z [32minfo[39m: Registered Route: HEAD /api/mail/tasks
[RouteUtils.emit] 2026-09-08T07:19:53.469Z [32minfo[39m: Registered Route: POST /api/mail/tasks
[RouteUtils.emit] 2026-09-08T07:19:53.469Z [32minfo[39m: Registered Route: DELETE /api/mail/tasks/:id
[RouteUtils.emit] 2026-09-08T07:19:53.470Z [32minfo[39m: Registered Route: HEAD /api/mail/tasks/:id
[RouteUtils.emit] 2026-09-08T07:19:53.470Z [32minfo[39m: Registered Route: GET /api/mail/tasks
[RouteUtils.emit] 2026-09-08T07:19:53.470Z [32minfo[39m: Registered Route: GET /api/mail/tasks/:id
[RouteUtils.emit] 2026-09-08T07:19:53.471Z [32minfo[39m: Registered Route: DELETE /api/mail/tasks
[RouteUtils.emit] 2026-09-08T07:19:53.471Z [32minfo[39m: Registered Route: PUT /api/mail/tasks/:id
[RouteUtils.emit] 2026-09-08T07:19:53.471Z [32minfo[39m: Registered Route: PUT /api/mail/tasks
[RouteUtils.emit] 2026-09-08T07:19:53.472Z [32minfo[39m: Registered Route: PUT /api/mail/tasks/:id/:property

[DerivedLogger.emit] 2026-09-08T07:19:53.472Z [34mdebug[39m: Creating new instance of class [routes.MailIngestRoute] with name [routes.MailIngestRoute:default]
[DerivedLogger.emit] 2026-09-08T07:19:53.473Z [32minfo[39m: Unable to register class undefined for BlobStore/undefined

[RouteUtils.emit] 2026-09-08T07:19:53.473Z [32minfo[39m: Registered Route: GET /internal/mta/resolve
[RouteUtils.emit] 2026-09-08T07:19:53.474Z [32minfo[39m: Registered Route: POST /internal/mta/deliver

[DerivedLogger.emit] 2026-09-08T07:19:53.474Z [34mdebug[39m: Creating new instance of class [routes.SearchRoute] with name [routes.SearchRoute:default]
[DerivedLogger.emit] 2026-09-08T07:19:53.474Z [32minfo[39m: Unable to register class undefined for SearchProvider/undefined

[RouteUtils.emit] 2026-09-08T07:19:53.475Z [32minfo[39m: Registered Route: GET /api/mail/search

[DerivedLogger.emit] 2026-09-08T07:19:53.475Z [34mdebug[39m: Creating new instance of class [routes.MailComposeRoute] with name [routes.MailComposeRoute:default]
[DerivedLogger.emit] 2026-09-08T07:19:53.476Z [32minfo[39m: Unable to register class undefined for BlobStore/undefined

[RouteUtils.emit] 2026-09-08T07:19:53.476Z [32minfo[39m: Registered Route: POST /api/mail/compose/:id/assemble

[DerivedLogger.emit] 2026-09-08T07:19:53.477Z [32minfo[39m: Listening on 0.0.0.0:3000...

[DerivedLogger.emit] 2026-09-08T07:19:54.499Z [32minfo[39m: Stopping background services...
[BackgroundServiceManager.emit] 2026-09-08T07:19:54.499Z [32minfo[39m: Stopping background service AttachmentExtractionJobMongo...

[BackgroundServiceManager.emit] 2026-09-08T07:19:54.500Z [32minfo[39m: Stopping background service CalendarReminderJobMongo...

[BackgroundServiceManager.emit] 2026-09-08T07:19:54.500Z [32minfo[39m: Stopping background service EasDeviceStateCleanupJobMongo...

[BackgroundServiceManager.emit] 2026-09-08T07:19:54.501Z [32minfo[39m: Stopping background service ExternalShareExpirationJobMongo...

[BackgroundServiceManager.emit] 2026-09-08T07:19:54.501Z [32minfo[39m: Stopping background service MailboxQuotaRecalcJobMongo...

[BackgroundServiceManager.emit] 2026-09-08T07:19:54.501Z [32minfo[39m: Stopping background service MeetingSchedulingJobMongo...

[BackgroundServiceManager.emit] 2026-09-08T07:19:54.502Z [32minfo[39m: Stopping background service QuarantineRetentionJobMongo...

[BackgroundServiceManager.emit] 2026-09-08T07:19:54.502Z [32minfo[39m: Stopping background service ScanQueueJobMongo...

[BackgroundServiceManager.emit] 2026-09-08T07:19:54.502Z [32minfo[39m: Stopping background service SearchIndexJobMongo...

[DerivedLogger.emit] 2026-09-08T07:19:54.503Z [32minfo[39m: Stopping server...
[DerivedLogger.emit] 2026-09-08T07:19:54.503Z [32minfo[39m: Closing database connections...

[ConnectionManager.emit] 2026-09-08T07:19:54.506Z [32minfo[39m: Successfully disconnected from all configured databases.

            </system-out>
        </testcase>
        <testcase classname="test/Server.mongo.test.ts" name="Server Tests &gt; Can stop server." time="1.1239868">
            <system-out>
[DerivedLogger.emit] 2026-09-08T07:19:54.506Z [32minfo[39m: Starting server...

[DerivedLogger.emit] 2026-09-08T07:19:54.507Z [32minfo[39m: Loading all service classes...

[DerivedLogger.emit] 2026-09-08T07:19:54.512Z [32minfo[39m: Scanning for data models...
[DerivedLogger.emit] 2026-09-08T07:19:54.514Z [32minfo[39m: Initializing database connection(s)...
[ConnectionManager.emit] 2026-09-08T07:19:54.514Z [32minfo[39m: Connecting to database cache [redis://localhost]...

[ConnectionManager.emit] 2026-09-08T07:19:54.515Z [32minfo[39m: Connecting to database events [redis://localhost]...

[ConnectionManager.emit] 2026-09-08T07:19:54.515Z [32minfo[39m: Connecting to database logs [redis://localhost]...

[ConnectionManager.emit] 2026-09-08T07:19:54.515Z [32minfo[39m: Connecting to database acl [mongodb://localhost:9999/acls]...
[ConnectionManager.emit] 2026-09-08T07:19:54.516Z [32minfo[39m: Connecting to database mongo [mongodb://localhost:9999/rrst_auth]...

[ConnectionManager.emit] 2026-09-08T07:19:54.524Z [33mwarn[39m: Datastore &apos;acl&apos; is a standalone MongoDB instance and does not support multi-document transactions. @Transactional will run without a transaction for models on this datastore. Configure MongoDB as a replica set (or sharded cluster) to enable it.

[ConnectionManager.emit] 2026-09-08T07:19:54.525Z [33mwarn[39m: Datastore &apos;mongo&apos; is a standalone MongoDB instance and does not support multi-document transactions. @Transactional will run without a transaction for models on this datastore. Configure MongoDB as a replica set (or sharded cluster) to enable it.

[ConnectionManager.emit] 2026-09-08T07:19:54.537Z [32minfo[39m: Successfully connected to all configured databases.

[DerivedLogger.emit] 2026-09-08T07:19:54.537Z [32minfo[39m: Starting background services...

[BackgroundServiceManager.emit] 2026-09-08T07:19:54.538Z [32minfo[39m: Starting service AttachmentExtractionJobMongo...

[BackgroundServiceManager.emit] 2026-09-08T07:19:54.538Z [32minfo[39m: Starting service CalendarReminderJobMongo...

[BackgroundServiceManager.emit] 2026-09-08T07:19:54.539Z [32minfo[39m: Starting service EasDeviceStateCleanupJobMongo...

[BackgroundServiceManager.emit] 2026-09-08T07:19:54.540Z [32minfo[39m: Starting service ExternalShareExpirationJobMongo...

[BackgroundServiceManager.emit] 2026-09-08T07:19:54.541Z [32minfo[39m: Starting service MailboxQuotaRecalcJobMongo...

[BackgroundServiceManager.emit] 2026-09-08T07:19:54.543Z [32minfo[39m: Starting service MeetingSchedulingJobMongo...

[BackgroundServiceManager.emit] 2026-09-08T07:19:54.543Z [32minfo[39m: Starting service QuarantineRetentionJobMongo...

[BackgroundServiceManager.emit] 2026-09-08T07:19:54.544Z [32minfo[39m: Starting service ScanQueueJobMongo...

[BackgroundServiceManager.emit] 2026-09-08T07:19:54.545Z [32minfo[39m: Starting service SearchIndexJobMongo...

[DerivedLogger.emit] 2026-09-08T07:19:54.545Z [32minfo[39m: Initializing event manager...

[DerivedLogger.emit] 2026-09-08T07:19:54.545Z [32minfo[39m: Scanning for routes...

[RouteUtils.emit] 2026-09-08T07:19:54.546Z [32minfo[39m: Registered Route: HEAD /api/acls
[RouteUtils.emit] 2026-09-08T07:19:54.546Z [32minfo[39m: Registered Route: POST /api/acls
[RouteUtils.emit] 2026-09-08T07:19:54.547Z [32minfo[39m: Registered Route: DELETE /api/acls/:id
[RouteUtils.emit] 2026-09-08T07:19:54.547Z [32minfo[39m: Registered Route: HEAD /api/acls/:id
[RouteUtils.emit] 2026-09-08T07:19:54.547Z [32minfo[39m: Registered Route: GET /api/acls
[RouteUtils.emit] 2026-09-08T07:19:54.548Z [32minfo[39m: Registered Route: GET /api/acls/:id
[RouteUtils.emit] 2026-09-08T07:19:54.548Z [32minfo[39m: Registered Route: DELETE /api/acls
[RouteUtils.emit] 2026-09-08T07:19:54.548Z [32minfo[39m: Registered Route: PUT /api/acls/:id
[RouteUtils.emit] 2026-09-08T07:19:54.549Z [32minfo[39m: Registered Route: PUT /api/acls/:id/:property
[RouteUtils.emit] 2026-09-08T07:19:54.549Z [32minfo[39m: Registered Route: PUT /api/acls

[RouteUtils.emit] 2026-09-08T07:19:54.550Z [32minfo[39m: Registered Route: GET /api/admin/clear-cache
[RouteUtils.emit] 2026-09-08T07:19:54.550Z [32minfo[39m: Registered Route: WS /api/admin/logs
[RouteUtils.emit] 2026-09-08T07:19:54.550Z [32minfo[39m: Registered Route: GET /api/admin/release-notes
[RouteUtils.emit] 2026-09-08T07:19:54.551Z [32minfo[39m: Registered Route: GET /api/admin/restart

[RouteUtils.emit] 2026-09-08T07:19:54.551Z [32minfo[39m: Registered Route: GET /api/metrics
[RouteUtils.emit] 2026-09-08T07:19:54.552Z [32minfo[39m: Registered Route: GET /api/metrics/:metric

[RouteUtils.emit] 2026-09-08T07:19:54.552Z [32minfo[39m: Registered Route: WS /push
[RouteUtils.emit] 2026-09-08T07:19:54.552Z [32minfo[39m: Registered Route: POST /push/:id

[RouteUtils.emit] 2026-09-08T07:19:54.553Z [32minfo[39m: Registered Route: GET /api/openapi
[RouteUtils.emit] 2026-09-08T07:19:54.553Z [32minfo[39m: Registered Route: GET /api/openapi/json
[RouteUtils.emit] 2026-09-08T07:19:54.553Z [32minfo[39m: Registered Route: GET /api/openapi/yaml

[RouteUtils.emit] 2026-09-08T07:19:54.554Z [32minfo[39m: Registered Route: GET /api/status

[RouteUtils.emit] 2026-09-08T07:19:54.554Z [32minfo[39m: Registered Route: GET /api/mail/giphy/search

[RouteUtils.emit] 2026-09-08T07:19:54.555Z [32minfo[39m: Registered Route: GET /admin/*
[RouteUtils.emit] 2026-09-08T07:19:54.555Z [32minfo[39m: Registered Route: GET /admin

[RouteUtils.emit] 2026-09-08T07:19:54.555Z [32minfo[39m: Registered Route: GET /*
[RouteUtils.emit] 2026-09-08T07:19:54.556Z [32minfo[39m: Registered Route: GET /

[RouteUtils.emit] 2026-09-08T07:19:54.556Z [32minfo[39m: Registered Route: HEAD /api/mail/task-lists
[RouteUtils.emit] 2026-09-08T07:19:54.557Z [32minfo[39m: Registered Route: POST /api/mail/task-lists
[RouteUtils.emit] 2026-09-08T07:19:54.557Z [32minfo[39m: Registered Route: DELETE /api/mail/task-lists/:id
[RouteUtils.emit] 2026-09-08T07:19:54.557Z [32minfo[39m: Registered Route: HEAD /api/mail/task-lists/:id
[RouteUtils.emit] 2026-09-08T07:19:54.558Z [32minfo[39m: Registered Route: GET /api/mail/task-lists
[RouteUtils.emit] 2026-09-08T07:19:54.558Z [32minfo[39m: Registered Route: GET /api/mail/task-lists/:id
[RouteUtils.emit] 2026-09-08T07:19:54.558Z [32minfo[39m: Registered Route: DELETE /api/mail/task-lists
[RouteUtils.emit] 2026-09-08T07:19:54.559Z [32minfo[39m: Registered Route: PUT /api/mail/task-lists/:id
[RouteUtils.emit] 2026-09-08T07:19:54.559Z [32minfo[39m: Registered Route: PUT /api/mail/task-lists
[RouteUtils.emit] 2026-09-08T07:19:54.559Z [32minfo[39m: Registered Route: PUT /api/mail/task-lists/:id/:property

[RouteUtils.emit] 2026-09-08T07:19:54.560Z [32minfo[39m: Registered Route: HEAD /api/mail/notes
[RouteUtils.emit] 2026-09-08T07:19:54.560Z [32minfo[39m: Registered Route: POST /api/mail/notes
[RouteUtils.emit] 2026-09-08T07:19:54.561Z [32minfo[39m: Registered Route: DELETE /api/mail/notes/:id
[RouteUtils.emit] 2026-09-08T07:19:54.561Z [32minfo[39m: Registered Route: HEAD /api/mail/notes/:id
[RouteUtils.emit] 2026-09-08T07:19:54.561Z [32minfo[39m: Registered Route: GET /api/mail/notes
[RouteUtils.emit] 2026-09-08T07:19:54.562Z [32minfo[39m: Registered Route: GET /api/mail/notes/:id
[RouteUtils.emit] 2026-09-08T07:19:54.562Z [32minfo[39m: Registered Route: DELETE /api/mail/notes
[RouteUtils.emit] 2026-09-08T07:19:54.562Z [32minfo[39m: Registered Route: PUT /api/mail/notes/:id
[RouteUtils.emit] 2026-09-08T07:19:54.563Z [32minfo[39m: Registered Route: PUT /api/mail/notes
[RouteUtils.emit] 2026-09-08T07:19:54.563Z [32minfo[39m: Registered Route: PUT /api/mail/notes/:id/:property

[RouteUtils.emit] 2026-09-08T07:19:54.564Z [32minfo[39m: Registered Route: POST /api/mail/mailboxes
[RouteUtils.emit] 2026-09-08T07:19:54.564Z [32minfo[39m: Registered Route: POST /api/mail/mailboxes/auto-provision
[RouteUtils.emit] 2026-09-08T07:19:54.564Z [32minfo[39m: Registered Route: GET /api/mail/mailboxes/domains
[RouteUtils.emit] 2026-09-08T07:19:54.565Z [32minfo[39m: Registered Route: GET /api/mail/mailboxes
[RouteUtils.emit] 2026-09-08T07:19:54.565Z [32minfo[39m: Registered Route: HEAD /api/mail/mailboxes
[RouteUtils.emit] 2026-09-08T07:19:54.565Z [32minfo[39m: Registered Route: HEAD /api/mail/mailboxes/:id
[RouteUtils.emit] 2026-09-08T07:19:54.566Z [32minfo[39m: Registered Route: DELETE /api/mail/mailboxes/:id
[RouteUtils.emit] 2026-09-08T07:19:54.566Z [32minfo[39m: Registered Route: GET /api/mail/mailboxes/:id
[RouteUtils.emit] 2026-09-08T07:19:54.566Z [32minfo[39m: Registered Route: DELETE /api/mail/mailboxes
[RouteUtils.emit] 2026-09-08T07:19:54.567Z [32minfo[39m: Registered Route: PUT /api/mail/mailboxes/:id
[RouteUtils.emit] 2026-09-08T07:19:54.567Z [32minfo[39m: Registered Route: PUT /api/mail/mailboxes
[RouteUtils.emit] 2026-09-08T07:19:54.567Z [32minfo[39m: Registered Route: PUT /api/mail/mailboxes/:id/:property

[RouteUtils.emit] 2026-09-08T07:19:54.568Z [32minfo[39m: Registered Route: POST /api/mail/messages/:id/send
[RouteUtils.emit] 2026-09-08T07:19:54.568Z [32minfo[39m: Registered Route: GET /api/mail/messages/:id/content
[RouteUtils.emit] 2026-09-08T07:19:54.569Z [32minfo[39m: Registered Route: HEAD /api/mail/messages
[RouteUtils.emit] 2026-09-08T07:19:54.569Z [32minfo[39m: Registered Route: POST /api/mail/messages
[RouteUtils.emit] 2026-09-08T07:19:54.569Z [32minfo[39m: Registered Route: DELETE /api/mail/messages/:id
[RouteUtils.emit] 2026-09-08T07:19:54.570Z [32minfo[39m: Registered Route: HEAD /api/mail/messages/:id
[RouteUtils.emit] 2026-09-08T07:19:54.570Z [32minfo[39m: Registered Route: GET /api/mail/messages
[RouteUtils.emit] 2026-09-08T07:19:54.570Z [32minfo[39m: Registered Route: GET /api/mail/messages/:id
[RouteUtils.emit] 2026-09-08T07:19:54.571Z [32minfo[39m: Registered Route: DELETE /api/mail/messages
[RouteUtils.emit] 2026-09-08T07:19:54.571Z [32minfo[39m: Registered Route: PUT /api/mail/messages/:id
[RouteUtils.emit] 2026-09-08T07:19:54.571Z [32minfo[39m: Registered Route: PUT /api/mail/messages
[RouteUtils.emit] 2026-09-08T07:19:54.572Z [32minfo[39m: Registered Route: PUT /api/mail/messages/:id/:property

[RouteUtils.emit] 2026-09-08T07:19:54.572Z [32minfo[39m: Registered Route: HEAD /api/mail/contact-lists
[RouteUtils.emit] 2026-09-08T07:19:54.573Z [32minfo[39m: Registered Route: POST /api/mail/contact-lists
[RouteUtils.emit] 2026-09-08T07:19:54.573Z [32minfo[39m: Registered Route: DELETE /api/mail/contact-lists/:id
[RouteUtils.emit] 2026-09-08T07:19:54.573Z [32minfo[39m: Registered Route: HEAD /api/mail/contact-lists/:id
[RouteUtils.emit] 2026-09-08T07:19:54.574Z [32minfo[39m: Registered Route: GET /api/mail/contact-lists
[RouteUtils.emit] 2026-09-08T07:19:54.574Z [32minfo[39m: Registered Route: GET /api/mail/contact-lists/:id
[RouteUtils.emit] 2026-09-08T07:19:54.574Z [32minfo[39m: Registered Route: DELETE /api/mail/contact-lists
[RouteUtils.emit] 2026-09-08T07:19:54.575Z [32minfo[39m: Registered Route: PUT /api/mail/contact-lists/:id
[RouteUtils.emit] 2026-09-08T07:19:54.575Z [32minfo[39m: Registered Route: PUT /api/mail/contact-lists
[RouteUtils.emit] 2026-09-08T07:19:54.578Z [32minfo[39m: Registered Route: PUT /api/mail/contact-lists/:id/:property

[RouteUtils.emit] 2026-09-08T07:19:54.579Z [32minfo[39m: Registered Route: HEAD /api/mail/calendar-events
[RouteUtils.emit] 2026-09-08T07:19:54.579Z [32minfo[39m: Registered Route: POST /api/mail/calendar-events
[RouteUtils.emit] 2026-09-08T07:19:54.579Z [32minfo[39m: Registered Route: DELETE /api/mail/calendar-events/:id
[RouteUtils.emit] 2026-09-08T07:19:54.580Z [32minfo[39m: Registered Route: HEAD /api/mail/calendar-events/:id
[RouteUtils.emit] 2026-09-08T07:19:54.580Z [32minfo[39m: Registered Route: GET /api/mail/calendar-events
[RouteUtils.emit] 2026-09-08T07:19:54.581Z [32minfo[39m: Registered Route: GET /api/mail/calendar-events/:id
[RouteUtils.emit] 2026-09-08T07:19:54.581Z [32minfo[39m: Registered Route: DELETE /api/mail/calendar-events
[RouteUtils.emit] 2026-09-08T07:19:54.581Z [32minfo[39m: Registered Route: PUT /api/mail/calendar-events/:id
[RouteUtils.emit] 2026-09-08T07:19:54.582Z [32minfo[39m: Registered Route: PUT /api/mail/calendar-events
[RouteUtils.emit] 2026-09-08T07:19:54.582Z [32minfo[39m: Registered Route: PUT /api/mail/calendar-events/:id/:property

[RouteUtils.emit] 2026-09-08T07:19:54.582Z [32minfo[39m: Registered Route: HEAD /api/mail/contacts
[RouteUtils.emit] 2026-09-08T07:19:54.583Z [32minfo[39m: Registered Route: POST /api/mail/contacts
[RouteUtils.emit] 2026-09-08T07:19:54.583Z [32minfo[39m: Registered Route: DELETE /api/mail/contacts/:id
[RouteUtils.emit] 2026-09-08T07:19:54.583Z [32minfo[39m: Registered Route: HEAD /api/mail/contacts/:id
[RouteUtils.emit] 2026-09-08T07:19:54.584Z [32minfo[39m: Registered Route: GET /api/mail/contacts
[RouteUtils.emit] 2026-09-08T07:19:54.584Z [32minfo[39m: Registered Route: GET /api/mail/contacts/:id
[RouteUtils.emit] 2026-09-08T07:19:54.584Z [32minfo[39m: Registered Route: DELETE /api/mail/contacts
[RouteUtils.emit] 2026-09-08T07:19:54.585Z [32minfo[39m: Registered Route: PUT /api/mail/contacts/:id
[RouteUtils.emit] 2026-09-08T07:19:54.585Z [32minfo[39m: Registered Route: PUT /api/mail/contacts
[RouteUtils.emit] 2026-09-08T07:19:54.585Z [32minfo[39m: Registered Route: PUT /api/mail/contacts/:id/:property

[RouteUtils.emit] 2026-09-08T07:19:54.586Z [32minfo[39m: Registered Route: POST /api/mail/calendar-share-links
[RouteUtils.emit] 2026-09-08T07:19:54.586Z [32minfo[39m: Registered Route: PUT /api/mail/calendar-share-links/:id
[RouteUtils.emit] 2026-09-08T07:19:54.587Z [32minfo[39m: Registered Route: DELETE /api/mail/calendar-share-links/:id
[RouteUtils.emit] 2026-09-08T07:19:54.587Z [32minfo[39m: Registered Route: HEAD /api/mail/calendar-share-links
[RouteUtils.emit] 2026-09-08T07:19:54.587Z [32minfo[39m: Registered Route: HEAD /api/mail/calendar-share-links/:id
[RouteUtils.emit] 2026-09-08T07:19:54.588Z [32minfo[39m: Registered Route: GET /api/mail/calendar-share-links
[RouteUtils.emit] 2026-09-08T07:19:54.588Z [32minfo[39m: Registered Route: GET /api/mail/calendar-share-links/:id
[RouteUtils.emit] 2026-09-08T07:19:54.588Z [32minfo[39m: Registered Route: DELETE /api/mail/calendar-share-links
[RouteUtils.emit] 2026-09-08T07:19:54.589Z [32minfo[39m: Registered Route: PUT /api/mail/calendar-share-links
[RouteUtils.emit] 2026-09-08T07:19:54.589Z [32minfo[39m: Registered Route: PUT /api/mail/calendar-share-links/:id/:property

[RouteUtils.emit] 2026-09-08T07:19:54.590Z [32minfo[39m: Registered Route: HEAD /api/mail/ingest-queue
[RouteUtils.emit] 2026-09-08T07:19:54.590Z [32minfo[39m: Registered Route: POST /api/mail/ingest-queue
[RouteUtils.emit] 2026-09-08T07:19:54.590Z [32minfo[39m: Registered Route: DELETE /api/mail/ingest-queue/:id
[RouteUtils.emit] 2026-09-08T07:19:54.591Z [32minfo[39m: Registered Route: HEAD /api/mail/ingest-queue/:id
[RouteUtils.emit] 2026-09-08T07:19:54.591Z [32minfo[39m: Registered Route: GET /api/mail/ingest-queue
[RouteUtils.emit] 2026-09-08T07:19:54.591Z [32minfo[39m: Registered Route: GET /api/mail/ingest-queue/:id
[RouteUtils.emit] 2026-09-08T07:19:54.592Z [32minfo[39m: Registered Route: DELETE /api/mail/ingest-queue
[RouteUtils.emit] 2026-09-08T07:19:54.592Z [32minfo[39m: Registered Route: PUT /api/mail/ingest-queue/:id
[RouteUtils.emit] 2026-09-08T07:19:54.592Z [32minfo[39m: Registered Route: PUT /api/mail/ingest-queue
[RouteUtils.emit] 2026-09-08T07:19:54.593Z [32minfo[39m: Registered Route: PUT /api/mail/ingest-queue/:id/:property

[RouteUtils.emit] 2026-09-08T07:19:54.593Z [32minfo[39m: Registered Route: HEAD /api/mail/quarantine
[RouteUtils.emit] 2026-09-08T07:19:54.594Z [32minfo[39m: Registered Route: POST /api/mail/quarantine
[RouteUtils.emit] 2026-09-08T07:19:54.594Z [32minfo[39m: Registered Route: DELETE /api/mail/quarantine/:id
[RouteUtils.emit] 2026-09-08T07:19:54.594Z [32minfo[39m: Registered Route: HEAD /api/mail/quarantine/:id
[RouteUtils.emit] 2026-09-08T07:19:54.595Z [32minfo[39m: Registered Route: GET /api/mail/quarantine
[RouteUtils.emit] 2026-09-08T07:19:54.595Z [32minfo[39m: Registered Route: GET /api/mail/quarantine/:id
[RouteUtils.emit] 2026-09-08T07:19:54.595Z [32minfo[39m: Registered Route: DELETE /api/mail/quarantine
[RouteUtils.emit] 2026-09-08T07:19:54.596Z [32minfo[39m: Registered Route: PUT /api/mail/quarantine/:id
[RouteUtils.emit] 2026-09-08T07:19:54.596Z [32minfo[39m: Registered Route: PUT /api/mail/quarantine
[RouteUtils.emit] 2026-09-08T07:19:54.596Z [32minfo[39m: Registered Route: PUT /api/mail/quarantine/:id/:property

[RouteUtils.emit] 2026-09-08T07:19:54.597Z [32minfo[39m: Registered Route: POST /api/mail/attachments/upload
[RouteUtils.emit] 2026-09-08T07:19:54.597Z [32minfo[39m: Registered Route: GET /api/mail/attachments/:id/content
[RouteUtils.emit] 2026-09-08T07:19:54.598Z [32minfo[39m: Registered Route: HEAD /api/mail/attachments
[RouteUtils.emit] 2026-09-08T07:19:54.598Z [32minfo[39m: Registered Route: POST /api/mail/attachments
[RouteUtils.emit] 2026-09-08T07:19:54.598Z [32minfo[39m: Registered Route: DELETE /api/mail/attachments/:id
[RouteUtils.emit] 2026-09-08T07:19:54.599Z [32minfo[39m: Registered Route: HEAD /api/mail/attachments/:id
[RouteUtils.emit] 2026-09-08T07:19:54.599Z [32minfo[39m: Registered Route: GET /api/mail/attachments
[RouteUtils.emit] 2026-09-08T07:19:54.599Z [32minfo[39m: Registered Route: GET /api/mail/attachments/:id
[RouteUtils.emit] 2026-09-08T07:19:54.600Z [32minfo[39m: Registered Route: DELETE /api/mail/attachments
[RouteUtils.emit] 2026-09-08T07:19:54.600Z [32minfo[39m: Registered Route: PUT /api/mail/attachments/:id
[RouteUtils.emit] 2026-09-08T07:19:54.600Z [32minfo[39m: Registered Route: PUT /api/mail/attachments
[RouteUtils.emit] 2026-09-08T07:19:54.601Z [32minfo[39m: Registered Route: PUT /api/mail/attachments/:id/:property

[RouteUtils.emit] 2026-09-08T07:19:54.601Z [32minfo[39m: Registered Route: HEAD /api/mail/folders
[RouteUtils.emit] 2026-09-08T07:19:54.602Z [32minfo[39m: Registered Route: POST /api/mail/folders
[RouteUtils.emit] 2026-09-08T07:19:54.602Z [32minfo[39m: Registered Route: GET /api/mail/folders
[RouteUtils.emit] 2026-09-08T07:19:54.602Z [32minfo[39m: Registered Route: HEAD /api/mail/folders/:id
[RouteUtils.emit] 2026-09-08T07:19:54.603Z [32minfo[39m: Registered Route: DELETE /api/mail/folders/:id
[RouteUtils.emit] 2026-09-08T07:19:54.603Z [32minfo[39m: Registered Route: GET /api/mail/folders/:id
[RouteUtils.emit] 2026-09-08T07:19:54.603Z [32minfo[39m: Registered Route: DELETE /api/mail/folders
[RouteUtils.emit] 2026-09-08T07:19:54.604Z [32minfo[39m: Registered Route: PUT /api/mail/folders/:id
[RouteUtils.emit] 2026-09-08T07:19:54.604Z [32minfo[39m: Registered Route: PUT /api/mail/folders
[RouteUtils.emit] 2026-09-08T07:19:54.605Z [32minfo[39m: Registered Route: PUT /api/mail/folders/:id/:property

[RouteUtils.emit] 2026-09-08T07:19:54.605Z [32minfo[39m: Registered Route: HEAD /api/mail/tasks
[RouteUtils.emit] 2026-09-08T07:19:54.605Z [32minfo[39m: Registered Route: POST /api/mail/tasks
[RouteUtils.emit] 2026-09-08T07:19:54.606Z [32minfo[39m: Registered Route: DELETE /api/mail/tasks/:id
[RouteUtils.emit] 2026-09-08T07:19:54.606Z [32minfo[39m: Registered Route: HEAD /api/mail/tasks/:id
[RouteUtils.emit] 2026-09-08T07:19:54.606Z [32minfo[39m: Registered Route: GET /api/mail/tasks
[RouteUtils.emit] 2026-09-08T07:19:54.607Z [32minfo[39m: Registered Route: GET /api/mail/tasks/:id
[RouteUtils.emit] 2026-09-08T07:19:54.607Z [32minfo[39m: Registered Route: DELETE /api/mail/tasks
[RouteUtils.emit] 2026-09-08T07:19:54.608Z [32minfo[39m: Registered Route: PUT /api/mail/tasks/:id
[RouteUtils.emit] 2026-09-08T07:19:54.608Z [32minfo[39m: Registered Route: PUT /api/mail/tasks
[RouteUtils.emit] 2026-09-08T07:19:54.608Z [32minfo[39m: Registered Route: PUT /api/mail/tasks/:id/:property

[RouteUtils.emit] 2026-09-08T07:19:54.609Z [32minfo[39m: Registered Route: GET /internal/mta/resolve
[RouteUtils.emit] 2026-09-08T07:19:54.609Z [32minfo[39m: Registered Route: POST /internal/mta/deliver

[RouteUtils.emit] 2026-09-08T07:19:54.610Z [32minfo[39m: Registered Route: GET /api/mail/search

[RouteUtils.emit] 2026-09-08T07:19:54.610Z [32minfo[39m: Registered Route: POST /api/mail/compose/:id/assemble

[DerivedLogger.emit] 2026-09-08T07:19:54.611Z [32minfo[39m: Listening on 0.0.0.0:3000...

[DerivedLogger.emit] 2026-09-08T07:19:55.622Z [32minfo[39m: Stopping background services...
[BackgroundServiceManager.emit] 2026-09-08T07:19:55.623Z [32minfo[39m: Stopping background service AttachmentExtractionJobMongo...

[BackgroundServiceManager.emit] 2026-09-08T07:19:55.624Z [32minfo[39m: Stopping background service CalendarReminderJobMongo...

[BackgroundServiceManager.emit] 2026-09-08T07:19:55.624Z [32minfo[39m: Stopping background service EasDeviceStateCleanupJobMongo...

[BackgroundServiceManager.emit] 2026-09-08T07:19:55.625Z [32minfo[39m: Stopping background service ExternalShareExpirationJobMongo...

[BackgroundServiceManager.emit] 2026-09-08T07:19:55.625Z [32minfo[39m: Stopping background service MailboxQuotaRecalcJobMongo...

[BackgroundServiceManager.emit] 2026-09-08T07:19:55.625Z [32minfo[39m: Stopping background service MeetingSchedulingJobMongo...

[BackgroundServiceManager.emit] 2026-09-08T07:19:55.626Z [32minfo[39m: Stopping background service QuarantineRetentionJobMongo...

[BackgroundServiceManager.emit] 2026-09-08T07:19:55.626Z [32minfo[39m: Stopping background service ScanQueueJobMongo...

[...]
        </testcase>
        <testcase classname="test/apps/_lib/useIsMobile.test.tsx" name="useIsMobile &gt; re-queries when the breakpoint prop itself changes" time="0.0012089">
        </testcase>
    </testsuite>
    <testsuite name="test/apps/_lib/vcard.test.ts" timestamp="2026-09-08T07:22:11.571Z" hostname="Jane" tests="13" failures="0" errors="0" skipped="0" time="0.0053098">
        <testcase classname="test/apps/_lib/vcard.test.ts" name="contactToVCard &gt; builds a full vCard for a contact with every field populated." time="0.0013401">
        </testcase>
        <testcase classname="test/apps/_lib/vcard.test.ts" name="contactToVCard &gt; omits optional fields entirely when absent, rather than emitting empty lines." time="0.000266">
        </testcase>
        <testcase classname="test/apps/_lib/vcard.test.ts" name="contactToVCard &gt; still produces N:;;;; when givenName/surname are both absent." time="0.0000934">
        </testcase>
        <testcase classname="test/apps/_lib/vcard.test.ts" name="contactToVCard &gt; falls back to empty segments for an address missing every optional field." time="0.0000929">
        </testcase>
        <testcase classname="test/apps/_lib/vcard.test.ts" name="contactsToVCardFile &gt; joins multiple contacts&apos; vCards into one file." time="0.0006235">
        </testcase>
        <testcase classname="test/apps/_lib/vcard.test.ts" name="parseVCards &gt; round-trips a full vCard back into contact fields." time="0.0009505">
        </testcase>
        <testcase classname="test/apps/_lib/vcard.test.ts" name="parseVCards &gt; parses multiple vCards from one file." time="0.0001912">
        </testcase>
        <testcase classname="test/apps/_lib/vcard.test.ts" name="parseVCards &gt; defaults an email/phone/address&apos;s TYPE to &apos;other&apos; when the parameter is absent." time="0.0001277">
        </testcase>
        <testcase classname="test/apps/_lib/vcard.test.ts" name="parseVCards &gt; derives displayName from given/surname when FN is absent." time="0.0000974">
        </testcase>
        <testcase classname="test/apps/_lib/vcard.test.ts" name="parseVCards &gt; falls back to &apos;Unnamed contact&apos; when neither FN nor N is present." time="0.0000772">
        </testcase>
        <testcase classname="test/apps/_lib/vcard.test.ts" name="parseVCards &gt; ignores fields it doesn&apos;t model (e.g. PHOTO) and lines with no colon." time="0.000076">
        </testcase>
        <testcase classname="test/apps/_lib/vcard.test.ts" name="parseVCards &gt; handles an N value with only a surname (no given name)." time="0.0000989">
        </testcase>
        <testcase classname="test/apps/_lib/vcard.test.ts" name="parseVCards &gt; handles an N value with only a given name (no surname)." time="0.0000839">
        </testcase>
    </testsuite>
    <testsuite name="test/apps/admin/ingest-queue/index.ssr.test.tsx" timestamp="2026-09-08T07:22:11.572Z" hostname="Jane" tests="2" failures="0" errors="0" skipped="0" time="0.0073221">
        <testcase classname="test/apps/admin/ingest-queue/index.ssr.test.tsx" name="IngestQueuePage SSR guard (no window) &gt; renders without throwing when there is no window global" time="0.006107">
        </testcase>
        <testcase classname="test/apps/admin/ingest-queue/index.ssr.test.tsx" name="IngestQueuePage SSR guard (no window) &gt; readMailboxUid() returns null when there is no window global" time="0.0001862">
        </testcase>
    </testsuite>
    <testsuite name="test/apps/admin/ingest-queue/index.test.tsx" timestamp="2026-09-08T07:22:11.572Z" hostname="Jane" tests="6" failures="0" errors="0" skipped="0" time="0.2041281">
        <testcase classname="test/apps/admin/ingest-queue/index.test.tsx" name="IngestQueuePage &gt; shows an alert when no mailboxUid is given" time="0.0459454">
        </testcase>
        <testcase classname="test/apps/admin/ingest-queue/index.test.tsx" name="IngestQueuePage &gt; shows an empty-state message when there is nothing queued" time="0.017047">
        </testcase>
        <testcase classname="test/apps/admin/ingest-queue/index.test.tsx" name="IngestQueuePage &gt; lists entries with their status and error message" time="0.0364119">
        </testcase>
        <testcase classname="test/apps/admin/ingest-queue/index.test.tsx" name="IngestQueuePage &gt; shows an error message when loading fails" time="0.0097455">
        </testcase>
        <testcase classname="test/apps/admin/ingest-queue/index.test.tsx" name="IngestQueuePage &gt; shows a generic error message when loading fails with a non-API error" time="0.0155807">
        </testcase>
        <testcase classname="test/apps/admin/ingest-queue/index.test.tsx" name="IngestQueuePage &gt; links back to the mailbox&apos;s detail page" time="0.0775492">
        </testcase>
    </testsuite>
    <testsuite name="test/apps/admin/quarantine/index.ssr.test.tsx" timestamp="2026-09-08T07:22:11.573Z" hostname="Jane" tests="2" failures="0" errors="0" skipped="0" time="0.0071811">
        <testcase classname="test/apps/admin/quarantine/index.ssr.test.tsx" name="QuarantinePage SSR guard (no window) &gt; renders without throwing when there is no window global" time="0.005961">
        </testcase>
        <testcase classname="test/apps/admin/quarantine/index.ssr.test.tsx" name="QuarantinePage SSR guard (no window) &gt; readMailboxUid() returns null when there is no window global" time="0.0001578">
        </testcase>
    </testsuite>
    <testsuite name="test/apps/admin/quarantine/index.test.tsx" timestamp="2026-09-08T07:22:11.573Z" hostname="Jane" tests="8" failures="0" errors="0" skipped="0" time="0.4116791">
        <testcase classname="test/apps/admin/quarantine/index.test.tsx" name="QuarantinePage &gt; shows an alert when no mailboxUid is given" time="0.0438896">
        </testcase>
        <testcase classname="test/apps/admin/quarantine/index.test.tsx" name="QuarantinePage &gt; shows an empty-state message when nothing is quarantined" time="0.0144113">
        </testcase>
        <testcase classname="test/apps/admin/quarantine/index.test.tsx" name="QuarantinePage &gt; lists held entries and releases one" time="0.1444386">
        </testcase>
        <testcase classname="test/apps/admin/quarantine/index.test.tsx" name="QuarantinePage &gt; shows an error message when loading fails" time="0.010213">
        </testcase>
        <testcase classname="test/apps/admin/quarantine/index.test.tsx" name="QuarantinePage &gt; shows a generic error message when loading fails with a non-API error" time="0.0082822">
        </testcase>
        <testcase classname="test/apps/admin/quarantine/index.test.tsx" name="QuarantinePage &gt; shows an error message when releasing fails" time="0.0852915">
        </testcase>
        <testcase classname="test/apps/admin/quarantine/index.test.tsx" name="QuarantinePage &gt; shows a generic error message when releasing fails with a non-API error" time="0.0778897">
        </testcase>
        <testcase classname="test/apps/admin/quarantine/index.test.tsx" name="QuarantinePage &gt; links back to the mailbox&apos;s detail page" time="0.0254318">
        </testcase>
    </testsuite>
    <testsuite name="test/apps/admin/_components/AdminShell.test.tsx" timestamp="2026-09-08T07:22:11.574Z" hostname="Jane" tests="6" failures="0" errors="0" skipped="0" time="0.407419">
        <testcase classname="test/apps/admin/_components/AdminShell.test.tsx" name="AdminShell &gt; redirects to auth-server&apos;s sign-in page, carrying return_to, when there is no userUid" time="0.0225033">
        </testcase>
        <testcase classname="test/apps/admin/_components/AdminShell.test.tsx" name="AdminShell &gt; shows an access-denied message when the /admin canary returns 403" time="0.0242472">
        </testcase>
        <testcase classname="test/apps/admin/_components/AdminShell.test.tsx" name="AdminShell &gt; shows an error message when the authorization check fails for a reason other than 401/403" time="0.0151103">
        </testcase>
        <testcase classname="test/apps/admin/_components/AdminShell.test.tsx" name="AdminShell &gt; shows a generic error message when the authorization check fails with a non-API error" time="0.0158942">
        </testcase>
        <testcase classname="test/apps/admin/_components/AdminShell.test.tsx" name="AdminShell &gt; renders the nav chrome and children once authorized, and signs out to auth-server" time="0.1877974">
        </testcase>
        <testcase classname="test/apps/admin/_components/AdminShell.test.tsx" name="AdminShell &gt; signs out to &apos;/&apos; when authServerUrl is not configured" time="0.1398309">
        </testcase>
    </testsuite>
    <testsuite name="test/apps/admin/_components/MailboxTable.test.tsx" timestamp="2026-09-08T07:22:11.575Z" hostname="Jane" tests="4" failures="0" errors="0" skipped="0" time="0.097142">
        <testcase classname="test/apps/admin/_components/MailboxTable.test.tsx" name="MailboxTable &gt; shows an empty-state message when there are no mailboxes" time="0.0180792">
        </testcase>
        <testcase classname="test/apps/admin/_components/MailboxTable.test.tsx" name="MailboxTable &gt; renders a row per mailbox with a link to its detail page" time="0.0715922">
        </testcase>
        <testcase classname="test/apps/admin/_components/MailboxTable.test.tsx" name="MailboxTable &gt; shows a &apos;Shared&apos; badge instead of an owner uid for an ownerless mailbox" time="0.0034549">
        </testcase>
        <testcase classname="test/apps/admin/_components/MailboxTable.test.tsx" name="MailboxTable &gt; formats a sub-KB and sub-MB quota correctly" time="0.0020332">
        </testcase>
    </testsuite>
    <testsuite name="test/apps/admin/_components/ShareAccessCard.test.tsx" timestamp="2026-09-08T07:22:11.575Z" hostname="Jane" tests="11" failures="0" errors="0" skipped="0" time="1.3178338">
        <testcase classname="test/apps/admin/_components/ShareAccessCard.test.tsx" name="ShareAccessCard &gt; shows an empty-state message when the mailbox&apos;s ACL has no records" time="0.039068">
        </testcase>
        <testcase classname="test/apps/admin/_components/ShareAccessCard.test.tsx" name="ShareAccessCard &gt; lists existing grants with their actions" time="0.0175776">
        </testcase>
        <testcase classname="test/apps/admin/_components/ShareAccessCard.test.tsx" name="ShareAccessCard &gt; shows an error message when loading the ACL fails" time="0.0124195">
        </testcase>
        <testcase classname="test/apps/admin/_components/ShareAccessCard.test.tsx" name="ShareAccessCard &gt; shows a generic error message when loading the ACL fails with a non-API error" time="0.0151383">
        </testcase>
        <testcase classname="test/apps/admin/_components/ShareAccessCard.test.tsx" name="ShareAccessCard &gt; grants access to a new delegate and reloads the list" time="0.3281099">
        </testcase>
        <testcase classname="test/apps/admin/_components/ShareAccessCard.test.tsx" name="ShareAccessCard &gt; does not submit the grant form when the input is blank" time="0.0768887">
        </testcase>
        <testcase classname="test/apps/admin/_components/ShareAccessCard.test.tsx" name="ShareAccessCard &gt; shows an error when granting access fails" time="0.3111153">
        </testcase>
        <testcase classname="test/apps/admin/_components/ShareAccessCard.test.tsx" name="ShareAccessCard &gt; shows a generic error message when granting access fails with a non-API error" time="0.2980499">
        </testcase>
        <testcase classname="test/apps/admin/_components/ShareAccessCard.test.tsx" name="ShareAccessCard &gt; revokes an existing delegate&apos;s access and reloads the list" time="0.0610967">
        </testcase>
        <testcase classname="test/apps/admin/_components/ShareAccessCard.test.tsx" name="ShareAccessCard &gt; shows an error when revoking access fails" time="0.0784066">
        </testcase>
        <testcase classname="test/apps/admin/_components/ShareAccessCard.test.tsx" name="ShareAccessCard &gt; shows a generic error message when revoking access fails with a non-API error" time="0.0778239">
        </testcase>
    </testsuite>
    <testsuite name="test/apps/messages/detail/index.ssr.test.tsx" timestamp="2026-09-08T07:22:11.576Z" hostname="Jane" tests="2" failures="0" errors="0" skipped="0" time="0.0114343">
        <testcase classname="test/apps/messages/detail/index.ssr.test.tsx" name="MessageDetailPage SSR guard (no window) &gt; renders without throwing when there is no window global" time="0.0101173">
        </testcase>
        <testcase classname="test/apps/messages/detail/index.ssr.test.tsx" name="MessageDetailPage SSR guard (no window) &gt; readTargetUid() returns null when there is no window global" time="0.0001707">
        </testcase>
    </testsuite>
    <testsuite name="test/apps/messages/detail/index.test.tsx" timestamp="2026-09-08T07:22:11.577Z" hostname="Jane" tests="7" failures="0" errors="0" skipped="0" time="0.4116209">
        <testcase classname="test/apps/messages/detail/index.test.tsx" name="MessageDetailPage &gt; shows an alert when no uid is given" time="0.0514491">
        </testcase>
        <testcase classname="test/apps/messages/detail/index.test.tsx" name="MessageDetailPage &gt; shows a loading state before the message resolves" time="0.1715966">
        </testcase>
        <testcase classname="test/apps/messages/detail/index.test.tsx" name="MessageDetailPage &gt; renders the message with a back link to its mailbox/folder" time="0.0546413">
        </testcase>
        <testcase classname="test/apps/messages/detail/index.test.tsx" name="MessageDetailPage &gt; marks the message read once loaded" time="0.037778">
        </testcase>
        <testcase classname="test/apps/messages/detail/index.test.tsx" name="MessageDetailPage &gt; shows an error message when the message fails to load" time="0.0306641">
        </testcase>
        <testcase classname="test/apps/messages/detail/index.test.tsx" name="MessageDetailPage &gt; shows a generic error message when loading the message fails with a non-API error" time="0.0318438">
        </testcase>
        <testcase classname="test/apps/messages/detail/index.test.tsx" name="MessageDetailPage &gt; falls back to &apos;Message not found.&apos; when the load succeeds with no message and no error" time="0.0316373">
        </testcase>
    </testsuite>
    <testsuite name="test/apps/admin/mailboxes/detail/index.ssr.test.tsx" timestamp="2026-09-08T07:22:11.577Z" hostname="Jane" tests="2" failures="0" errors="0" skipped="0" time="0.0071175">
        <testcase classname="test/apps/admin/mailboxes/detail/index.ssr.test.tsx" name="MailboxDetailPage SSR guard (no window) &gt; renders without throwing when there is no window global" time="0.0058817">
        </testcase>
        <testcase classname="test/apps/admin/mailboxes/detail/index.ssr.test.tsx" name="MailboxDetailPage SSR guard (no window) &gt; readTargetUid() returns null when there is no window global" time="0.0001622">
        </testcase>
    </testsuite>
    <testsuite name="test/apps/admin/mailboxes/detail/index.test.tsx" timestamp="2026-09-08T07:22:11.578Z" hostname="Jane" tests="13" failures="0" errors="0" skipped="0" time="0.4943167">
        <testcase classname="test/apps/admin/mailboxes/detail/index.test.tsx" name="MailboxDetailPage &gt; shows an alert when no uid is given" time="0.0325814">
        </testcase>
        <testcase classname="test/apps/admin/mailboxes/detail/index.test.tsx" name="MailboxDetailPage &gt; renders mailbox details, links to quarantine/ingest-queue, and the share panel once loaded" time="0.1042109">
        </testcase>
        <testcase classname="test/apps/admin/mailboxes/detail/index.test.tsx" name="MailboxDetailPage &gt; formats sub-GB and sub-KB quota sizes correctly" time="0.0111293">
        </testcase>
        <testcase classname="test/apps/admin/mailboxes/detail/index.test.tsx" name="MailboxDetailPage &gt; formats a sub-MB, KB-range quota correctly" time="0.0089059">
        </testcase>
        <testcase classname="test/apps/admin/mailboxes/detail/index.test.tsx" name="MailboxDetailPage &gt; shows &apos;None (shared mailbox)&apos; for an ownerless mailbox" time="0.0096107">
        </testcase>
        <testcase classname="test/apps/admin/mailboxes/detail/index.test.tsx" name="MailboxDetailPage &gt; shows &apos;None&apos; when the mailbox has no alias addresses" time="0.0093421">
        </testcase>
        <testcase classname="test/apps/admin/mailboxes/detail/index.test.tsx" name="MailboxDetailPage &gt; shows an error message when the mailbox fails to load" time="0.0194011">
        </testcase>
        <testcase classname="test/apps/admin/mailboxes/detail/index.test.tsx" name="MailboxDetailPage &gt; shows a generic error message when loading the mailbox fails with a non-API error" time="0.0155942">
        </testcase>
        <testcase classname="test/apps/admin/mailboxes/detail/index.test.tsx" name="MailboxDetailPage &gt; falls back to &apos;Mailbox not found.&apos; when the load succeeds with no mailbox and no error" time="0.0153145">
        </testcase>
        <testcase classname="test/apps/admin/mailboxes/detail/index.test.tsx" name="MailboxDetailPage &gt; hides the &apos;Access this mailbox&apos; button for an ownerless mailbox" time="0.0187287">
        </testcase>
        <testcase classname="test/apps/admin/mailboxes/detail/index.test.tsx" name="MailboxDetailPage &gt; shows an error message when impersonation fails" time="0.0763637">
        </testcase>
        <testcase classname="test/apps/admin/mailboxes/detail/index.test.tsx" name="MailboxDetailPage &gt; shows a generic error message when impersonation fails with a non-API error" time="0.0923447">
        </testcase>
        <testcase classname="test/apps/admin/mailboxes/detail/index.test.tsx" name="MailboxDetailPage &gt; impersonates via this app&apos;s own local endpoint and redirects when impersonationBaseUrl isn&apos;t provided" time="0.078768">
        </testcase>
    </testsuite>
    <testsuite name="test/apps/admin/mailboxes/new/index.test.tsx" timestamp="2026-09-08T07:22:11.579Z" hostname="Jane" tests="8" failures="0" errors="0" skipped="0" time="3.9666873">
        <testcase classname="test/apps/admin/mailboxes/new/index.test.tsx" name="NewMailboxPage &gt; validates required fields before submitting" time="0.6082334">
        </testcase>
        <testcase classname="test/apps/admin/mailboxes/new/index.test.tsx" name="NewMailboxPage &gt; creates the mailbox (with custom timezone/quota) and redirects to its detail page" time="1.0693657">
        </testcase>
        <testcase classname="test/apps/admin/mailboxes/new/index.test.tsx" name="NewMailboxPage &gt; creates a mailbox with an explicit owner when one is provided" time="0.6102188">
        </testcase>
        <testcase classname="test/apps/admin/mailboxes/new/index.test.tsx" name="NewMailboxPage &gt; shows an error message when creation fails" time="0.5802954">
        </testcase>
        <testcase classname="test/apps/admin/mailboxes/new/index.test.tsx" name="NewMailboxPage &gt; shows a generic error message when creation fails with a non-API error" time="0.5944606">
        </testcase>
        <testcase classname="test/apps/admin/mailboxes/new/index.test.tsx" name="NewMailboxPage &gt; when this server has configured domains, shows a local-part + domain picker instead of a free-text address field" time="0.4676958">
        </testcase>
        <testcase classname="test/apps/admin/mailboxes/new/index.test.tsx" name="NewMailboxPage &gt; falls back to the free-text address field when the configured-domains lookup itself fails" time="0.0165416">
        </testcase>
        <testcase classname="test/apps/admin/mailboxes/new/index.test.tsx" name="NewMailboxPage &gt; the Cancel link returns to the mailboxes list" time="0.0175188">
        </testcase>
    </testsuite>
</testsuites>
